[35m[1mScanning dependencies of target wall_follower[0m
[ 33%] [32mBuilding CXX object CMakeFiles/wall_follower.dir/src/wall_follower.cpp.o[0m
[ 66%] [32m[1mLinking CXX executable wall_follower[0m
[100%] Built target wall_follower
-- Install configuration: ""
-- Installing: /home/jaime/Documents/GitHub/dev_jaime/myf1tenth_system/src/install/wall_follower/lib/wall_follower/wall_follower
-- Set runtime path of "/home/jaime/Documents/GitHub/dev_jaime/myf1tenth_system/src/install/wall_follower/lib/wall_follower/wall_follower" to ""
-- Installing: /home/jaime/Documents/GitHub/dev_jaime/myf1tenth_system/src/install/wall_follower/share/wall_follower/launch
-- Installing: /home/jaime/Documents/GitHub/dev_jaime/myf1tenth_system/src/install/wall_follower/share/wall_follower/launch/wall_follower.launch.py
-- Installing: /home/jaime/Documents/GitHub/dev_jaime/myf1tenth_system/src/install/wall_follower/share/wall_follower/config
-- Installing: /home/jaime/Documents/GitHub/dev_jaime/myf1tenth_system/src/install/wall_follower/share/wall_follower/config/params.yaml
-- Up-to-date: /home/jaime/Documents/GitHub/dev_jaime/myf1tenth_system/src/install/wall_follower/share/wall_follower/launch
-- Up-to-date: /home/jaime/Documents/GitHub/dev_jaime/myf1tenth_system/src/install/wall_follower/share/wall_follower/launch/wall_follower.launch.py
-- Installing: /home/jaime/Documents/GitHub/dev_jaime/myf1tenth_system/src/install/wall_follower/share/ament_index/resource_index/package_run_dependencies/wall_follower
-- Installing: /home/jaime/Documents/GitHub/dev_jaime/myf1tenth_system/src/install/wall_follower/share/ament_index/resource_index/parent_prefix_path/wall_follower
-- Installing: /home/jaime/Documents/GitHub/dev_jaime/myf1tenth_system/src/install/wall_follower/share/wall_follower/environment/ament_prefix_path.sh
-- Installing: /home/jaime/Documents/GitHub/dev_jaime/myf1tenth_system/src/install/wall_follower/share/wall_follower/environment/ament_prefix_path.dsv
-- Installing: /home/jaime/Documents/GitHub/dev_jaime/myf1tenth_system/src/install/wall_follower/share/wall_follower/environment/path.sh
-- Installing: /home/jaime/Documents/GitHub/dev_jaime/myf1tenth_system/src/install/wall_follower/share/wall_follower/environment/path.dsv
-- Installing: /home/jaime/Documents/GitHub/dev_jaime/myf1tenth_system/src/install/wall_follower/share/wall_follower/local_setup.bash
-- Installing: /home/jaime/Documents/GitHub/dev_jaime/myf1tenth_system/src/install/wall_follower/share/wall_follower/local_setup.sh
-- Installing: /home/jaime/Documents/GitHub/dev_jaime/myf1tenth_system/src/install/wall_follower/share/wall_follower/local_setup.zsh
-- Installing: /home/jaime/Documents/GitHub/dev_jaime/myf1tenth_system/src/install/wall_follower/share/wall_follower/local_setup.dsv
-- Installing: /home/jaime/Documents/GitHub/dev_jaime/myf1tenth_system/src/install/wall_follower/share/wall_follower/package.dsv
-- Installing: /home/jaime/Documents/GitHub/dev_jaime/myf1tenth_system/src/install/wall_follower/share/ament_index/resource_index/packages/wall_follower
-- Installing: /home/jaime/Documents/GitHub/dev_jaime/myf1tenth_system/src/install/wall_follower/share/wall_follower/cmake/wall_followerConfig.cmake
-- Installing: /home/jaime/Documents/GitHub/dev_jaime/myf1tenth_system/src/install/wall_follower/share/wall_follower/cmake/wall_followerConfig-version.cmake
-- Installing: /home/jaime/Documents/GitHub/dev_jaime/myf1tenth_system/src/install/wall_follower/share/wall_follower/package.xml
