/home/jaime/Documents/GitHub/dev_jaime/myf1tenth_system/src/install/f1tenth_stack/lib/python3.8/site-packages/f1tenth_stack/tf_publisher.py
/home/jaime/Documents/GitHub/dev_jaime/myf1tenth_system/src/install/f1tenth_stack/lib/python3.8/site-packages/f1tenth_stack/throttle_interpolator.py
/home/jaime/Documents/GitHub/dev_jaime/myf1tenth_system/src/install/f1tenth_stack/lib/python3.8/site-packages/f1tenth_stack/__init__.py
/home/jaime/Documents/GitHub/dev_jaime/myf1tenth_system/src/install/f1tenth_stack/lib/python3.8/site-packages/f1tenth_stack/__pycache__/tf_publisher.cpython-38.pyc
/home/jaime/Documents/GitHub/dev_jaime/myf1tenth_system/src/install/f1tenth_stack/lib/python3.8/site-packages/f1tenth_stack/__pycache__/throttle_interpolator.cpython-38.pyc
/home/jaime/Documents/GitHub/dev_jaime/myf1tenth_system/src/install/f1tenth_stack/lib/python3.8/site-packages/f1tenth_stack/__pycache__/__init__.cpython-38.pyc
/home/jaime/Documents/GitHub/dev_jaime/myf1tenth_system/src/install/f1tenth_stack/share/ament_index/resource_index/packages/f1tenth_stack
/home/jaime/Documents/GitHub/dev_jaime/myf1tenth_system/src/install/f1tenth_stack/share/f1tenth_stack/package.xml
/home/jaime/Documents/GitHub/dev_jaime/myf1tenth_system/src/install/f1tenth_stack/share/f1tenth_stack/launch/bringup_launch.py
/home/jaime/Documents/GitHub/dev_jaime/myf1tenth_system/src/install/f1tenth_stack/share/f1tenth_stack/config/sensors.yaml
/home/jaime/Documents/GitHub/dev_jaime/myf1tenth_system/src/install/f1tenth_stack/share/f1tenth_stack/config/vesc.yaml
/home/jaime/Documents/GitHub/dev_jaime/myf1tenth_system/src/install/f1tenth_stack/share/f1tenth_stack/config/manual_control.yaml
/home/jaime/Documents/GitHub/dev_jaime/myf1tenth_system/src/install/f1tenth_stack/lib/python3.8/site-packages/f1tenth_stack-0.0.1-py3.8.egg-info/PKG-INFO
/home/jaime/Documents/GitHub/dev_jaime/myf1tenth_system/src/install/f1tenth_stack/lib/python3.8/site-packages/f1tenth_stack-0.0.1-py3.8.egg-info/top_level.txt
/home/jaime/Documents/GitHub/dev_jaime/myf1tenth_system/src/install/f1tenth_stack/lib/python3.8/site-packages/f1tenth_stack-0.0.1-py3.8.egg-info/dependency_links.txt
/home/jaime/Documents/GitHub/dev_jaime/myf1tenth_system/src/install/f1tenth_stack/lib/python3.8/site-packages/f1tenth_stack-0.0.1-py3.8.egg-info/requires.txt
/home/jaime/Documents/GitHub/dev_jaime/myf1tenth_system/src/install/f1tenth_stack/lib/python3.8/site-packages/f1tenth_stack-0.0.1-py3.8.egg-info/zip-safe
/home/jaime/Documents/GitHub/dev_jaime/myf1tenth_system/src/install/f1tenth_stack/lib/python3.8/site-packages/f1tenth_stack-0.0.1-py3.8.egg-info/entry_points.txt
/home/jaime/Documents/GitHub/dev_jaime/myf1tenth_system/src/install/f1tenth_stack/lib/python3.8/site-packages/f1tenth_stack-0.0.1-py3.8.egg-info/SOURCES.txt
/home/jaime/Documents/GitHub/dev_jaime/myf1tenth_system/src/install/f1tenth_stack/lib/f1tenth_stack/tf_publisher
/home/jaime/Documents/GitHub/dev_jaime/myf1tenth_system/src/install/f1tenth_stack/lib/f1tenth_stack/throttle_interpolator
