[0.263s] Invoking command in '/home/jaime/Documents/GitHub/dev_jaime/myf1tenth_system/src/build/safety_pkg': CMAKE_PREFIX_PATH=${CMAKE_PREFIX_PATH}:/opt/ros/foxy /usr/bin/cmake --build /home/jaime/Documents/GitHub/dev_jaime/myf1tenth_system/src/build/safety_pkg -- -j8 -l8
[0.323s] [ 40%] Built target ttc_calculator
[0.369s] [100%] Built target safety_node
[0.407s] Invoked command in '/home/jaime/Documents/GitHub/dev_jaime/myf1tenth_system/src/build/safety_pkg' returned '0': CMAKE_PREFIX_PATH=${CMAKE_PREFIX_PATH}:/opt/ros/foxy /usr/bin/cmake --build /home/jaime/Documents/GitHub/dev_jaime/myf1tenth_system/src/build/safety_pkg -- -j8 -l8
[0.411s] Invoking command in '/home/jaime/Documents/GitHub/dev_jaime/myf1tenth_system/src/build/safety_pkg': CMAKE_PREFIX_PATH=${CMAKE_PREFIX_PATH}:/opt/ros/foxy /usr/bin/cmake --install /home/jaime/Documents/GitHub/dev_jaime/myf1tenth_system/src/build/safety_pkg
[0.422s] -- Install configuration: ""
[0.423s] -- Installing: /home/jaime/Documents/GitHub/dev_jaime/myf1tenth_system/src/install/safety_pkg/lib/safety_pkg/safety_node
[0.425s] -- Set runtime path of "/home/jaime/Documents/GitHub/dev_jaime/myf1tenth_system/src/install/safety_pkg/lib/safety_pkg/safety_node" to ""
[0.425s] -- Installing: /home/jaime/Documents/GitHub/dev_jaime/myf1tenth_system/src/install/safety_pkg/lib/libttc_calculator.a
[0.425s] -- Installing: /home/jaime/Documents/GitHub/dev_jaime/myf1tenth_system/src/install/safety_pkg/include/
[0.426s] -- Installing: /home/jaime/Documents/GitHub/dev_jaime/myf1tenth_system/src/install/safety_pkg/include//safety_pkg
[0.426s] -- Installing: /home/jaime/Documents/GitHub/dev_jaime/myf1tenth_system/src/install/safety_pkg/include//safety_pkg/safety_node.hpp
[0.426s] -- Installing: /home/jaime/Documents/GitHub/dev_jaime/myf1tenth_system/src/install/safety_pkg/include//safety_pkg/ttc_calculator.hpp
[0.426s] -- Installing: /home/jaime/Documents/GitHub/dev_jaime/myf1tenth_system/src/install/safety_pkg/share/safety_pkg/launch
[0.426s] -- Installing: /home/jaime/Documents/GitHub/dev_jaime/myf1tenth_system/src/install/safety_pkg/share/safety_pkg/launch/safety.launch.py
[0.427s] -- Installing: /home/jaime/Documents/GitHub/dev_jaime/myf1tenth_system/src/install/safety_pkg/share/safety_pkg/config
[0.427s] -- Installing: /home/jaime/Documents/GitHub/dev_jaime/myf1tenth_system/src/install/safety_pkg/share/safety_pkg/config/safety_params.yaml
[0.427s] -- Installing: /home/jaime/Documents/GitHub/dev_jaime/myf1tenth_system/src/install/safety_pkg/share/ament_index/resource_index/package_run_dependencies/safety_pkg
[0.427s] -- Installing: /home/jaime/Documents/GitHub/dev_jaime/myf1tenth_system/src/install/safety_pkg/share/ament_index/resource_index/parent_prefix_path/safety_pkg
[0.427s] -- Installing: /home/jaime/Documents/GitHub/dev_jaime/myf1tenth_system/src/install/safety_pkg/share/safety_pkg/environment/ament_prefix_path.sh
[0.427s] -- Installing: /home/jaime/Documents/GitHub/dev_jaime/myf1tenth_system/src/install/safety_pkg/share/safety_pkg/environment/ament_prefix_path.dsv
[0.428s] -- Installing: /home/jaime/Documents/GitHub/dev_jaime/myf1tenth_system/src/install/safety_pkg/share/safety_pkg/environment/path.sh
[0.428s] -- Installing: /home/jaime/Documents/GitHub/dev_jaime/myf1tenth_system/src/install/safety_pkg/share/safety_pkg/environment/path.dsv
[0.428s] -- Installing: /home/jaime/Documents/GitHub/dev_jaime/myf1tenth_system/src/install/safety_pkg/share/safety_pkg/local_setup.bash
[0.428s] -- Installing: /home/jaime/Documents/GitHub/dev_jaime/myf1tenth_system/src/install/safety_pkg/share/safety_pkg/local_setup.sh
[0.428s] -- Installing: /home/jaime/Documents/GitHub/dev_jaime/myf1tenth_system/src/install/safety_pkg/share/safety_pkg/local_setup.zsh
[0.429s] -- Installing: /home/jaime/Documents/GitHub/dev_jaime/myf1tenth_system/src/install/safety_pkg/share/safety_pkg/local_setup.dsv
[0.429s] -- Installing: /home/jaime/Documents/GitHub/dev_jaime/myf1tenth_system/src/install/safety_pkg/share/safety_pkg/package.dsv
[0.429s] -- Installing: /home/jaime/Documents/GitHub/dev_jaime/myf1tenth_system/src/install/safety_pkg/share/ament_index/resource_index/packages/safety_pkg
[0.429s] -- Installing: /home/jaime/Documents/GitHub/dev_jaime/myf1tenth_system/src/install/safety_pkg/share/safety_pkg/cmake/safety_pkgConfig.cmake
[0.430s] -- Installing: /home/jaime/Documents/GitHub/dev_jaime/myf1tenth_system/src/install/safety_pkg/share/safety_pkg/cmake/safety_pkgConfig-version.cmake
[0.430s] -- Installing: /home/jaime/Documents/GitHub/dev_jaime/myf1tenth_system/src/install/safety_pkg/share/safety_pkg/package.xml
[0.432s] Invoked command in '/home/jaime/Documents/GitHub/dev_jaime/myf1tenth_system/src/build/safety_pkg' returned '0': CMAKE_PREFIX_PATH=${CMAKE_PREFIX_PATH}:/opt/ros/foxy /usr/bin/cmake --install /home/jaime/Documents/GitHub/dev_jaime/myf1tenth_system/src/build/safety_pkg
