[0.217s] DEBUG:colcon:Command line arguments: ['/usr/bin/colcon', 'build']
[0.217s] DEBUG:colcon:Parsed command line arguments: Namespace(allow_overriding=[], ament_cmake_args=None, base_paths=['.'], build_base='build', catkin_cmake_args=None, catkin_skip_building_tests=False, cmake_args=None, cmake_clean_cache=False, cmake_clean_first=False, cmake_force_configure=False, cmake_target=None, cmake_target_skip_unavailable=False, continue_on_error=False, event_handlers=None, executor='parallel', ignore_user_meta=False, install_base='install', log_base=None, log_level=None, main=<bound method BuildVerb.main of <colcon_core.verb.build.BuildVerb object at 0x7f509bd715b0>>, merge_install=False, metas=['./colcon.meta'], mixin=None, mixin_files=None, mixin_verb=('build',), packages_above=None, packages_above_and_dependencies=None, packages_above_depth=None, packages_end=None, packages_ignore=None, packages_ignore_regex=None, packages_select=None, packages_select_build_failed=False, packages_select_by_dep=None, packages_select_regex=None, packages_select_test_failures=False, packages_skip=None, packages_skip_build_finished=False, packages_skip_by_dep=None, packages_skip_regex=None, packages_skip_test_passed=False, packages_skip_up_to=None, packages_start=None, packages_up_to=None, packages_up_to_regex=None, parallel_workers=8, paths=None, symlink_install=False, test_result_base=None, verb_extension=<colcon_core.verb.build.BuildVerb object at 0x7f509bd715b0>, verb_name='build', verb_parser=<colcon_mixin.mixin.mixin_argument.MixinArgumentDecorator object at 0x7f509bcc8640>)
[0.386s] Level 1:colcon.colcon_core.package_discovery:discover_packages(colcon_meta) check parameters
[0.386s] Level 1:colcon.colcon_core.package_discovery:discover_packages(recursive) check parameters
[0.386s] Level 1:colcon.colcon_core.package_discovery:discover_packages(ignore) check parameters
[0.386s] Level 1:colcon.colcon_core.package_discovery:discover_packages(path) check parameters
[0.386s] Level 1:colcon.colcon_core.package_discovery:discover_packages(colcon_meta) discover
[0.386s] Level 1:colcon.colcon_core.package_discovery:discover_packages(recursive) discover
[0.386s] INFO:colcon.colcon_core.package_discovery:Crawling recursively for packages in '/home/jaime/Documents/GitHub/dev_jaime/myf1tenth_system/src'
[0.387s] Level 1:colcon.colcon_core.package_identification:_identify(.) by extensions ['ignore', 'ignore_ament_install']
[0.387s] Level 1:colcon.colcon_core.package_identification:_identify(.) by extension 'ignore'
[0.387s] Level 1:colcon.colcon_core.package_identification:_identify(.) by extension 'ignore_ament_install'
[0.387s] Level 1:colcon.colcon_core.package_identification:_identify(.) by extensions ['colcon_pkg']
[0.387s] Level 1:colcon.colcon_core.package_identification:_identify(.) by extension 'colcon_pkg'
[0.387s] Level 1:colcon.colcon_core.package_identification:_identify(.) by extensions ['colcon_meta']
[0.387s] Level 1:colcon.colcon_core.package_identification:_identify(.) by extension 'colcon_meta'
[0.387s] Level 1:colcon.colcon_core.package_identification:_identify(.) by extensions ['ros']
[0.387s] Level 1:colcon.colcon_core.package_identification:_identify(.) by extension 'ros'
[0.401s] Level 1:colcon.colcon_core.package_identification:_identify(.) by extensions ['cmake', 'python']
[0.401s] Level 1:colcon.colcon_core.package_identification:_identify(.) by extension 'cmake'
[0.401s] Level 1:colcon.colcon_core.package_identification:_identify(.) by extension 'python'
[0.401s] Level 1:colcon.colcon_core.package_identification:_identify(.) by extensions ['python_setup_py']
[0.401s] Level 1:colcon.colcon_core.package_identification:_identify(.) by extension 'python_setup_py'
[0.401s] Level 1:colcon.colcon_core.package_identification:_identify(build) by extensions ['ignore', 'ignore_ament_install']
[0.401s] Level 1:colcon.colcon_core.package_identification:_identify(build) by extension 'ignore'
[0.401s] Level 1:colcon.colcon_core.package_identification:_identify(build) ignored
[0.401s] Level 1:colcon.colcon_core.package_identification:_identify(f1tenth_stack) by extensions ['ignore', 'ignore_ament_install']
[0.401s] Level 1:colcon.colcon_core.package_identification:_identify(f1tenth_stack) by extension 'ignore'
[0.401s] Level 1:colcon.colcon_core.package_identification:_identify(f1tenth_stack) by extension 'ignore_ament_install'
[0.402s] Level 1:colcon.colcon_core.package_identification:_identify(f1tenth_stack) by extensions ['colcon_pkg']
[0.402s] Level 1:colcon.colcon_core.package_identification:_identify(f1tenth_stack) by extension 'colcon_pkg'
[0.402s] Level 1:colcon.colcon_core.package_identification:_identify(f1tenth_stack) by extensions ['colcon_meta']
[0.402s] Level 1:colcon.colcon_core.package_identification:_identify(f1tenth_stack) by extension 'colcon_meta'
[0.402s] Level 1:colcon.colcon_core.package_identification:_identify(f1tenth_stack) by extensions ['ros']
[0.402s] Level 1:colcon.colcon_core.package_identification:_identify(f1tenth_stack) by extension 'ros'
[0.405s] DEBUG:colcon.colcon_core.package_identification:Package 'f1tenth_stack' with type 'ros.ament_python' and name 'f1tenth_stack'
[0.405s] Level 1:colcon.colcon_core.package_identification:_identify(install) by extensions ['ignore', 'ignore_ament_install']
[0.405s] Level 1:colcon.colcon_core.package_identification:_identify(install) by extension 'ignore'
[0.405s] Level 1:colcon.colcon_core.package_identification:_identify(install) ignored
[0.405s] Level 1:colcon.colcon_core.package_identification:_identify(log) by extensions ['ignore', 'ignore_ament_install']
[0.405s] Level 1:colcon.colcon_core.package_identification:_identify(log) by extension 'ignore'
[0.405s] Level 1:colcon.colcon_core.package_identification:_identify(log) ignored
[0.405s] Level 1:colcon.colcon_core.package_identification:_identify(manual_control) by extensions ['ignore', 'ignore_ament_install']
[0.405s] Level 1:colcon.colcon_core.package_identification:_identify(manual_control) by extension 'ignore'
[0.405s] Level 1:colcon.colcon_core.package_identification:_identify(manual_control) by extension 'ignore_ament_install'
[0.405s] Level 1:colcon.colcon_core.package_identification:_identify(manual_control) by extensions ['colcon_pkg']
[0.406s] Level 1:colcon.colcon_core.package_identification:_identify(manual_control) by extension 'colcon_pkg'
[0.406s] Level 1:colcon.colcon_core.package_identification:_identify(manual_control) by extensions ['colcon_meta']
[0.406s] Level 1:colcon.colcon_core.package_identification:_identify(manual_control) by extension 'colcon_meta'
[0.406s] Level 1:colcon.colcon_core.package_identification:_identify(manual_control) by extensions ['ros']
[0.406s] Level 1:colcon.colcon_core.package_identification:_identify(manual_control) by extension 'ros'
[0.407s] DEBUG:colcon.colcon_core.package_identification:Package 'manual_control' with type 'ros.ament_cmake' and name 'manual_control'
[0.407s] Level 1:colcon.colcon_core.package_identification:_identify(safety_pkg) by extensions ['ignore', 'ignore_ament_install']
[0.407s] Level 1:colcon.colcon_core.package_identification:_identify(safety_pkg) by extension 'ignore'
[0.407s] Level 1:colcon.colcon_core.package_identification:_identify(safety_pkg) by extension 'ignore_ament_install'
[0.407s] Level 1:colcon.colcon_core.package_identification:_identify(safety_pkg) by extensions ['colcon_pkg']
[0.407s] Level 1:colcon.colcon_core.package_identification:_identify(safety_pkg) by extension 'colcon_pkg'
[0.407s] Level 1:colcon.colcon_core.package_identification:_identify(safety_pkg) by extensions ['colcon_meta']
[0.407s] Level 1:colcon.colcon_core.package_identification:_identify(safety_pkg) by extension 'colcon_meta'
[0.407s] Level 1:colcon.colcon_core.package_identification:_identify(safety_pkg) by extensions ['ros']
[0.407s] Level 1:colcon.colcon_core.package_identification:_identify(safety_pkg) by extension 'ros'
[0.408s] DEBUG:colcon.colcon_core.package_identification:Package 'safety_pkg' with type 'ros.ament_cmake' and name 'safety_pkg'
[0.408s] Level 1:colcon.colcon_core.package_identification:_identify(wall_follower) by extensions ['ignore', 'ignore_ament_install']
[0.408s] Level 1:colcon.colcon_core.package_identification:_identify(wall_follower) by extension 'ignore'
[0.408s] Level 1:colcon.colcon_core.package_identification:_identify(wall_follower) by extension 'ignore_ament_install'
[0.408s] Level 1:colcon.colcon_core.package_identification:_identify(wall_follower) by extensions ['colcon_pkg']
[0.408s] Level 1:colcon.colcon_core.package_identification:_identify(wall_follower) by extension 'colcon_pkg'
[0.408s] Level 1:colcon.colcon_core.package_identification:_identify(wall_follower) by extensions ['colcon_meta']
[0.408s] Level 1:colcon.colcon_core.package_identification:_identify(wall_follower) by extension 'colcon_meta'
[0.408s] Level 1:colcon.colcon_core.package_identification:_identify(wall_follower) by extensions ['ros']
[0.409s] Level 1:colcon.colcon_core.package_identification:_identify(wall_follower) by extension 'ros'
[0.409s] DEBUG:colcon.colcon_core.package_identification:Package 'wall_follower' with type 'ros.ament_cmake' and name 'wall_follower'
[0.409s] Level 1:colcon.colcon_core.package_discovery:discover_packages(recursive) using defaults
[0.409s] Level 1:colcon.colcon_core.package_discovery:discover_packages(ignore) discover
[0.410s] Level 1:colcon.colcon_core.package_discovery:discover_packages(ignore) using defaults
[0.410s] Level 1:colcon.colcon_core.package_discovery:discover_packages(path) discover
[0.410s] Level 1:colcon.colcon_core.package_discovery:discover_packages(path) using defaults
[0.426s] Level 1:colcon.colcon_core.package_discovery:discover_packages(prefix_path) check parameters
[0.426s] Level 1:colcon.colcon_core.package_discovery:discover_packages(prefix_path) discover
[0.428s] DEBUG:colcon.colcon_installed_package_information.package_discovery:Found 1 installed packages in /home/jaime/Desktop/lab1_ws/install
[0.430s] DEBUG:colcon.colcon_installed_package_information.package_discovery:Found 294 installed packages in /opt/ros/foxy
[0.441s] Level 1:colcon.colcon_core.package_discovery:discover_packages(prefix_path) using defaults
[0.510s] Level 5:colcon.colcon_core.verb:set package 'f1tenth_stack' build argument 'cmake_args' from command line to 'None'
[0.510s] Level 5:colcon.colcon_core.verb:set package 'f1tenth_stack' build argument 'cmake_target' from command line to 'None'
[0.510s] Level 5:colcon.colcon_core.verb:set package 'f1tenth_stack' build argument 'cmake_target_skip_unavailable' from command line to 'False'
[0.510s] Level 5:colcon.colcon_core.verb:set package 'f1tenth_stack' build argument 'cmake_clean_cache' from command line to 'False'
[0.510s] Level 5:colcon.colcon_core.verb:set package 'f1tenth_stack' build argument 'cmake_clean_first' from command line to 'False'
[0.510s] Level 5:colcon.colcon_core.verb:set package 'f1tenth_stack' build argument 'cmake_force_configure' from command line to 'False'
[0.510s] Level 5:colcon.colcon_core.verb:set package 'f1tenth_stack' build argument 'ament_cmake_args' from command line to 'None'
[0.510s] Level 5:colcon.colcon_core.verb:set package 'f1tenth_stack' build argument 'catkin_cmake_args' from command line to 'None'
[0.510s] Level 5:colcon.colcon_core.verb:set package 'f1tenth_stack' build argument 'catkin_skip_building_tests' from command line to 'False'
[0.510s] DEBUG:colcon.colcon_core.verb:Building package 'f1tenth_stack' with the following arguments: {'ament_cmake_args': None, 'build_base': '/home/jaime/Documents/GitHub/dev_jaime/myf1tenth_system/src/build/f1tenth_stack', 'catkin_cmake_args': None, 'catkin_skip_building_tests': False, 'cmake_args': None, 'cmake_clean_cache': False, 'cmake_clean_first': False, 'cmake_force_configure': False, 'cmake_target': None, 'cmake_target_skip_unavailable': False, 'install_base': '/home/jaime/Documents/GitHub/dev_jaime/myf1tenth_system/src/install/f1tenth_stack', 'merge_install': False, 'path': '/home/jaime/Documents/GitHub/dev_jaime/myf1tenth_system/src/f1tenth_stack', 'symlink_install': False, 'test_result_base': None}
[0.511s] Level 5:colcon.colcon_core.verb:set package 'manual_control' build argument 'cmake_args' from command line to 'None'
[0.511s] Level 5:colcon.colcon_core.verb:set package 'manual_control' build argument 'cmake_target' from command line to 'None'
[0.511s] Level 5:colcon.colcon_core.verb:set package 'manual_control' build argument 'cmake_target_skip_unavailable' from command line to 'False'
[0.511s] Level 5:colcon.colcon_core.verb:set package 'manual_control' build argument 'cmake_clean_cache' from command line to 'False'
[0.511s] Level 5:colcon.colcon_core.verb:set package 'manual_control' build argument 'cmake_clean_first' from command line to 'False'
[0.511s] Level 5:colcon.colcon_core.verb:set package 'manual_control' build argument 'cmake_force_configure' from command line to 'False'
[0.511s] Level 5:colcon.colcon_core.verb:set package 'manual_control' build argument 'ament_cmake_args' from command line to 'None'
[0.511s] Level 5:colcon.colcon_core.verb:set package 'manual_control' build argument 'catkin_cmake_args' from command line to 'None'
[0.511s] Level 5:colcon.colcon_core.verb:set package 'manual_control' build argument 'catkin_skip_building_tests' from command line to 'False'
[0.511s] DEBUG:colcon.colcon_core.verb:Building package 'manual_control' with the following arguments: {'ament_cmake_args': None, 'build_base': '/home/jaime/Documents/GitHub/dev_jaime/myf1tenth_system/src/build/manual_control', 'catkin_cmake_args': None, 'catkin_skip_building_tests': False, 'cmake_args': None, 'cmake_clean_cache': False, 'cmake_clean_first': False, 'cmake_force_configure': False, 'cmake_target': None, 'cmake_target_skip_unavailable': False, 'install_base': '/home/jaime/Documents/GitHub/dev_jaime/myf1tenth_system/src/install/manual_control', 'merge_install': False, 'path': '/home/jaime/Documents/GitHub/dev_jaime/myf1tenth_system/src/manual_control', 'symlink_install': False, 'test_result_base': None}
[0.511s] Level 5:colcon.colcon_core.verb:set package 'safety_pkg' build argument 'cmake_args' from command line to 'None'
[0.511s] Level 5:colcon.colcon_core.verb:set package 'safety_pkg' build argument 'cmake_target' from command line to 'None'
[0.511s] Level 5:colcon.colcon_core.verb:set package 'safety_pkg' build argument 'cmake_target_skip_unavailable' from command line to 'False'
[0.511s] Level 5:colcon.colcon_core.verb:set package 'safety_pkg' build argument 'cmake_clean_cache' from command line to 'False'
[0.511s] Level 5:colcon.colcon_core.verb:set package 'safety_pkg' build argument 'cmake_clean_first' from command line to 'False'
[0.511s] Level 5:colcon.colcon_core.verb:set package 'safety_pkg' build argument 'cmake_force_configure' from command line to 'False'
[0.511s] Level 5:colcon.colcon_core.verb:set package 'safety_pkg' build argument 'ament_cmake_args' from command line to 'None'
[0.511s] Level 5:colcon.colcon_core.verb:set package 'safety_pkg' build argument 'catkin_cmake_args' from command line to 'None'
[0.512s] Level 5:colcon.colcon_core.verb:set package 'safety_pkg' build argument 'catkin_skip_building_tests' from command line to 'False'
[0.512s] DEBUG:colcon.colcon_core.verb:Building package 'safety_pkg' with the following arguments: {'ament_cmake_args': None, 'build_base': '/home/jaime/Documents/GitHub/dev_jaime/myf1tenth_system/src/build/safety_pkg', 'catkin_cmake_args': None, 'catkin_skip_building_tests': False, 'cmake_args': None, 'cmake_clean_cache': False, 'cmake_clean_first': False, 'cmake_force_configure': False, 'cmake_target': None, 'cmake_target_skip_unavailable': False, 'install_base': '/home/jaime/Documents/GitHub/dev_jaime/myf1tenth_system/src/install/safety_pkg', 'merge_install': False, 'path': '/home/jaime/Documents/GitHub/dev_jaime/myf1tenth_system/src/safety_pkg', 'symlink_install': False, 'test_result_base': None}
[0.512s] Level 5:colcon.colcon_core.verb:set package 'wall_follower' build argument 'cmake_args' from command line to 'None'
[0.512s] Level 5:colcon.colcon_core.verb:set package 'wall_follower' build argument 'cmake_target' from command line to 'None'
[0.512s] Level 5:colcon.colcon_core.verb:set package 'wall_follower' build argument 'cmake_target_skip_unavailable' from command line to 'False'
[0.512s] Level 5:colcon.colcon_core.verb:set package 'wall_follower' build argument 'cmake_clean_cache' from command line to 'False'
[0.512s] Level 5:colcon.colcon_core.verb:set package 'wall_follower' build argument 'cmake_clean_first' from command line to 'False'
[0.512s] Level 5:colcon.colcon_core.verb:set package 'wall_follower' build argument 'cmake_force_configure' from command line to 'False'
[0.512s] Level 5:colcon.colcon_core.verb:set package 'wall_follower' build argument 'ament_cmake_args' from command line to 'None'
[0.512s] Level 5:colcon.colcon_core.verb:set package 'wall_follower' build argument 'catkin_cmake_args' from command line to 'None'
[0.512s] Level 5:colcon.colcon_core.verb:set package 'wall_follower' build argument 'catkin_skip_building_tests' from command line to 'False'
[0.512s] DEBUG:colcon.colcon_core.verb:Building package 'wall_follower' with the following arguments: {'ament_cmake_args': None, 'build_base': '/home/jaime/Documents/GitHub/dev_jaime/myf1tenth_system/src/build/wall_follower', 'catkin_cmake_args': None, 'catkin_skip_building_tests': False, 'cmake_args': None, 'cmake_clean_cache': False, 'cmake_clean_first': False, 'cmake_force_configure': False, 'cmake_target': None, 'cmake_target_skip_unavailable': False, 'install_base': '/home/jaime/Documents/GitHub/dev_jaime/myf1tenth_system/src/install/wall_follower', 'merge_install': False, 'path': '/home/jaime/Documents/GitHub/dev_jaime/myf1tenth_system/src/wall_follower', 'symlink_install': False, 'test_result_base': None}
[0.512s] INFO:colcon.colcon_core.executor:Executing jobs using 'parallel' executor
[0.513s] DEBUG:colcon.colcon_parallel_executor.executor.parallel:run_until_complete
[0.514s] INFO:colcon.colcon_ros.task.ament_python.build:Building ROS package in '/home/jaime/Documents/GitHub/dev_jaime/myf1tenth_system/src/f1tenth_stack' with build type 'ament_python'
[0.514s] Level 1:colcon.colcon_core.shell:create_environment_hook('f1tenth_stack', 'ament_prefix_path')
[0.516s] INFO:colcon.colcon_core.plugin_system:Skipping extension 'colcon_core.shell.bat': Not used on non-Windows systems
[0.516s] INFO:colcon.colcon_core.shell:Creating environment hook '/home/jaime/Documents/GitHub/dev_jaime/myf1tenth_system/src/install/f1tenth_stack/share/f1tenth_stack/hook/ament_prefix_path.ps1'
[0.516s] INFO:colcon.colcon_core.shell:Creating environment descriptor '/home/jaime/Documents/GitHub/dev_jaime/myf1tenth_system/src/install/f1tenth_stack/share/f1tenth_stack/hook/ament_prefix_path.dsv'
[0.517s] INFO:colcon.colcon_core.shell:Creating environment hook '/home/jaime/Documents/GitHub/dev_jaime/myf1tenth_system/src/install/f1tenth_stack/share/f1tenth_stack/hook/ament_prefix_path.sh'
[0.518s] INFO:colcon.colcon_core.shell:Skip shell extension 'powershell' for command environment: Not usable outside of PowerShell
[0.518s] DEBUG:colcon.colcon_core.shell:Skip shell extension 'dsv' for command environment
[0.522s] INFO:colcon.colcon_ros.task.ament_cmake.build:Building ROS package in '/home/jaime/Documents/GitHub/dev_jaime/myf1tenth_system/src/manual_control' with build type 'ament_cmake'
[0.523s] INFO:colcon.colcon_cmake.task.cmake.build:Building CMake package in '/home/jaime/Documents/GitHub/dev_jaime/myf1tenth_system/src/manual_control'
[0.523s] INFO:colcon.colcon_core.shell:Skip shell extension 'powershell' for command environment: Not usable outside of PowerShell
[0.523s] DEBUG:colcon.colcon_core.shell:Skip shell extension 'dsv' for command environment
[0.530s] INFO:colcon.colcon_ros.task.ament_cmake.build:Building ROS package in '/home/jaime/Documents/GitHub/dev_jaime/myf1tenth_system/src/safety_pkg' with build type 'ament_cmake'
[0.531s] INFO:colcon.colcon_cmake.task.cmake.build:Building CMake package in '/home/jaime/Documents/GitHub/dev_jaime/myf1tenth_system/src/safety_pkg'
[0.531s] INFO:colcon.colcon_core.shell:Skip shell extension 'powershell' for command environment: Not usable outside of PowerShell
[0.531s] DEBUG:colcon.colcon_core.shell:Skip shell extension 'dsv' for command environment
[0.536s] INFO:colcon.colcon_ros.task.ament_cmake.build:Building ROS package in '/home/jaime/Documents/GitHub/dev_jaime/myf1tenth_system/src/wall_follower' with build type 'ament_cmake'
[0.536s] INFO:colcon.colcon_cmake.task.cmake.build:Building CMake package in '/home/jaime/Documents/GitHub/dev_jaime/myf1tenth_system/src/wall_follower'
[0.536s] INFO:colcon.colcon_core.shell:Skip shell extension 'powershell' for command environment: Not usable outside of PowerShell
[0.536s] DEBUG:colcon.colcon_core.shell:Skip shell extension 'dsv' for command environment
[0.773s] INFO:colcon.colcon_core.task.python.build:Building Python package in '/home/jaime/Documents/GitHub/dev_jaime/myf1tenth_system/src/f1tenth_stack'
[0.773s] INFO:colcon.colcon_core.shell:Skip shell extension 'powershell' for command environment: Not usable outside of PowerShell
[0.773s] DEBUG:colcon.colcon_core.shell:Skip shell extension 'dsv' for command environment
[0.782s] DEBUG:colcon.colcon_core.event_handler.log_command:Invoking command in '/home/jaime/Documents/GitHub/dev_jaime/myf1tenth_system/src/build/manual_control': CMAKE_PREFIX_PATH=${CMAKE_PREFIX_PATH}:/opt/ros/foxy /usr/bin/cmake --build /home/jaime/Documents/GitHub/dev_jaime/myf1tenth_system/src/build/manual_control -- -j8 -l8
[0.789s] DEBUG:colcon.colcon_core.event_handler.log_command:Invoking command in '/home/jaime/Documents/GitHub/dev_jaime/myf1tenth_system/src/build/safety_pkg': CMAKE_PREFIX_PATH=${CMAKE_PREFIX_PATH}:/opt/ros/foxy /usr/bin/cmake --build /home/jaime/Documents/GitHub/dev_jaime/myf1tenth_system/src/build/safety_pkg -- -j8 -l8
[0.797s] DEBUG:colcon.colcon_core.event_handler.log_command:Invoking command in '/home/jaime/Documents/GitHub/dev_jaime/myf1tenth_system/src/build/wall_follower': CMAKE_PREFIX_PATH=${CMAKE_PREFIX_PATH}:/opt/ros/foxy /usr/bin/cmake --build /home/jaime/Documents/GitHub/dev_jaime/myf1tenth_system/src/build/wall_follower -- -j8 -l8
[0.872s] DEBUG:colcon.colcon_core.event_handler.log_command:Invoked command in '/home/jaime/Documents/GitHub/dev_jaime/myf1tenth_system/src/build/manual_control' returned '0': CMAKE_PREFIX_PATH=${CMAKE_PREFIX_PATH}:/opt/ros/foxy /usr/bin/cmake --build /home/jaime/Documents/GitHub/dev_jaime/myf1tenth_system/src/build/manual_control -- -j8 -l8
[0.889s] DEBUG:colcon.colcon_core.event_handler.log_command:Invoking command in '/home/jaime/Documents/GitHub/dev_jaime/myf1tenth_system/src/build/manual_control': CMAKE_PREFIX_PATH=${CMAKE_PREFIX_PATH}:/opt/ros/foxy /usr/bin/cmake --install /home/jaime/Documents/GitHub/dev_jaime/myf1tenth_system/src/build/manual_control
[0.905s] Level 1:colcon.colcon_core.environment:create_environment_scripts_only(manual_control)
[0.906s] DEBUG:colcon.colcon_core.event_handler.log_command:Invoked command in '/home/jaime/Documents/GitHub/dev_jaime/myf1tenth_system/src/build/manual_control' returned '0': CMAKE_PREFIX_PATH=${CMAKE_PREFIX_PATH}:/opt/ros/foxy /usr/bin/cmake --install /home/jaime/Documents/GitHub/dev_jaime/myf1tenth_system/src/build/manual_control
[0.909s] Level 1:colcon.colcon_core.environment:checking '/home/jaime/Documents/GitHub/dev_jaime/myf1tenth_system/src/install/manual_control' for CMake module files
[0.910s] Level 1:colcon.colcon_core.environment:checking '/home/jaime/Documents/GitHub/dev_jaime/myf1tenth_system/src/install/manual_control' for CMake config files
[0.910s] Level 1:colcon.colcon_core.shell:create_environment_hook('manual_control', 'cmake_prefix_path')
[0.911s] INFO:colcon.colcon_core.shell:Creating environment hook '/home/jaime/Documents/GitHub/dev_jaime/myf1tenth_system/src/install/manual_control/share/manual_control/hook/cmake_prefix_path.ps1'
[0.911s] INFO:colcon.colcon_core.shell:Creating environment descriptor '/home/jaime/Documents/GitHub/dev_jaime/myf1tenth_system/src/install/manual_control/share/manual_control/hook/cmake_prefix_path.dsv'
[0.912s] INFO:colcon.colcon_core.shell:Creating environment hook '/home/jaime/Documents/GitHub/dev_jaime/myf1tenth_system/src/install/manual_control/share/manual_control/hook/cmake_prefix_path.sh'
[0.912s] Level 1:colcon.colcon_core.environment:checking '/home/jaime/Documents/GitHub/dev_jaime/myf1tenth_system/src/install/manual_control/lib'
[0.913s] Level 1:colcon.colcon_core.environment:checking '/home/jaime/Documents/GitHub/dev_jaime/myf1tenth_system/src/install/manual_control/bin'
[0.913s] Level 1:colcon.colcon_core.environment:checking '/home/jaime/Documents/GitHub/dev_jaime/myf1tenth_system/src/install/manual_control/lib/pkgconfig/manual_control.pc'
[0.913s] Level 1:colcon.colcon_core.environment:checking '/home/jaime/Documents/GitHub/dev_jaime/myf1tenth_system/src/install/manual_control/lib/python3.8/site-packages'
[0.913s] Level 1:colcon.colcon_core.environment:checking '/home/jaime/Documents/GitHub/dev_jaime/myf1tenth_system/src/install/manual_control/bin'
[0.914s] INFO:colcon.colcon_core.shell:Creating package script '/home/jaime/Documents/GitHub/dev_jaime/myf1tenth_system/src/install/manual_control/share/manual_control/package.ps1'
[0.915s] INFO:colcon.colcon_core.shell:Creating package descriptor '/home/jaime/Documents/GitHub/dev_jaime/myf1tenth_system/src/install/manual_control/share/manual_control/package.dsv'
[0.916s] INFO:colcon.colcon_core.shell:Creating package script '/home/jaime/Documents/GitHub/dev_jaime/myf1tenth_system/src/install/manual_control/share/manual_control/package.sh'
[0.917s] INFO:colcon.colcon_core.shell:Creating package script '/home/jaime/Documents/GitHub/dev_jaime/myf1tenth_system/src/install/manual_control/share/manual_control/package.bash'
[0.918s] INFO:colcon.colcon_core.shell:Creating package script '/home/jaime/Documents/GitHub/dev_jaime/myf1tenth_system/src/install/manual_control/share/manual_control/package.zsh'
[0.919s] Level 1:colcon.colcon_core.environment:create_file_with_runtime_dependencies(/home/jaime/Documents/GitHub/dev_jaime/myf1tenth_system/src/install/manual_control/share/colcon-core/packages/manual_control)
[0.919s] Level 1:colcon.colcon_core.environment:create_environment_scripts_only(manual_control)
[0.920s] Level 1:colcon.colcon_core.environment:checking '/home/jaime/Documents/GitHub/dev_jaime/myf1tenth_system/src/install/manual_control' for CMake module files
[0.920s] Level 1:colcon.colcon_core.environment:checking '/home/jaime/Documents/GitHub/dev_jaime/myf1tenth_system/src/install/manual_control' for CMake config files
[0.920s] Level 1:colcon.colcon_core.shell:create_environment_hook('manual_control', 'cmake_prefix_path')
[0.920s] INFO:colcon.colcon_core.shell:Creating environment hook '/home/jaime/Documents/GitHub/dev_jaime/myf1tenth_system/src/install/manual_control/share/manual_control/hook/cmake_prefix_path.ps1'
[0.921s] INFO:colcon.colcon_core.shell:Creating environment descriptor '/home/jaime/Documents/GitHub/dev_jaime/myf1tenth_system/src/install/manual_control/share/manual_control/hook/cmake_prefix_path.dsv'
[0.921s] INFO:colcon.colcon_core.shell:Creating environment hook '/home/jaime/Documents/GitHub/dev_jaime/myf1tenth_system/src/install/manual_control/share/manual_control/hook/cmake_prefix_path.sh'
[0.922s] Level 1:colcon.colcon_core.environment:checking '/home/jaime/Documents/GitHub/dev_jaime/myf1tenth_system/src/install/manual_control/lib'
[0.922s] Level 1:colcon.colcon_core.environment:checking '/home/jaime/Documents/GitHub/dev_jaime/myf1tenth_system/src/install/manual_control/bin'
[0.922s] Level 1:colcon.colcon_core.environment:checking '/home/jaime/Documents/GitHub/dev_jaime/myf1tenth_system/src/install/manual_control/lib/pkgconfig/manual_control.pc'
[0.922s] Level 1:colcon.colcon_core.environment:checking '/home/jaime/Documents/GitHub/dev_jaime/myf1tenth_system/src/install/manual_control/lib/python3.8/site-packages'
[0.923s] Level 1:colcon.colcon_core.environment:checking '/home/jaime/Documents/GitHub/dev_jaime/myf1tenth_system/src/install/manual_control/bin'
[0.923s] INFO:colcon.colcon_core.shell:Creating package script '/home/jaime/Documents/GitHub/dev_jaime/myf1tenth_system/src/install/manual_control/share/manual_control/package.ps1'
[0.924s] INFO:colcon.colcon_core.shell:Creating package descriptor '/home/jaime/Documents/GitHub/dev_jaime/myf1tenth_system/src/install/manual_control/share/manual_control/package.dsv'
[0.924s] INFO:colcon.colcon_core.shell:Creating package script '/home/jaime/Documents/GitHub/dev_jaime/myf1tenth_system/src/install/manual_control/share/manual_control/package.sh'
[0.925s] INFO:colcon.colcon_core.shell:Creating package script '/home/jaime/Documents/GitHub/dev_jaime/myf1tenth_system/src/install/manual_control/share/manual_control/package.bash'
[0.925s] INFO:colcon.colcon_core.shell:Creating package script '/home/jaime/Documents/GitHub/dev_jaime/myf1tenth_system/src/install/manual_control/share/manual_control/package.zsh'
[0.926s] Level 1:colcon.colcon_core.environment:create_file_with_runtime_dependencies(/home/jaime/Documents/GitHub/dev_jaime/myf1tenth_system/src/install/manual_control/share/colcon-core/packages/manual_control)
[0.928s] DEBUG:colcon.colcon_core.event_handler.log_command:Invoked command in '/home/jaime/Documents/GitHub/dev_jaime/myf1tenth_system/src/build/safety_pkg' returned '0': CMAKE_PREFIX_PATH=${CMAKE_PREFIX_PATH}:/opt/ros/foxy /usr/bin/cmake --build /home/jaime/Documents/GitHub/dev_jaime/myf1tenth_system/src/build/safety_pkg -- -j8 -l8
[0.931s] DEBUG:colcon.colcon_core.event_handler.log_command:Invoking command in '/home/jaime/Documents/GitHub/dev_jaime/myf1tenth_system/src/build/safety_pkg': CMAKE_PREFIX_PATH=${CMAKE_PREFIX_PATH}:/opt/ros/foxy /usr/bin/cmake --install /home/jaime/Documents/GitHub/dev_jaime/myf1tenth_system/src/build/safety_pkg
[0.945s] Level 1:colcon.colcon_core.environment:create_environment_scripts_only(safety_pkg)
[0.945s] Level 1:colcon.colcon_core.environment:checking '/home/jaime/Documents/GitHub/dev_jaime/myf1tenth_system/src/install/safety_pkg' for CMake module files
[0.946s] DEBUG:colcon.colcon_core.event_handler.log_command:Invoked command in '/home/jaime/Documents/GitHub/dev_jaime/myf1tenth_system/src/build/safety_pkg' returned '0': CMAKE_PREFIX_PATH=${CMAKE_PREFIX_PATH}:/opt/ros/foxy /usr/bin/cmake --install /home/jaime/Documents/GitHub/dev_jaime/myf1tenth_system/src/build/safety_pkg
[0.947s] Level 1:colcon.colcon_core.environment:checking '/home/jaime/Documents/GitHub/dev_jaime/myf1tenth_system/src/install/safety_pkg' for CMake config files
[0.947s] Level 1:colcon.colcon_core.shell:create_environment_hook('safety_pkg', 'cmake_prefix_path')
[0.947s] INFO:colcon.colcon_core.shell:Creating environment hook '/home/jaime/Documents/GitHub/dev_jaime/myf1tenth_system/src/install/safety_pkg/share/safety_pkg/hook/cmake_prefix_path.ps1'
[0.948s] INFO:colcon.colcon_core.shell:Creating environment descriptor '/home/jaime/Documents/GitHub/dev_jaime/myf1tenth_system/src/install/safety_pkg/share/safety_pkg/hook/cmake_prefix_path.dsv'
[0.949s] INFO:colcon.colcon_core.shell:Creating environment hook '/home/jaime/Documents/GitHub/dev_jaime/myf1tenth_system/src/install/safety_pkg/share/safety_pkg/hook/cmake_prefix_path.sh'
[0.950s] Level 1:colcon.colcon_core.environment:checking '/home/jaime/Documents/GitHub/dev_jaime/myf1tenth_system/src/install/safety_pkg/lib'
[0.951s] Level 1:colcon.colcon_core.environment:checking '/home/jaime/Documents/GitHub/dev_jaime/myf1tenth_system/src/install/safety_pkg/bin'
[0.951s] Level 1:colcon.colcon_core.environment:checking '/home/jaime/Documents/GitHub/dev_jaime/myf1tenth_system/src/install/safety_pkg/lib/pkgconfig/safety_pkg.pc'
[0.951s] Level 1:colcon.colcon_core.environment:checking '/home/jaime/Documents/GitHub/dev_jaime/myf1tenth_system/src/install/safety_pkg/lib/python3.8/site-packages'
[0.951s] Level 1:colcon.colcon_core.environment:checking '/home/jaime/Documents/GitHub/dev_jaime/myf1tenth_system/src/install/safety_pkg/bin'
[0.951s] INFO:colcon.colcon_core.shell:Creating package script '/home/jaime/Documents/GitHub/dev_jaime/myf1tenth_system/src/install/safety_pkg/share/safety_pkg/package.ps1'
[0.952s] INFO:colcon.colcon_core.shell:Creating package descriptor '/home/jaime/Documents/GitHub/dev_jaime/myf1tenth_system/src/install/safety_pkg/share/safety_pkg/package.dsv'
[0.953s] INFO:colcon.colcon_core.shell:Creating package script '/home/jaime/Documents/GitHub/dev_jaime/myf1tenth_system/src/install/safety_pkg/share/safety_pkg/package.sh'
[0.954s] INFO:colcon.colcon_core.shell:Creating package script '/home/jaime/Documents/GitHub/dev_jaime/myf1tenth_system/src/install/safety_pkg/share/safety_pkg/package.bash'
[0.955s] INFO:colcon.colcon_core.shell:Creating package script '/home/jaime/Documents/GitHub/dev_jaime/myf1tenth_system/src/install/safety_pkg/share/safety_pkg/package.zsh'
[0.955s] Level 1:colcon.colcon_core.environment:create_file_with_runtime_dependencies(/home/jaime/Documents/GitHub/dev_jaime/myf1tenth_system/src/install/safety_pkg/share/colcon-core/packages/safety_pkg)
[0.956s] Level 1:colcon.colcon_core.environment:create_environment_scripts_only(safety_pkg)
[0.956s] Level 1:colcon.colcon_core.environment:checking '/home/jaime/Documents/GitHub/dev_jaime/myf1tenth_system/src/install/safety_pkg' for CMake module files
[0.957s] Level 1:colcon.colcon_core.environment:checking '/home/jaime/Documents/GitHub/dev_jaime/myf1tenth_system/src/install/safety_pkg' for CMake config files
[0.958s] Level 1:colcon.colcon_core.shell:create_environment_hook('safety_pkg', 'cmake_prefix_path')
[0.958s] INFO:colcon.colcon_core.shell:Creating environment hook '/home/jaime/Documents/GitHub/dev_jaime/myf1tenth_system/src/install/safety_pkg/share/safety_pkg/hook/cmake_prefix_path.ps1'
[0.958s] INFO:colcon.colcon_core.shell:Creating environment descriptor '/home/jaime/Documents/GitHub/dev_jaime/myf1tenth_system/src/install/safety_pkg/share/safety_pkg/hook/cmake_prefix_path.dsv'
[0.959s] INFO:colcon.colcon_core.shell:Creating environment hook '/home/jaime/Documents/GitHub/dev_jaime/myf1tenth_system/src/install/safety_pkg/share/safety_pkg/hook/cmake_prefix_path.sh'
[0.959s] Level 1:colcon.colcon_core.environment:checking '/home/jaime/Documents/GitHub/dev_jaime/myf1tenth_system/src/install/safety_pkg/lib'
[0.960s] Level 1:colcon.colcon_core.environment:checking '/home/jaime/Documents/GitHub/dev_jaime/myf1tenth_system/src/install/safety_pkg/bin'
[0.960s] Level 1:colcon.colcon_core.environment:checking '/home/jaime/Documents/GitHub/dev_jaime/myf1tenth_system/src/install/safety_pkg/lib/pkgconfig/safety_pkg.pc'
[0.960s] Level 1:colcon.colcon_core.environment:checking '/home/jaime/Documents/GitHub/dev_jaime/myf1tenth_system/src/install/safety_pkg/lib/python3.8/site-packages'
[0.960s] Level 1:colcon.colcon_core.environment:checking '/home/jaime/Documents/GitHub/dev_jaime/myf1tenth_system/src/install/safety_pkg/bin'
[0.960s] INFO:colcon.colcon_core.shell:Creating package script '/home/jaime/Documents/GitHub/dev_jaime/myf1tenth_system/src/install/safety_pkg/share/safety_pkg/package.ps1'
[0.961s] INFO:colcon.colcon_core.shell:Creating package descriptor '/home/jaime/Documents/GitHub/dev_jaime/myf1tenth_system/src/install/safety_pkg/share/safety_pkg/package.dsv'
[0.962s] INFO:colcon.colcon_core.shell:Creating package script '/home/jaime/Documents/GitHub/dev_jaime/myf1tenth_system/src/install/safety_pkg/share/safety_pkg/package.sh'
[0.963s] INFO:colcon.colcon_core.shell:Creating package script '/home/jaime/Documents/GitHub/dev_jaime/myf1tenth_system/src/install/safety_pkg/share/safety_pkg/package.bash'
[0.963s] INFO:colcon.colcon_core.shell:Creating package script '/home/jaime/Documents/GitHub/dev_jaime/myf1tenth_system/src/install/safety_pkg/share/safety_pkg/package.zsh'
[0.964s] Level 1:colcon.colcon_core.environment:create_file_with_runtime_dependencies(/home/jaime/Documents/GitHub/dev_jaime/myf1tenth_system/src/install/safety_pkg/share/colcon-core/packages/safety_pkg)
[1.293s] DEBUG:colcon.colcon_core.event_handler.log_command:Invoking command in '/home/jaime/Documents/GitHub/dev_jaime/myf1tenth_system/src/f1tenth_stack': PYTHONPATH=/home/jaime/Documents/GitHub/dev_jaime/myf1tenth_system/src/build/f1tenth_stack/prefix_override:/usr/lib/python3/dist-packages/colcon_core/task/python/colcon_distutils_commands:/home/jaime/Documents/GitHub/dev_jaime/myf1tenth_system/src/install/f1tenth_stack/lib/python3.8/site-packages:${PYTHONPATH} /usr/bin/python3 -W ignore:setup.py install is deprecated -W ignore:easy_install command is deprecated setup.py egg_info --egg-base ../build/f1tenth_stack build --build-base /home/jaime/Documents/GitHub/dev_jaime/myf1tenth_system/src/build/f1tenth_stack/build install --record /home/jaime/Documents/GitHub/dev_jaime/myf1tenth_system/src/build/f1tenth_stack/install.log --install-scripts $base/lib/f1tenth_stack --single-version-externally-managed install_data
[1.612s] Level 1:colcon.colcon_core.environment:checking '/home/jaime/Documents/GitHub/dev_jaime/myf1tenth_system/src/install/f1tenth_stack' for CMake module files
[1.613s] DEBUG:colcon.colcon_core.event_handler.log_command:Invoked command in '/home/jaime/Documents/GitHub/dev_jaime/myf1tenth_system/src/f1tenth_stack' returned '0': PYTHONPATH=/home/jaime/Documents/GitHub/dev_jaime/myf1tenth_system/src/build/f1tenth_stack/prefix_override:/usr/lib/python3/dist-packages/colcon_core/task/python/colcon_distutils_commands:/home/jaime/Documents/GitHub/dev_jaime/myf1tenth_system/src/install/f1tenth_stack/lib/python3.8/site-packages:${PYTHONPATH} /usr/bin/python3 -W ignore:setup.py install is deprecated -W ignore:easy_install command is deprecated setup.py egg_info --egg-base ../build/f1tenth_stack build --build-base /home/jaime/Documents/GitHub/dev_jaime/myf1tenth_system/src/build/f1tenth_stack/build install --record /home/jaime/Documents/GitHub/dev_jaime/myf1tenth_system/src/build/f1tenth_stack/install.log --install-scripts $base/lib/f1tenth_stack --single-version-externally-managed install_data
[1.614s] Level 1:colcon.colcon_core.environment:checking '/home/jaime/Documents/GitHub/dev_jaime/myf1tenth_system/src/install/f1tenth_stack' for CMake config files
[1.615s] Level 1:colcon.colcon_core.environment:checking '/home/jaime/Documents/GitHub/dev_jaime/myf1tenth_system/src/install/f1tenth_stack/lib'
[1.615s] Level 1:colcon.colcon_core.environment:checking '/home/jaime/Documents/GitHub/dev_jaime/myf1tenth_system/src/install/f1tenth_stack/bin'
[1.615s] Level 1:colcon.colcon_core.environment:checking '/home/jaime/Documents/GitHub/dev_jaime/myf1tenth_system/src/install/f1tenth_stack/lib/pkgconfig/f1tenth_stack.pc'
[1.615s] Level 1:colcon.colcon_core.environment:checking '/home/jaime/Documents/GitHub/dev_jaime/myf1tenth_system/src/install/f1tenth_stack/lib/python3.8/site-packages'
[1.615s] Level 1:colcon.colcon_core.shell:create_environment_hook('f1tenth_stack', 'pythonpath')
[1.615s] INFO:colcon.colcon_core.shell:Creating environment hook '/home/jaime/Documents/GitHub/dev_jaime/myf1tenth_system/src/install/f1tenth_stack/share/f1tenth_stack/hook/pythonpath.ps1'
[1.616s] INFO:colcon.colcon_core.shell:Creating environment descriptor '/home/jaime/Documents/GitHub/dev_jaime/myf1tenth_system/src/install/f1tenth_stack/share/f1tenth_stack/hook/pythonpath.dsv'
[1.617s] INFO:colcon.colcon_core.shell:Creating environment hook '/home/jaime/Documents/GitHub/dev_jaime/myf1tenth_system/src/install/f1tenth_stack/share/f1tenth_stack/hook/pythonpath.sh'
[1.617s] Level 1:colcon.colcon_core.environment:checking '/home/jaime/Documents/GitHub/dev_jaime/myf1tenth_system/src/install/f1tenth_stack/bin'
[1.617s] Level 1:colcon.colcon_core.environment:create_environment_scripts_only(f1tenth_stack)
[1.618s] INFO:colcon.colcon_core.shell:Creating package script '/home/jaime/Documents/GitHub/dev_jaime/myf1tenth_system/src/install/f1tenth_stack/share/f1tenth_stack/package.ps1'
[1.618s] INFO:colcon.colcon_core.shell:Creating package descriptor '/home/jaime/Documents/GitHub/dev_jaime/myf1tenth_system/src/install/f1tenth_stack/share/f1tenth_stack/package.dsv'
[1.619s] INFO:colcon.colcon_core.shell:Creating package script '/home/jaime/Documents/GitHub/dev_jaime/myf1tenth_system/src/install/f1tenth_stack/share/f1tenth_stack/package.sh'
[1.619s] INFO:colcon.colcon_core.shell:Creating package script '/home/jaime/Documents/GitHub/dev_jaime/myf1tenth_system/src/install/f1tenth_stack/share/f1tenth_stack/package.bash'
[1.620s] INFO:colcon.colcon_core.shell:Creating package script '/home/jaime/Documents/GitHub/dev_jaime/myf1tenth_system/src/install/f1tenth_stack/share/f1tenth_stack/package.zsh'
[1.620s] Level 1:colcon.colcon_core.environment:create_file_with_runtime_dependencies(/home/jaime/Documents/GitHub/dev_jaime/myf1tenth_system/src/install/f1tenth_stack/share/colcon-core/packages/f1tenth_stack)
[6.378s] DEBUG:colcon.colcon_core.event_handler.log_command:Invoked command in '/home/jaime/Documents/GitHub/dev_jaime/myf1tenth_system/src/build/wall_follower' returned '0': CMAKE_PREFIX_PATH=${CMAKE_PREFIX_PATH}:/opt/ros/foxy /usr/bin/cmake --build /home/jaime/Documents/GitHub/dev_jaime/myf1tenth_system/src/build/wall_follower -- -j8 -l8
[6.381s] DEBUG:colcon.colcon_core.event_handler.log_command:Invoking command in '/home/jaime/Documents/GitHub/dev_jaime/myf1tenth_system/src/build/wall_follower': CMAKE_PREFIX_PATH=${CMAKE_PREFIX_PATH}:/opt/ros/foxy /usr/bin/cmake --install /home/jaime/Documents/GitHub/dev_jaime/myf1tenth_system/src/build/wall_follower
[6.394s] Level 1:colcon.colcon_core.environment:create_environment_scripts_only(wall_follower)
[6.395s] DEBUG:colcon.colcon_core.event_handler.log_command:Invoked command in '/home/jaime/Documents/GitHub/dev_jaime/myf1tenth_system/src/build/wall_follower' returned '0': CMAKE_PREFIX_PATH=${CMAKE_PREFIX_PATH}:/opt/ros/foxy /usr/bin/cmake --install /home/jaime/Documents/GitHub/dev_jaime/myf1tenth_system/src/build/wall_follower
[6.395s] Level 1:colcon.colcon_core.environment:checking '/home/jaime/Documents/GitHub/dev_jaime/myf1tenth_system/src/install/wall_follower' for CMake module files
[6.396s] Level 1:colcon.colcon_core.environment:checking '/home/jaime/Documents/GitHub/dev_jaime/myf1tenth_system/src/install/wall_follower' for CMake config files
[6.396s] Level 1:colcon.colcon_core.shell:create_environment_hook('wall_follower', 'cmake_prefix_path')
[6.396s] INFO:colcon.colcon_core.shell:Creating environment hook '/home/jaime/Documents/GitHub/dev_jaime/myf1tenth_system/src/install/wall_follower/share/wall_follower/hook/cmake_prefix_path.ps1'
[6.397s] INFO:colcon.colcon_core.shell:Creating environment descriptor '/home/jaime/Documents/GitHub/dev_jaime/myf1tenth_system/src/install/wall_follower/share/wall_follower/hook/cmake_prefix_path.dsv'
[6.397s] INFO:colcon.colcon_core.shell:Creating environment hook '/home/jaime/Documents/GitHub/dev_jaime/myf1tenth_system/src/install/wall_follower/share/wall_follower/hook/cmake_prefix_path.sh'
[6.398s] Level 1:colcon.colcon_core.environment:checking '/home/jaime/Documents/GitHub/dev_jaime/myf1tenth_system/src/install/wall_follower/lib'
[6.398s] Level 1:colcon.colcon_core.environment:checking '/home/jaime/Documents/GitHub/dev_jaime/myf1tenth_system/src/install/wall_follower/bin'
[6.398s] Level 1:colcon.colcon_core.environment:checking '/home/jaime/Documents/GitHub/dev_jaime/myf1tenth_system/src/install/wall_follower/lib/pkgconfig/wall_follower.pc'
[6.398s] Level 1:colcon.colcon_core.environment:checking '/home/jaime/Documents/GitHub/dev_jaime/myf1tenth_system/src/install/wall_follower/lib/python3.8/site-packages'
[6.398s] Level 1:colcon.colcon_core.environment:checking '/home/jaime/Documents/GitHub/dev_jaime/myf1tenth_system/src/install/wall_follower/bin'
[6.398s] INFO:colcon.colcon_core.shell:Creating package script '/home/jaime/Documents/GitHub/dev_jaime/myf1tenth_system/src/install/wall_follower/share/wall_follower/package.ps1'
[6.399s] INFO:colcon.colcon_core.shell:Creating package descriptor '/home/jaime/Documents/GitHub/dev_jaime/myf1tenth_system/src/install/wall_follower/share/wall_follower/package.dsv'
[6.399s] INFO:colcon.colcon_core.shell:Creating package script '/home/jaime/Documents/GitHub/dev_jaime/myf1tenth_system/src/install/wall_follower/share/wall_follower/package.sh'
[6.400s] INFO:colcon.colcon_core.shell:Creating package script '/home/jaime/Documents/GitHub/dev_jaime/myf1tenth_system/src/install/wall_follower/share/wall_follower/package.bash'
[6.400s] INFO:colcon.colcon_core.shell:Creating package script '/home/jaime/Documents/GitHub/dev_jaime/myf1tenth_system/src/install/wall_follower/share/wall_follower/package.zsh'
[6.400s] Level 1:colcon.colcon_core.environment:create_file_with_runtime_dependencies(/home/jaime/Documents/GitHub/dev_jaime/myf1tenth_system/src/install/wall_follower/share/colcon-core/packages/wall_follower)
[6.401s] Level 1:colcon.colcon_core.environment:create_environment_scripts_only(wall_follower)
[6.401s] Level 1:colcon.colcon_core.environment:checking '/home/jaime/Documents/GitHub/dev_jaime/myf1tenth_system/src/install/wall_follower' for CMake module files
[6.401s] Level 1:colcon.colcon_core.environment:checking '/home/jaime/Documents/GitHub/dev_jaime/myf1tenth_system/src/install/wall_follower' for CMake config files
[6.402s] Level 1:colcon.colcon_core.shell:create_environment_hook('wall_follower', 'cmake_prefix_path')
[6.402s] INFO:colcon.colcon_core.shell:Creating environment hook '/home/jaime/Documents/GitHub/dev_jaime/myf1tenth_system/src/install/wall_follower/share/wall_follower/hook/cmake_prefix_path.ps1'
[6.402s] INFO:colcon.colcon_core.shell:Creating environment descriptor '/home/jaime/Documents/GitHub/dev_jaime/myf1tenth_system/src/install/wall_follower/share/wall_follower/hook/cmake_prefix_path.dsv'
[6.402s] INFO:colcon.colcon_core.shell:Creating environment hook '/home/jaime/Documents/GitHub/dev_jaime/myf1tenth_system/src/install/wall_follower/share/wall_follower/hook/cmake_prefix_path.sh'
[6.403s] Level 1:colcon.colcon_core.environment:checking '/home/jaime/Documents/GitHub/dev_jaime/myf1tenth_system/src/install/wall_follower/lib'
[6.403s] Level 1:colcon.colcon_core.environment:checking '/home/jaime/Documents/GitHub/dev_jaime/myf1tenth_system/src/install/wall_follower/bin'
[6.403s] Level 1:colcon.colcon_core.environment:checking '/home/jaime/Documents/GitHub/dev_jaime/myf1tenth_system/src/install/wall_follower/lib/pkgconfig/wall_follower.pc'
[6.403s] Level 1:colcon.colcon_core.environment:checking '/home/jaime/Documents/GitHub/dev_jaime/myf1tenth_system/src/install/wall_follower/lib/python3.8/site-packages'
[6.403s] Level 1:colcon.colcon_core.environment:checking '/home/jaime/Documents/GitHub/dev_jaime/myf1tenth_system/src/install/wall_follower/bin'
[6.404s] INFO:colcon.colcon_core.shell:Creating package script '/home/jaime/Documents/GitHub/dev_jaime/myf1tenth_system/src/install/wall_follower/share/wall_follower/package.ps1'
[6.404s] INFO:colcon.colcon_core.shell:Creating package descriptor '/home/jaime/Documents/GitHub/dev_jaime/myf1tenth_system/src/install/wall_follower/share/wall_follower/package.dsv'
[6.405s] INFO:colcon.colcon_core.shell:Creating package script '/home/jaime/Documents/GitHub/dev_jaime/myf1tenth_system/src/install/wall_follower/share/wall_follower/package.sh'
[6.405s] INFO:colcon.colcon_core.shell:Creating package script '/home/jaime/Documents/GitHub/dev_jaime/myf1tenth_system/src/install/wall_follower/share/wall_follower/package.bash'
[6.406s] INFO:colcon.colcon_core.shell:Creating package script '/home/jaime/Documents/GitHub/dev_jaime/myf1tenth_system/src/install/wall_follower/share/wall_follower/package.zsh'
[6.406s] Level 1:colcon.colcon_core.environment:create_file_with_runtime_dependencies(/home/jaime/Documents/GitHub/dev_jaime/myf1tenth_system/src/install/wall_follower/share/colcon-core/packages/wall_follower)
[6.406s] DEBUG:colcon.colcon_parallel_executor.executor.parallel:closing loop
[6.406s] DEBUG:colcon.colcon_parallel_executor.executor.parallel:loop closed
[6.407s] DEBUG:colcon.colcon_parallel_executor.executor.parallel:run_until_complete finished with '0'
[6.407s] DEBUG:colcon.colcon_core.event_reactor:joining thread
[6.413s] INFO:colcon.colcon_core.plugin_system:Skipping extension 'colcon_notification.desktop_notification.terminal_notifier': Not used on non-Darwin systems
[6.413s] INFO:colcon.colcon_core.plugin_system:Skipping extension 'colcon_notification.desktop_notification.win32': Not used on non-Windows systems
[6.413s] INFO:colcon.colcon_notification.desktop_notification:Sending desktop notification using 'notify2'
[6.429s] DEBUG:colcon.colcon_core.event_reactor:joined thread
[6.430s] INFO:colcon.colcon_core.shell:Creating prefix script '/home/jaime/Documents/GitHub/dev_jaime/myf1tenth_system/src/install/local_setup.ps1'
[6.431s] INFO:colcon.colcon_core.shell:Creating prefix util module '/home/jaime/Documents/GitHub/dev_jaime/myf1tenth_system/src/install/_local_setup_util_ps1.py'
[6.432s] INFO:colcon.colcon_core.shell:Creating prefix chain script '/home/jaime/Documents/GitHub/dev_jaime/myf1tenth_system/src/install/setup.ps1'
[6.434s] INFO:colcon.colcon_core.shell:Creating prefix script '/home/jaime/Documents/GitHub/dev_jaime/myf1tenth_system/src/install/local_setup.sh'
[6.435s] INFO:colcon.colcon_core.shell:Creating prefix util module '/home/jaime/Documents/GitHub/dev_jaime/myf1tenth_system/src/install/_local_setup_util_sh.py'
[6.435s] INFO:colcon.colcon_core.shell:Creating prefix chain script '/home/jaime/Documents/GitHub/dev_jaime/myf1tenth_system/src/install/setup.sh'
[6.437s] INFO:colcon.colcon_core.shell:Creating prefix script '/home/jaime/Documents/GitHub/dev_jaime/myf1tenth_system/src/install/local_setup.bash'
[6.437s] INFO:colcon.colcon_core.shell:Creating prefix chain script '/home/jaime/Documents/GitHub/dev_jaime/myf1tenth_system/src/install/setup.bash'
[6.439s] INFO:colcon.colcon_core.shell:Creating prefix script '/home/jaime/Documents/GitHub/dev_jaime/myf1tenth_system/src/install/local_setup.zsh'
[6.439s] INFO:colcon.colcon_core.shell:Creating prefix chain script '/home/jaime/Documents/GitHub/dev_jaime/myf1tenth_system/src/install/setup.zsh'
