[0.259s] Invoking command in '/home/jaime/Documents/GitHub/dev_jaime/myf1tenth_system/src/build/manual_control': CMAKE_PREFIX_PATH=${CMAKE_PREFIX_PATH}:/opt/ros/foxy /usr/bin/cmake /home/jaime/Documents/GitHub/dev_jaime/myf1tenth_system/src/manual_control -DCMAKE_INSTALL_PREFIX=/home/jaime/Documents/GitHub/dev_jaime/myf1tenth_system/src/install/manual_control
[0.324s] -- The C compiler identification is GNU 9.4.0
[0.393s] -- The CXX compiler identification is GNU 9.4.0
[0.402s] -- Check for working C compiler: /usr/bin/cc
[0.490s] -- Check for working C compiler: /usr/bin/cc -- works
[0.492s] -- Detecting C compiler ABI info
[0.587s] -- Detecting C compiler ABI info - done
[0.608s] -- Detecting C compile features
[0.609s] -- Detecting C compile features - done
[0.613s] -- Check for working CXX compiler: /usr/bin/c++
[0.719s] -- Check for working CXX compiler: /usr/bin/c++ -- works
[0.721s] -- Detecting CXX compiler ABI info
[0.830s] -- Detecting CXX compiler ABI info - done
[0.847s] -- Detecting CXX compile features
[0.848s] -- Detecting CXX compile features - done
[0.851s] -- Found ament_cmake: 0.9.12 (/opt/ros/foxy/share/ament_cmake/cmake)
[0.883s] -- Found PythonInterp: /usr/bin/python3 (found suitable version "3.8.10", minimum required is "3") 
[0.883s] -- Using PYTHON_EXECUTABLE: /usr/bin/python3
[1.165s] -- Found rclcpp: 2.4.3 (/opt/ros/foxy/share/rclcpp/cmake)
[1.224s] -- Using all available rosidl_typesupport_c: rosidl_typesupport_fastrtps_c;rosidl_typesupport_introspection_c
[1.232s] -- Found rosidl_adapter: 1.3.1 (/opt/ros/foxy/share/rosidl_adapter/cmake)
[1.329s] -- Found OpenSSL: /usr/lib/x86_64-linux-gnu/libcrypto.so (found version "1.1.1f")  
[1.377s] -- Found FastRTPS: /opt/ros/foxy/include  
[1.476s] -- Using all available rosidl_typesupport_cpp: rosidl_typesupport_fastrtps_cpp;rosidl_typesupport_introspection_cpp
[1.552s] -- Found rmw_implementation_cmake: 1.0.4 (/opt/ros/foxy/share/rmw_implementation_cmake/cmake)
[1.554s] -- Using RMW implementation 'rmw_fastrtps_cpp' as default
[1.555s] -- Looking for pthread.h
[1.638s] -- Looking for pthread.h - found
[1.638s] -- Performing Test CMAKE_HAVE_LIBC_PTHREAD
[1.726s] -- Performing Test CMAKE_HAVE_LIBC_PTHREAD - Failed
[1.726s] -- Looking for pthread_create in pthreads
[1.789s] -- Looking for pthread_create in pthreads - not found
[1.789s] -- Looking for pthread_create in pthread
[1.867s] -- Looking for pthread_create in pthread - found
[1.869s] -- Found Threads: TRUE  
[2.063s] -- Found sensor_msgs: 2.0.5 (/opt/ros/foxy/share/sensor_msgs/cmake)
[2.215s] -- Found ackermann_msgs: 2.0.2 (/opt/ros/foxy/share/ackermann_msgs/cmake)
[2.263s] -- Found joy: 3.0.1 (/opt/ros/foxy/share/joy/cmake)
[2.267s] -- Found ament_lint_auto: 0.9.8 (/opt/ros/foxy/share/ament_lint_auto/cmake)
[2.354s] -- Added test 'copyright' to check source files copyright and LICENSE
[2.356s] -- Added test 'cppcheck' to perform static code analysis on C / C++ code
[2.356s] -- Configured cppcheck include dirs: 
[2.356s] -- Configured cppcheck exclude dirs and/or files: 
[2.357s] -- Added test 'cpplint' to check C / C++ code against the Google style
[2.358s] -- Configured cpplint exclude dirs and/or files: 
[2.359s] -- Added test 'lint_cmake' to check CMake code style
[2.360s] -- Added test 'uncrustify' to check C / C++ code style
[2.360s] -- Configured uncrustify additional arguments: 
[2.361s] -- Added test 'xmllint' to check XML markup files
[2.364s] -- Configuring done
[2.375s] -- Generating done
[2.380s] -- Build files have been written to: /home/jaime/Documents/GitHub/dev_jaime/myf1tenth_system/src/build/manual_control
[2.391s] Invoked command in '/home/jaime/Documents/GitHub/dev_jaime/myf1tenth_system/src/build/manual_control' returned '0': CMAKE_PREFIX_PATH=${CMAKE_PREFIX_PATH}:/opt/ros/foxy /usr/bin/cmake /home/jaime/Documents/GitHub/dev_jaime/myf1tenth_system/src/manual_control -DCMAKE_INSTALL_PREFIX=/home/jaime/Documents/GitHub/dev_jaime/myf1tenth_system/src/install/manual_control
[2.395s] Invoking command in '/home/jaime/Documents/GitHub/dev_jaime/myf1tenth_system/src/build/manual_control': CMAKE_PREFIX_PATH=${CMAKE_PREFIX_PATH}:/opt/ros/foxy /usr/bin/cmake --build /home/jaime/Documents/GitHub/dev_jaime/myf1tenth_system/src/build/manual_control -- -j8 -l8
[2.439s] [35m[1mScanning dependencies of target manual_control_node[0m
[2.488s] [ 50%] [32mBuilding CXX object CMakeFiles/manual_control_node.dir/src/manual_control_node.cpp.o[0m
[10.027s] [100%] [32m[1mLinking CXX executable manual_control_node[0m
[10.403s] [100%] Built target manual_control_node
