[0.214s] DEBUG:colcon:Command line arguments: ['/usr/bin/colcon', 'build']
[0.214s] DEBUG:colcon:Parsed command line arguments: Namespace(allow_overriding=[], ament_cmake_args=None, base_paths=['.'], build_base='build', catkin_cmake_args=None, catkin_skip_building_tests=False, cmake_args=None, cmake_clean_cache=False, cmake_clean_first=False, cmake_force_configure=False, cmake_target=None, cmake_target_skip_unavailable=False, continue_on_error=False, event_handlers=None, executor='parallel', ignore_user_meta=False, install_base='install', log_base=None, log_level=None, main=<bound method BuildVerb.main of <colcon_core.verb.build.BuildVerb object at 0x7f5ba6c0d5b0>>, merge_install=False, metas=['./colcon.meta'], mixin=None, mixin_files=None, mixin_verb=('build',), packages_above=None, packages_above_and_dependencies=None, packages_above_depth=None, packages_end=None, packages_ignore=None, packages_ignore_regex=None, packages_select=None, packages_select_build_failed=False, packages_select_by_dep=None, packages_select_regex=None, packages_select_test_failures=False, packages_skip=None, packages_skip_build_finished=False, packages_skip_by_dep=None, packages_skip_regex=None, packages_skip_test_passed=False, packages_skip_up_to=None, packages_start=None, packages_up_to=None, packages_up_to_regex=None, parallel_workers=8, paths=None, symlink_install=False, test_result_base=None, verb_extension=<colcon_core.verb.build.BuildVerb object at 0x7f5ba6c0d5b0>, verb_name='build', verb_parser=<colcon_mixin.mixin.mixin_argument.MixinArgumentDecorator object at 0x7f5ba6b64640>)
[0.377s] Level 1:colcon.colcon_core.package_discovery:discover_packages(colcon_meta) check parameters
[0.377s] Level 1:colcon.colcon_core.package_discovery:discover_packages(recursive) check parameters
[0.378s] Level 1:colcon.colcon_core.package_discovery:discover_packages(ignore) check parameters
[0.378s] Level 1:colcon.colcon_core.package_discovery:discover_packages(path) check parameters
[0.378s] Level 1:colcon.colcon_core.package_discovery:discover_packages(colcon_meta) discover
[0.378s] Level 1:colcon.colcon_core.package_discovery:discover_packages(recursive) discover
[0.378s] INFO:colcon.colcon_core.package_discovery:Crawling recursively for packages in '/home/jaime/Documents/GitHub/dev_jaime/myf1tenth_system/src'
[0.378s] Level 1:colcon.colcon_core.package_identification:_identify(.) by extensions ['ignore', 'ignore_ament_install']
[0.378s] Level 1:colcon.colcon_core.package_identification:_identify(.) by extension 'ignore'
[0.378s] Level 1:colcon.colcon_core.package_identification:_identify(.) by extension 'ignore_ament_install'
[0.378s] Level 1:colcon.colcon_core.package_identification:_identify(.) by extensions ['colcon_pkg']
[0.378s] Level 1:colcon.colcon_core.package_identification:_identify(.) by extension 'colcon_pkg'
[0.378s] Level 1:colcon.colcon_core.package_identification:_identify(.) by extensions ['colcon_meta']
[0.378s] Level 1:colcon.colcon_core.package_identification:_identify(.) by extension 'colcon_meta'
[0.378s] Level 1:colcon.colcon_core.package_identification:_identify(.) by extensions ['ros']
[0.379s] Level 1:colcon.colcon_core.package_identification:_identify(.) by extension 'ros'
[0.391s] Level 1:colcon.colcon_core.package_identification:_identify(.) by extensions ['cmake', 'python']
[0.391s] Level 1:colcon.colcon_core.package_identification:_identify(.) by extension 'cmake'
[0.391s] Level 1:colcon.colcon_core.package_identification:_identify(.) by extension 'python'
[0.391s] Level 1:colcon.colcon_core.package_identification:_identify(.) by extensions ['python_setup_py']
[0.391s] Level 1:colcon.colcon_core.package_identification:_identify(.) by extension 'python_setup_py'
[0.391s] Level 1:colcon.colcon_core.package_identification:_identify(build) by extensions ['ignore', 'ignore_ament_install']
[0.391s] Level 1:colcon.colcon_core.package_identification:_identify(build) by extension 'ignore'
[0.391s] Level 1:colcon.colcon_core.package_identification:_identify(build) ignored
[0.391s] Level 1:colcon.colcon_core.package_identification:_identify(f1tenth_stack) by extensions ['ignore', 'ignore_ament_install']
[0.391s] Level 1:colcon.colcon_core.package_identification:_identify(f1tenth_stack) by extension 'ignore'
[0.391s] Level 1:colcon.colcon_core.package_identification:_identify(f1tenth_stack) by extension 'ignore_ament_install'
[0.391s] Level 1:colcon.colcon_core.package_identification:_identify(f1tenth_stack) by extensions ['colcon_pkg']
[0.391s] Level 1:colcon.colcon_core.package_identification:_identify(f1tenth_stack) by extension 'colcon_pkg'
[0.391s] Level 1:colcon.colcon_core.package_identification:_identify(f1tenth_stack) by extensions ['colcon_meta']
[0.392s] Level 1:colcon.colcon_core.package_identification:_identify(f1tenth_stack) by extension 'colcon_meta'
[0.392s] Level 1:colcon.colcon_core.package_identification:_identify(f1tenth_stack) by extensions ['ros']
[0.392s] Level 1:colcon.colcon_core.package_identification:_identify(f1tenth_stack) by extension 'ros'
[0.394s] DEBUG:colcon.colcon_core.package_identification:Package 'f1tenth_stack' with type 'ros.ament_python' and name 'f1tenth_stack'
[0.395s] Level 1:colcon.colcon_core.package_identification:_identify(install) by extensions ['ignore', 'ignore_ament_install']
[0.395s] Level 1:colcon.colcon_core.package_identification:_identify(install) by extension 'ignore'
[0.395s] Level 1:colcon.colcon_core.package_identification:_identify(install) ignored
[0.395s] Level 1:colcon.colcon_core.package_identification:_identify(log) by extensions ['ignore', 'ignore_ament_install']
[0.395s] Level 1:colcon.colcon_core.package_identification:_identify(log) by extension 'ignore'
[0.395s] Level 1:colcon.colcon_core.package_identification:_identify(log) ignored
[0.395s] Level 1:colcon.colcon_core.package_identification:_identify(manual_control) by extensions ['ignore', 'ignore_ament_install']
[0.395s] Level 1:colcon.colcon_core.package_identification:_identify(manual_control) by extension 'ignore'
[0.395s] Level 1:colcon.colcon_core.package_identification:_identify(manual_control) by extension 'ignore_ament_install'
[0.395s] Level 1:colcon.colcon_core.package_identification:_identify(manual_control) by extensions ['colcon_pkg']
[0.395s] Level 1:colcon.colcon_core.package_identification:_identify(manual_control) by extension 'colcon_pkg'
[0.395s] Level 1:colcon.colcon_core.package_identification:_identify(manual_control) by extensions ['colcon_meta']
[0.395s] Level 1:colcon.colcon_core.package_identification:_identify(manual_control) by extension 'colcon_meta'
[0.395s] Level 1:colcon.colcon_core.package_identification:_identify(manual_control) by extensions ['ros']
[0.395s] Level 1:colcon.colcon_core.package_identification:_identify(manual_control) by extension 'ros'
[0.397s] DEBUG:colcon.colcon_core.package_identification:Package 'manual_control' with type 'ros.ament_cmake' and name 'manual_control'
[0.397s] Level 1:colcon.colcon_core.package_identification:_identify(safety_pkg) by extensions ['ignore', 'ignore_ament_install']
[0.397s] Level 1:colcon.colcon_core.package_identification:_identify(safety_pkg) by extension 'ignore'
[0.397s] Level 1:colcon.colcon_core.package_identification:_identify(safety_pkg) by extension 'ignore_ament_install'
[0.397s] Level 1:colcon.colcon_core.package_identification:_identify(safety_pkg) by extensions ['colcon_pkg']
[0.397s] Level 1:colcon.colcon_core.package_identification:_identify(safety_pkg) by extension 'colcon_pkg'
[0.397s] Level 1:colcon.colcon_core.package_identification:_identify(safety_pkg) by extensions ['colcon_meta']
[0.397s] Level 1:colcon.colcon_core.package_identification:_identify(safety_pkg) by extension 'colcon_meta'
[0.397s] Level 1:colcon.colcon_core.package_identification:_identify(safety_pkg) by extensions ['ros']
[0.397s] Level 1:colcon.colcon_core.package_identification:_identify(safety_pkg) by extension 'ros'
[0.398s] DEBUG:colcon.colcon_core.package_identification:Package 'safety_pkg' with type 'ros.ament_cmake' and name 'safety_pkg'
[0.398s] Level 1:colcon.colcon_core.package_identification:_identify(wall_follower) by extensions ['ignore', 'ignore_ament_install']
[0.398s] Level 1:colcon.colcon_core.package_identification:_identify(wall_follower) by extension 'ignore'
[0.398s] Level 1:colcon.colcon_core.package_identification:_identify(wall_follower) by extension 'ignore_ament_install'
[0.398s] Level 1:colcon.colcon_core.package_identification:_identify(wall_follower) by extensions ['colcon_pkg']
[0.398s] Level 1:colcon.colcon_core.package_identification:_identify(wall_follower) by extension 'colcon_pkg'
[0.398s] Level 1:colcon.colcon_core.package_identification:_identify(wall_follower) by extensions ['colcon_meta']
[0.398s] Level 1:colcon.colcon_core.package_identification:_identify(wall_follower) by extension 'colcon_meta'
[0.398s] Level 1:colcon.colcon_core.package_identification:_identify(wall_follower) by extensions ['ros']
[0.398s] Level 1:colcon.colcon_core.package_identification:_identify(wall_follower) by extension 'ros'
[0.399s] DEBUG:colcon.colcon_core.package_identification:Package 'wall_follower' with type 'ros.ament_cmake' and name 'wall_follower'
[0.399s] Level 1:colcon.colcon_core.package_discovery:discover_packages(recursive) using defaults
[0.399s] Level 1:colcon.colcon_core.package_discovery:discover_packages(ignore) discover
[0.399s] Level 1:colcon.colcon_core.package_discovery:discover_packages(ignore) using defaults
[0.399s] Level 1:colcon.colcon_core.package_discovery:discover_packages(path) discover
[0.399s] Level 1:colcon.colcon_core.package_discovery:discover_packages(path) using defaults
[0.416s] Level 1:colcon.colcon_core.package_discovery:discover_packages(prefix_path) check parameters
[0.416s] Level 1:colcon.colcon_core.package_discovery:discover_packages(prefix_path) discover
[0.418s] DEBUG:colcon.colcon_installed_package_information.package_discovery:Found 1 installed packages in /home/jaime/Desktop/lab1_ws/install
[0.419s] DEBUG:colcon.colcon_installed_package_information.package_discovery:Found 294 installed packages in /opt/ros/foxy
[0.430s] Level 1:colcon.colcon_core.package_discovery:discover_packages(prefix_path) using defaults
[0.498s] Level 5:colcon.colcon_core.verb:set package 'f1tenth_stack' build argument 'cmake_args' from command line to 'None'
[0.498s] Level 5:colcon.colcon_core.verb:set package 'f1tenth_stack' build argument 'cmake_target' from command line to 'None'
[0.498s] Level 5:colcon.colcon_core.verb:set package 'f1tenth_stack' build argument 'cmake_target_skip_unavailable' from command line to 'False'
[0.498s] Level 5:colcon.colcon_core.verb:set package 'f1tenth_stack' build argument 'cmake_clean_cache' from command line to 'False'
[0.498s] Level 5:colcon.colcon_core.verb:set package 'f1tenth_stack' build argument 'cmake_clean_first' from command line to 'False'
[0.498s] Level 5:colcon.colcon_core.verb:set package 'f1tenth_stack' build argument 'cmake_force_configure' from command line to 'False'
[0.498s] Level 5:colcon.colcon_core.verb:set package 'f1tenth_stack' build argument 'ament_cmake_args' from command line to 'None'
[0.498s] Level 5:colcon.colcon_core.verb:set package 'f1tenth_stack' build argument 'catkin_cmake_args' from command line to 'None'
[0.498s] Level 5:colcon.colcon_core.verb:set package 'f1tenth_stack' build argument 'catkin_skip_building_tests' from command line to 'False'
[0.498s] DEBUG:colcon.colcon_core.verb:Building package 'f1tenth_stack' with the following arguments: {'ament_cmake_args': None, 'build_base': '/home/jaime/Documents/GitHub/dev_jaime/myf1tenth_system/src/build/f1tenth_stack', 'catkin_cmake_args': None, 'catkin_skip_building_tests': False, 'cmake_args': None, 'cmake_clean_cache': False, 'cmake_clean_first': False, 'cmake_force_configure': False, 'cmake_target': None, 'cmake_target_skip_unavailable': False, 'install_base': '/home/jaime/Documents/GitHub/dev_jaime/myf1tenth_system/src/install/f1tenth_stack', 'merge_install': False, 'path': '/home/jaime/Documents/GitHub/dev_jaime/myf1tenth_system/src/f1tenth_stack', 'symlink_install': False, 'test_result_base': None}
[0.499s] Level 5:colcon.colcon_core.verb:set package 'manual_control' build argument 'cmake_args' from command line to 'None'
[0.499s] Level 5:colcon.colcon_core.verb:set package 'manual_control' build argument 'cmake_target' from command line to 'None'
[0.499s] Level 5:colcon.colcon_core.verb:set package 'manual_control' build argument 'cmake_target_skip_unavailable' from command line to 'False'
[0.499s] Level 5:colcon.colcon_core.verb:set package 'manual_control' build argument 'cmake_clean_cache' from command line to 'False'
[0.499s] Level 5:colcon.colcon_core.verb:set package 'manual_control' build argument 'cmake_clean_first' from command line to 'False'
[0.499s] Level 5:colcon.colcon_core.verb:set package 'manual_control' build argument 'cmake_force_configure' from command line to 'False'
[0.499s] Level 5:colcon.colcon_core.verb:set package 'manual_control' build argument 'ament_cmake_args' from command line to 'None'
[0.499s] Level 5:colcon.colcon_core.verb:set package 'manual_control' build argument 'catkin_cmake_args' from command line to 'None'
[0.499s] Level 5:colcon.colcon_core.verb:set package 'manual_control' build argument 'catkin_skip_building_tests' from command line to 'False'
[0.499s] DEBUG:colcon.colcon_core.verb:Building package 'manual_control' with the following arguments: {'ament_cmake_args': None, 'build_base': '/home/jaime/Documents/GitHub/dev_jaime/myf1tenth_system/src/build/manual_control', 'catkin_cmake_args': None, 'catkin_skip_building_tests': False, 'cmake_args': None, 'cmake_clean_cache': False, 'cmake_clean_first': False, 'cmake_force_configure': False, 'cmake_target': None, 'cmake_target_skip_unavailable': False, 'install_base': '/home/jaime/Documents/GitHub/dev_jaime/myf1tenth_system/src/install/manual_control', 'merge_install': False, 'path': '/home/jaime/Documents/GitHub/dev_jaime/myf1tenth_system/src/manual_control', 'symlink_install': False, 'test_result_base': None}
[0.499s] Level 5:colcon.colcon_core.verb:set package 'safety_pkg' build argument 'cmake_args' from command line to 'None'
[0.499s] Level 5:colcon.colcon_core.verb:set package 'safety_pkg' build argument 'cmake_target' from command line to 'None'
[0.499s] Level 5:colcon.colcon_core.verb:set package 'safety_pkg' build argument 'cmake_target_skip_unavailable' from command line to 'False'
[0.499s] Level 5:colcon.colcon_core.verb:set package 'safety_pkg' build argument 'cmake_clean_cache' from command line to 'False'
[0.499s] Level 5:colcon.colcon_core.verb:set package 'safety_pkg' build argument 'cmake_clean_first' from command line to 'False'
[0.499s] Level 5:colcon.colcon_core.verb:set package 'safety_pkg' build argument 'cmake_force_configure' from command line to 'False'
[0.499s] Level 5:colcon.colcon_core.verb:set package 'safety_pkg' build argument 'ament_cmake_args' from command line to 'None'
[0.499s] Level 5:colcon.colcon_core.verb:set package 'safety_pkg' build argument 'catkin_cmake_args' from command line to 'None'
[0.499s] Level 5:colcon.colcon_core.verb:set package 'safety_pkg' build argument 'catkin_skip_building_tests' from command line to 'False'
[0.499s] DEBUG:colcon.colcon_core.verb:Building package 'safety_pkg' with the following arguments: {'ament_cmake_args': None, 'build_base': '/home/jaime/Documents/GitHub/dev_jaime/myf1tenth_system/src/build/safety_pkg', 'catkin_cmake_args': None, 'catkin_skip_building_tests': False, 'cmake_args': None, 'cmake_clean_cache': False, 'cmake_clean_first': False, 'cmake_force_configure': False, 'cmake_target': None, 'cmake_target_skip_unavailable': False, 'install_base': '/home/jaime/Documents/GitHub/dev_jaime/myf1tenth_system/src/install/safety_pkg', 'merge_install': False, 'path': '/home/jaime/Documents/GitHub/dev_jaime/myf1tenth_system/src/safety_pkg', 'symlink_install': False, 'test_result_base': None}
[0.500s] Level 5:colcon.colcon_core.verb:set package 'wall_follower' build argument 'cmake_args' from command line to 'None'
[0.500s] Level 5:colcon.colcon_core.verb:set package 'wall_follower' build argument 'cmake_target' from command line to 'None'
[0.500s] Level 5:colcon.colcon_core.verb:set package 'wall_follower' build argument 'cmake_target_skip_unavailable' from command line to 'False'
[0.500s] Level 5:colcon.colcon_core.verb:set package 'wall_follower' build argument 'cmake_clean_cache' from command line to 'False'
[0.500s] Level 5:colcon.colcon_core.verb:set package 'wall_follower' build argument 'cmake_clean_first' from command line to 'False'
[0.500s] Level 5:colcon.colcon_core.verb:set package 'wall_follower' build argument 'cmake_force_configure' from command line to 'False'
[0.500s] Level 5:colcon.colcon_core.verb:set package 'wall_follower' build argument 'ament_cmake_args' from command line to 'None'
[0.500s] Level 5:colcon.colcon_core.verb:set package 'wall_follower' build argument 'catkin_cmake_args' from command line to 'None'
[0.500s] Level 5:colcon.colcon_core.verb:set package 'wall_follower' build argument 'catkin_skip_building_tests' from command line to 'False'
[0.500s] DEBUG:colcon.colcon_core.verb:Building package 'wall_follower' with the following arguments: {'ament_cmake_args': None, 'build_base': '/home/jaime/Documents/GitHub/dev_jaime/myf1tenth_system/src/build/wall_follower', 'catkin_cmake_args': None, 'catkin_skip_building_tests': False, 'cmake_args': None, 'cmake_clean_cache': False, 'cmake_clean_first': False, 'cmake_force_configure': False, 'cmake_target': None, 'cmake_target_skip_unavailable': False, 'install_base': '/home/jaime/Documents/GitHub/dev_jaime/myf1tenth_system/src/install/wall_follower', 'merge_install': False, 'path': '/home/jaime/Documents/GitHub/dev_jaime/myf1tenth_system/src/wall_follower', 'symlink_install': False, 'test_result_base': None}
[0.500s] INFO:colcon.colcon_core.executor:Executing jobs using 'parallel' executor
[0.501s] DEBUG:colcon.colcon_parallel_executor.executor.parallel:run_until_complete
[0.501s] INFO:colcon.colcon_ros.task.ament_python.build:Building ROS package in '/home/jaime/Documents/GitHub/dev_jaime/myf1tenth_system/src/f1tenth_stack' with build type 'ament_python'
[0.502s] Level 1:colcon.colcon_core.shell:create_environment_hook('f1tenth_stack', 'ament_prefix_path')
[0.503s] INFO:colcon.colcon_core.plugin_system:Skipping extension 'colcon_core.shell.bat': Not used on non-Windows systems
[0.504s] INFO:colcon.colcon_core.shell:Creating environment hook '/home/jaime/Documents/GitHub/dev_jaime/myf1tenth_system/src/install/f1tenth_stack/share/f1tenth_stack/hook/ament_prefix_path.ps1'
[0.504s] INFO:colcon.colcon_core.shell:Creating environment descriptor '/home/jaime/Documents/GitHub/dev_jaime/myf1tenth_system/src/install/f1tenth_stack/share/f1tenth_stack/hook/ament_prefix_path.dsv'
[0.505s] INFO:colcon.colcon_core.shell:Creating environment hook '/home/jaime/Documents/GitHub/dev_jaime/myf1tenth_system/src/install/f1tenth_stack/share/f1tenth_stack/hook/ament_prefix_path.sh'
[0.506s] INFO:colcon.colcon_core.shell:Skip shell extension 'powershell' for command environment: Not usable outside of PowerShell
[0.506s] DEBUG:colcon.colcon_core.shell:Skip shell extension 'dsv' for command environment
[0.511s] INFO:colcon.colcon_ros.task.ament_cmake.build:Building ROS package in '/home/jaime/Documents/GitHub/dev_jaime/myf1tenth_system/src/manual_control' with build type 'ament_cmake'
[0.511s] INFO:colcon.colcon_cmake.task.cmake.build:Building CMake package in '/home/jaime/Documents/GitHub/dev_jaime/myf1tenth_system/src/manual_control'
[0.512s] INFO:colcon.colcon_core.shell:Skip shell extension 'powershell' for command environment: Not usable outside of PowerShell
[0.512s] DEBUG:colcon.colcon_core.shell:Skip shell extension 'dsv' for command environment
[0.517s] INFO:colcon.colcon_ros.task.ament_cmake.build:Building ROS package in '/home/jaime/Documents/GitHub/dev_jaime/myf1tenth_system/src/safety_pkg' with build type 'ament_cmake'
[0.517s] INFO:colcon.colcon_cmake.task.cmake.build:Building CMake package in '/home/jaime/Documents/GitHub/dev_jaime/myf1tenth_system/src/safety_pkg'
[0.518s] INFO:colcon.colcon_core.shell:Skip shell extension 'powershell' for command environment: Not usable outside of PowerShell
[0.518s] DEBUG:colcon.colcon_core.shell:Skip shell extension 'dsv' for command environment
[0.523s] INFO:colcon.colcon_ros.task.ament_cmake.build:Building ROS package in '/home/jaime/Documents/GitHub/dev_jaime/myf1tenth_system/src/wall_follower' with build type 'ament_cmake'
[0.524s] INFO:colcon.colcon_cmake.task.cmake.build:Building CMake package in '/home/jaime/Documents/GitHub/dev_jaime/myf1tenth_system/src/wall_follower'
[0.524s] INFO:colcon.colcon_core.shell:Skip shell extension 'powershell' for command environment: Not usable outside of PowerShell
[0.524s] DEBUG:colcon.colcon_core.shell:Skip shell extension 'dsv' for command environment
[0.763s] INFO:colcon.colcon_core.task.python.build:Building Python package in '/home/jaime/Documents/GitHub/dev_jaime/myf1tenth_system/src/f1tenth_stack'
[0.764s] INFO:colcon.colcon_core.shell:Skip shell extension 'powershell' for command environment: Not usable outside of PowerShell
[0.764s] DEBUG:colcon.colcon_core.shell:Skip shell extension 'dsv' for command environment
[0.775s] DEBUG:colcon.colcon_core.event_handler.log_command:Invoking command in '/home/jaime/Documents/GitHub/dev_jaime/myf1tenth_system/src/build/manual_control': CMAKE_PREFIX_PATH=${CMAKE_PREFIX_PATH}:/opt/ros/foxy /usr/bin/cmake --build /home/jaime/Documents/GitHub/dev_jaime/myf1tenth_system/src/build/manual_control -- -j8 -l8
[0.781s] DEBUG:colcon.colcon_core.event_handler.log_command:Invoking command in '/home/jaime/Documents/GitHub/dev_jaime/myf1tenth_system/src/build/safety_pkg': CMAKE_PREFIX_PATH=${CMAKE_PREFIX_PATH}:/opt/ros/foxy /usr/bin/cmake --build /home/jaime/Documents/GitHub/dev_jaime/myf1tenth_system/src/build/safety_pkg -- -j8 -l8
[0.785s] DEBUG:colcon.colcon_core.event_handler.log_command:Invoking command in '/home/jaime/Documents/GitHub/dev_jaime/myf1tenth_system/src/build/wall_follower': CMAKE_PREFIX_PATH=${CMAKE_PREFIX_PATH}:/opt/ros/foxy /usr/bin/cmake --build /home/jaime/Documents/GitHub/dev_jaime/myf1tenth_system/src/build/wall_follower -- -j8 -l8
[0.865s] DEBUG:colcon.colcon_core.event_handler.log_command:Invoked command in '/home/jaime/Documents/GitHub/dev_jaime/myf1tenth_system/src/build/manual_control' returned '0': CMAKE_PREFIX_PATH=${CMAKE_PREFIX_PATH}:/opt/ros/foxy /usr/bin/cmake --build /home/jaime/Documents/GitHub/dev_jaime/myf1tenth_system/src/build/manual_control -- -j8 -l8
[0.881s] DEBUG:colcon.colcon_core.event_handler.log_command:Invoking command in '/home/jaime/Documents/GitHub/dev_jaime/myf1tenth_system/src/build/manual_control': CMAKE_PREFIX_PATH=${CMAKE_PREFIX_PATH}:/opt/ros/foxy /usr/bin/cmake --install /home/jaime/Documents/GitHub/dev_jaime/myf1tenth_system/src/build/manual_control
[0.896s] Level 1:colcon.colcon_core.environment:create_environment_scripts_only(manual_control)
[0.897s] DEBUG:colcon.colcon_core.event_handler.log_command:Invoked command in '/home/jaime/Documents/GitHub/dev_jaime/myf1tenth_system/src/build/manual_control' returned '0': CMAKE_PREFIX_PATH=${CMAKE_PREFIX_PATH}:/opt/ros/foxy /usr/bin/cmake --install /home/jaime/Documents/GitHub/dev_jaime/myf1tenth_system/src/build/manual_control
[0.901s] Level 1:colcon.colcon_core.environment:checking '/home/jaime/Documents/GitHub/dev_jaime/myf1tenth_system/src/install/manual_control' for CMake module files
[0.902s] Level 1:colcon.colcon_core.environment:checking '/home/jaime/Documents/GitHub/dev_jaime/myf1tenth_system/src/install/manual_control' for CMake config files
[0.903s] Level 1:colcon.colcon_core.shell:create_environment_hook('manual_control', 'cmake_prefix_path')
[0.903s] INFO:colcon.colcon_core.shell:Creating environment hook '/home/jaime/Documents/GitHub/dev_jaime/myf1tenth_system/src/install/manual_control/share/manual_control/hook/cmake_prefix_path.ps1'
[0.904s] INFO:colcon.colcon_core.shell:Creating environment descriptor '/home/jaime/Documents/GitHub/dev_jaime/myf1tenth_system/src/install/manual_control/share/manual_control/hook/cmake_prefix_path.dsv'
[0.905s] INFO:colcon.colcon_core.shell:Creating environment hook '/home/jaime/Documents/GitHub/dev_jaime/myf1tenth_system/src/install/manual_control/share/manual_control/hook/cmake_prefix_path.sh'
[0.906s] Level 1:colcon.colcon_core.environment:checking '/home/jaime/Documents/GitHub/dev_jaime/myf1tenth_system/src/install/manual_control/lib'
[0.906s] Level 1:colcon.colcon_core.environment:checking '/home/jaime/Documents/GitHub/dev_jaime/myf1tenth_system/src/install/manual_control/bin'
[0.906s] Level 1:colcon.colcon_core.environment:checking '/home/jaime/Documents/GitHub/dev_jaime/myf1tenth_system/src/install/manual_control/lib/pkgconfig/manual_control.pc'
[0.906s] Level 1:colcon.colcon_core.environment:checking '/home/jaime/Documents/GitHub/dev_jaime/myf1tenth_system/src/install/manual_control/lib/python3.8/site-packages'
[0.907s] Level 1:colcon.colcon_core.environment:checking '/home/jaime/Documents/GitHub/dev_jaime/myf1tenth_system/src/install/manual_control/bin'
[0.907s] INFO:colcon.colcon_core.shell:Creating package script '/home/jaime/Documents/GitHub/dev_jaime/myf1tenth_system/src/install/manual_control/share/manual_control/package.ps1'
[0.909s] INFO:colcon.colcon_core.shell:Creating package descriptor '/home/jaime/Documents/GitHub/dev_jaime/myf1tenth_system/src/install/manual_control/share/manual_control/package.dsv'
[0.910s] INFO:colcon.colcon_core.shell:Creating package script '/home/jaime/Documents/GitHub/dev_jaime/myf1tenth_system/src/install/manual_control/share/manual_control/package.sh'
[0.911s] INFO:colcon.colcon_core.shell:Creating package script '/home/jaime/Documents/GitHub/dev_jaime/myf1tenth_system/src/install/manual_control/share/manual_control/package.bash'
[0.912s] INFO:colcon.colcon_core.shell:Creating package script '/home/jaime/Documents/GitHub/dev_jaime/myf1tenth_system/src/install/manual_control/share/manual_control/package.zsh'
[0.913s] Level 1:colcon.colcon_core.environment:create_file_with_runtime_dependencies(/home/jaime/Documents/GitHub/dev_jaime/myf1tenth_system/src/install/manual_control/share/colcon-core/packages/manual_control)
[0.914s] Level 1:colcon.colcon_core.environment:create_environment_scripts_only(manual_control)
[0.915s] Level 1:colcon.colcon_core.environment:checking '/home/jaime/Documents/GitHub/dev_jaime/myf1tenth_system/src/install/manual_control' for CMake module files
[0.916s] Level 1:colcon.colcon_core.environment:checking '/home/jaime/Documents/GitHub/dev_jaime/myf1tenth_system/src/install/manual_control' for CMake config files
[0.916s] Level 1:colcon.colcon_core.shell:create_environment_hook('manual_control', 'cmake_prefix_path')
[0.916s] INFO:colcon.colcon_core.shell:Creating environment hook '/home/jaime/Documents/GitHub/dev_jaime/myf1tenth_system/src/install/manual_control/share/manual_control/hook/cmake_prefix_path.ps1'
[0.917s] INFO:colcon.colcon_core.shell:Creating environment descriptor '/home/jaime/Documents/GitHub/dev_jaime/myf1tenth_system/src/install/manual_control/share/manual_control/hook/cmake_prefix_path.dsv'
[0.917s] INFO:colcon.colcon_core.shell:Creating environment hook '/home/jaime/Documents/GitHub/dev_jaime/myf1tenth_system/src/install/manual_control/share/manual_control/hook/cmake_prefix_path.sh'
[0.918s] Level 1:colcon.colcon_core.environment:checking '/home/jaime/Documents/GitHub/dev_jaime/myf1tenth_system/src/install/manual_control/lib'
[0.918s] Level 1:colcon.colcon_core.environment:checking '/home/jaime/Documents/GitHub/dev_jaime/myf1tenth_system/src/install/manual_control/bin'
[0.918s] Level 1:colcon.colcon_core.environment:checking '/home/jaime/Documents/GitHub/dev_jaime/myf1tenth_system/src/install/manual_control/lib/pkgconfig/manual_control.pc'
[0.918s] Level 1:colcon.colcon_core.environment:checking '/home/jaime/Documents/GitHub/dev_jaime/myf1tenth_system/src/install/manual_control/lib/python3.8/site-packages'
[0.919s] Level 1:colcon.colcon_core.environment:checking '/home/jaime/Documents/GitHub/dev_jaime/myf1tenth_system/src/install/manual_control/bin'
[0.919s] INFO:colcon.colcon_core.shell:Creating package script '/home/jaime/Documents/GitHub/dev_jaime/myf1tenth_system/src/install/manual_control/share/manual_control/package.ps1'
[0.920s] INFO:colcon.colcon_core.shell:Creating package descriptor '/home/jaime/Documents/GitHub/dev_jaime/myf1tenth_system/src/install/manual_control/share/manual_control/package.dsv'
[0.921s] INFO:colcon.colcon_core.shell:Creating package script '/home/jaime/Documents/GitHub/dev_jaime/myf1tenth_system/src/install/manual_control/share/manual_control/package.sh'
[0.922s] INFO:colcon.colcon_core.shell:Creating package script '/home/jaime/Documents/GitHub/dev_jaime/myf1tenth_system/src/install/manual_control/share/manual_control/package.bash'
[0.922s] INFO:colcon.colcon_core.shell:Creating package script '/home/jaime/Documents/GitHub/dev_jaime/myf1tenth_system/src/install/manual_control/share/manual_control/package.zsh'
[0.923s] Level 1:colcon.colcon_core.environment:create_file_with_runtime_dependencies(/home/jaime/Documents/GitHub/dev_jaime/myf1tenth_system/src/install/manual_control/share/colcon-core/packages/manual_control)
[0.925s] DEBUG:colcon.colcon_core.event_handler.log_command:Invoked command in '/home/jaime/Documents/GitHub/dev_jaime/myf1tenth_system/src/build/safety_pkg' returned '0': CMAKE_PREFIX_PATH=${CMAKE_PREFIX_PATH}:/opt/ros/foxy /usr/bin/cmake --build /home/jaime/Documents/GitHub/dev_jaime/myf1tenth_system/src/build/safety_pkg -- -j8 -l8
[0.929s] DEBUG:colcon.colcon_core.event_handler.log_command:Invoking command in '/home/jaime/Documents/GitHub/dev_jaime/myf1tenth_system/src/build/safety_pkg': CMAKE_PREFIX_PATH=${CMAKE_PREFIX_PATH}:/opt/ros/foxy /usr/bin/cmake --install /home/jaime/Documents/GitHub/dev_jaime/myf1tenth_system/src/build/safety_pkg
[0.949s] Level 1:colcon.colcon_core.environment:create_environment_scripts_only(safety_pkg)
[0.950s] Level 1:colcon.colcon_core.environment:checking '/home/jaime/Documents/GitHub/dev_jaime/myf1tenth_system/src/install/safety_pkg' for CMake module files
[0.950s] DEBUG:colcon.colcon_core.event_handler.log_command:Invoked command in '/home/jaime/Documents/GitHub/dev_jaime/myf1tenth_system/src/build/safety_pkg' returned '0': CMAKE_PREFIX_PATH=${CMAKE_PREFIX_PATH}:/opt/ros/foxy /usr/bin/cmake --install /home/jaime/Documents/GitHub/dev_jaime/myf1tenth_system/src/build/safety_pkg
[0.951s] Level 1:colcon.colcon_core.environment:checking '/home/jaime/Documents/GitHub/dev_jaime/myf1tenth_system/src/install/safety_pkg' for CMake config files
[0.951s] Level 1:colcon.colcon_core.shell:create_environment_hook('safety_pkg', 'cmake_prefix_path')
[0.951s] INFO:colcon.colcon_core.shell:Creating environment hook '/home/jaime/Documents/GitHub/dev_jaime/myf1tenth_system/src/install/safety_pkg/share/safety_pkg/hook/cmake_prefix_path.ps1'
[0.952s] INFO:colcon.colcon_core.shell:Creating environment descriptor '/home/jaime/Documents/GitHub/dev_jaime/myf1tenth_system/src/install/safety_pkg/share/safety_pkg/hook/cmake_prefix_path.dsv'
[0.952s] INFO:colcon.colcon_core.shell:Creating environment hook '/home/jaime/Documents/GitHub/dev_jaime/myf1tenth_system/src/install/safety_pkg/share/safety_pkg/hook/cmake_prefix_path.sh'
[0.953s] Level 1:colcon.colcon_core.environment:checking '/home/jaime/Documents/GitHub/dev_jaime/myf1tenth_system/src/install/safety_pkg/lib'
[0.953s] Level 1:colcon.colcon_core.environment:checking '/home/jaime/Documents/GitHub/dev_jaime/myf1tenth_system/src/install/safety_pkg/bin'
[0.953s] Level 1:colcon.colcon_core.environment:checking '/home/jaime/Documents/GitHub/dev_jaime/myf1tenth_system/src/install/safety_pkg/lib/pkgconfig/safety_pkg.pc'
[0.953s] Level 1:colcon.colcon_core.environment:checking '/home/jaime/Documents/GitHub/dev_jaime/myf1tenth_system/src/install/safety_pkg/lib/python3.8/site-packages'
[0.953s] Level 1:colcon.colcon_core.environment:checking '/home/jaime/Documents/GitHub/dev_jaime/myf1tenth_system/src/install/safety_pkg/bin'
[0.954s] INFO:colcon.colcon_core.shell:Creating package script '/home/jaime/Documents/GitHub/dev_jaime/myf1tenth_system/src/install/safety_pkg/share/safety_pkg/package.ps1'
[0.954s] INFO:colcon.colcon_core.shell:Creating package descriptor '/home/jaime/Documents/GitHub/dev_jaime/myf1tenth_system/src/install/safety_pkg/share/safety_pkg/package.dsv'
[0.955s] INFO:colcon.colcon_core.shell:Creating package script '/home/jaime/Documents/GitHub/dev_jaime/myf1tenth_system/src/install/safety_pkg/share/safety_pkg/package.sh'
[0.956s] INFO:colcon.colcon_core.shell:Creating package script '/home/jaime/Documents/GitHub/dev_jaime/myf1tenth_system/src/install/safety_pkg/share/safety_pkg/package.bash'
[0.956s] INFO:colcon.colcon_core.shell:Creating package script '/home/jaime/Documents/GitHub/dev_jaime/myf1tenth_system/src/install/safety_pkg/share/safety_pkg/package.zsh'
[0.957s] Level 1:colcon.colcon_core.environment:create_file_with_runtime_dependencies(/home/jaime/Documents/GitHub/dev_jaime/myf1tenth_system/src/install/safety_pkg/share/colcon-core/packages/safety_pkg)
[0.957s] Level 1:colcon.colcon_core.environment:create_environment_scripts_only(safety_pkg)
[0.958s] Level 1:colcon.colcon_core.environment:checking '/home/jaime/Documents/GitHub/dev_jaime/myf1tenth_system/src/install/safety_pkg' for CMake module files
[0.958s] Level 1:colcon.colcon_core.environment:checking '/home/jaime/Documents/GitHub/dev_jaime/myf1tenth_system/src/install/safety_pkg' for CMake config files
[0.959s] Level 1:colcon.colcon_core.shell:create_environment_hook('safety_pkg', 'cmake_prefix_path')
[0.959s] INFO:colcon.colcon_core.shell:Creating environment hook '/home/jaime/Documents/GitHub/dev_jaime/myf1tenth_system/src/install/safety_pkg/share/safety_pkg/hook/cmake_prefix_path.ps1'
[0.960s] INFO:colcon.colcon_core.shell:Creating environment descriptor '/home/jaime/Documents/GitHub/dev_jaime/myf1tenth_system/src/install/safety_pkg/share/safety_pkg/hook/cmake_prefix_path.dsv'
[0.960s] INFO:colcon.colcon_core.shell:Creating environment hook '/home/jaime/Documents/GitHub/dev_jaime/myf1tenth_system/src/install/safety_pkg/share/safety_pkg/hook/cmake_prefix_path.sh'
[0.961s] Level 1:colcon.colcon_core.environment:checking '/home/jaime/Documents/GitHub/dev_jaime/myf1tenth_system/src/install/safety_pkg/lib'
[0.961s] Level 1:colcon.colcon_core.environment:checking '/home/jaime/Documents/GitHub/dev_jaime/myf1tenth_system/src/install/safety_pkg/bin'
[0.961s] Level 1:colcon.colcon_core.environment:checking '/home/jaime/Documents/GitHub/dev_jaime/myf1tenth_system/src/install/safety_pkg/lib/pkgconfig/safety_pkg.pc'
[0.961s] Level 1:colcon.colcon_core.environment:checking '/home/jaime/Documents/GitHub/dev_jaime/myf1tenth_system/src/install/safety_pkg/lib/python3.8/site-packages'
[0.962s] Level 1:colcon.colcon_core.environment:checking '/home/jaime/Documents/GitHub/dev_jaime/myf1tenth_system/src/install/safety_pkg/bin'
[0.962s] INFO:colcon.colcon_core.shell:Creating package script '/home/jaime/Documents/GitHub/dev_jaime/myf1tenth_system/src/install/safety_pkg/share/safety_pkg/package.ps1'
[0.963s] INFO:colcon.colcon_core.shell:Creating package descriptor '/home/jaime/Documents/GitHub/dev_jaime/myf1tenth_system/src/install/safety_pkg/share/safety_pkg/package.dsv'
[0.963s] INFO:colcon.colcon_core.shell:Creating package script '/home/jaime/Documents/GitHub/dev_jaime/myf1tenth_system/src/install/safety_pkg/share/safety_pkg/package.sh'
[0.964s] INFO:colcon.colcon_core.shell:Creating package script '/home/jaime/Documents/GitHub/dev_jaime/myf1tenth_system/src/install/safety_pkg/share/safety_pkg/package.bash'
[0.964s] INFO:colcon.colcon_core.shell:Creating package script '/home/jaime/Documents/GitHub/dev_jaime/myf1tenth_system/src/install/safety_pkg/share/safety_pkg/package.zsh'
[0.965s] Level 1:colcon.colcon_core.environment:create_file_with_runtime_dependencies(/home/jaime/Documents/GitHub/dev_jaime/myf1tenth_system/src/install/safety_pkg/share/colcon-core/packages/safety_pkg)
[1.271s] DEBUG:colcon.colcon_core.event_handler.log_command:Invoking command in '/home/jaime/Documents/GitHub/dev_jaime/myf1tenth_system/src/f1tenth_stack': PYTHONPATH=/home/jaime/Documents/GitHub/dev_jaime/myf1tenth_system/src/build/f1tenth_stack/prefix_override:/usr/lib/python3/dist-packages/colcon_core/task/python/colcon_distutils_commands:/home/jaime/Documents/GitHub/dev_jaime/myf1tenth_system/src/install/f1tenth_stack/lib/python3.8/site-packages:${PYTHONPATH} /usr/bin/python3 -W ignore:setup.py install is deprecated -W ignore:easy_install command is deprecated setup.py egg_info --egg-base ../build/f1tenth_stack build --build-base /home/jaime/Documents/GitHub/dev_jaime/myf1tenth_system/src/build/f1tenth_stack/build install --record /home/jaime/Documents/GitHub/dev_jaime/myf1tenth_system/src/build/f1tenth_stack/install.log --install-scripts $base/lib/f1tenth_stack --single-version-externally-managed install_data
[1.597s] Level 1:colcon.colcon_core.environment:checking '/home/jaime/Documents/GitHub/dev_jaime/myf1tenth_system/src/install/f1tenth_stack' for CMake module files
[1.597s] DEBUG:colcon.colcon_core.event_handler.log_command:Invoked command in '/home/jaime/Documents/GitHub/dev_jaime/myf1tenth_system/src/f1tenth_stack' returned '0': PYTHONPATH=/home/jaime/Documents/GitHub/dev_jaime/myf1tenth_system/src/build/f1tenth_stack/prefix_override:/usr/lib/python3/dist-packages/colcon_core/task/python/colcon_distutils_commands:/home/jaime/Documents/GitHub/dev_jaime/myf1tenth_system/src/install/f1tenth_stack/lib/python3.8/site-packages:${PYTHONPATH} /usr/bin/python3 -W ignore:setup.py install is deprecated -W ignore:easy_install command is deprecated setup.py egg_info --egg-base ../build/f1tenth_stack build --build-base /home/jaime/Documents/GitHub/dev_jaime/myf1tenth_system/src/build/f1tenth_stack/build install --record /home/jaime/Documents/GitHub/dev_jaime/myf1tenth_system/src/build/f1tenth_stack/install.log --install-scripts $base/lib/f1tenth_stack --single-version-externally-managed install_data
[1.598s] Level 1:colcon.colcon_core.environment:checking '/home/jaime/Documents/GitHub/dev_jaime/myf1tenth_system/src/install/f1tenth_stack' for CMake config files
[1.599s] Level 1:colcon.colcon_core.environment:checking '/home/jaime/Documents/GitHub/dev_jaime/myf1tenth_system/src/install/f1tenth_stack/lib'
[1.599s] Level 1:colcon.colcon_core.environment:checking '/home/jaime/Documents/GitHub/dev_jaime/myf1tenth_system/src/install/f1tenth_stack/bin'
[1.599s] Level 1:colcon.colcon_core.environment:checking '/home/jaime/Documents/GitHub/dev_jaime/myf1tenth_system/src/install/f1tenth_stack/lib/pkgconfig/f1tenth_stack.pc'
[1.599s] Level 1:colcon.colcon_core.environment:checking '/home/jaime/Documents/GitHub/dev_jaime/myf1tenth_system/src/install/f1tenth_stack/lib/python3.8/site-packages'
[1.599s] Level 1:colcon.colcon_core.shell:create_environment_hook('f1tenth_stack', 'pythonpath')
[1.600s] INFO:colcon.colcon_core.shell:Creating environment hook '/home/jaime/Documents/GitHub/dev_jaime/myf1tenth_system/src/install/f1tenth_stack/share/f1tenth_stack/hook/pythonpath.ps1'
[1.600s] INFO:colcon.colcon_core.shell:Creating environment descriptor '/home/jaime/Documents/GitHub/dev_jaime/myf1tenth_system/src/install/f1tenth_stack/share/f1tenth_stack/hook/pythonpath.dsv'
[1.600s] INFO:colcon.colcon_core.shell:Creating environment hook '/home/jaime/Documents/GitHub/dev_jaime/myf1tenth_system/src/install/f1tenth_stack/share/f1tenth_stack/hook/pythonpath.sh'
[1.601s] Level 1:colcon.colcon_core.environment:checking '/home/jaime/Documents/GitHub/dev_jaime/myf1tenth_system/src/install/f1tenth_stack/bin'
[1.601s] Level 1:colcon.colcon_core.environment:create_environment_scripts_only(f1tenth_stack)
[1.601s] INFO:colcon.colcon_core.shell:Creating package script '/home/jaime/Documents/GitHub/dev_jaime/myf1tenth_system/src/install/f1tenth_stack/share/f1tenth_stack/package.ps1'
[1.602s] INFO:colcon.colcon_core.shell:Creating package descriptor '/home/jaime/Documents/GitHub/dev_jaime/myf1tenth_system/src/install/f1tenth_stack/share/f1tenth_stack/package.dsv'
[1.602s] INFO:colcon.colcon_core.shell:Creating package script '/home/jaime/Documents/GitHub/dev_jaime/myf1tenth_system/src/install/f1tenth_stack/share/f1tenth_stack/package.sh'
[1.603s] INFO:colcon.colcon_core.shell:Creating package script '/home/jaime/Documents/GitHub/dev_jaime/myf1tenth_system/src/install/f1tenth_stack/share/f1tenth_stack/package.bash'
[1.604s] INFO:colcon.colcon_core.shell:Creating package script '/home/jaime/Documents/GitHub/dev_jaime/myf1tenth_system/src/install/f1tenth_stack/share/f1tenth_stack/package.zsh'
[1.604s] Level 1:colcon.colcon_core.environment:create_file_with_runtime_dependencies(/home/jaime/Documents/GitHub/dev_jaime/myf1tenth_system/src/install/f1tenth_stack/share/colcon-core/packages/f1tenth_stack)
[3.817s] DEBUG:colcon.colcon_core.event_handler.log_command:Invoked command in '/home/jaime/Documents/GitHub/dev_jaime/myf1tenth_system/src/build/wall_follower' returned '2': CMAKE_PREFIX_PATH=${CMAKE_PREFIX_PATH}:/opt/ros/foxy /usr/bin/cmake --build /home/jaime/Documents/GitHub/dev_jaime/myf1tenth_system/src/build/wall_follower -- -j8 -l8
[3.818s] Level 1:colcon.colcon_core.environment:create_environment_scripts_only(wall_follower)
[3.818s] Level 1:colcon.colcon_core.environment:checking '/home/jaime/Documents/GitHub/dev_jaime/myf1tenth_system/src/install/wall_follower' for CMake module files
[3.818s] Level 1:colcon.colcon_core.environment:checking '/home/jaime/Documents/GitHub/dev_jaime/myf1tenth_system/src/install/wall_follower' for CMake config files
[3.819s] Level 1:colcon.colcon_core.environment:checking '/home/jaime/Documents/GitHub/dev_jaime/myf1tenth_system/src/install/wall_follower/bin'
[3.819s] Level 1:colcon.colcon_core.environment:checking '/home/jaime/Documents/GitHub/dev_jaime/myf1tenth_system/src/install/wall_follower/lib/pkgconfig/wall_follower.pc'
[3.819s] Level 1:colcon.colcon_core.environment:checking '/home/jaime/Documents/GitHub/dev_jaime/myf1tenth_system/src/install/wall_follower/lib/python3.8/site-packages'
[3.819s] Level 1:colcon.colcon_core.environment:checking '/home/jaime/Documents/GitHub/dev_jaime/myf1tenth_system/src/install/wall_follower/bin'
[3.819s] INFO:colcon.colcon_core.shell:Creating package script '/home/jaime/Documents/GitHub/dev_jaime/myf1tenth_system/src/install/wall_follower/share/wall_follower/package.ps1'
[3.820s] INFO:colcon.colcon_core.shell:Creating package descriptor '/home/jaime/Documents/GitHub/dev_jaime/myf1tenth_system/src/install/wall_follower/share/wall_follower/package.dsv'
[3.820s] INFO:colcon.colcon_core.shell:Creating package script '/home/jaime/Documents/GitHub/dev_jaime/myf1tenth_system/src/install/wall_follower/share/wall_follower/package.sh'
[3.821s] INFO:colcon.colcon_core.shell:Creating package script '/home/jaime/Documents/GitHub/dev_jaime/myf1tenth_system/src/install/wall_follower/share/wall_follower/package.bash'
[3.821s] INFO:colcon.colcon_core.shell:Creating package script '/home/jaime/Documents/GitHub/dev_jaime/myf1tenth_system/src/install/wall_follower/share/wall_follower/package.zsh'
[3.821s] Level 1:colcon.colcon_core.environment:create_file_with_runtime_dependencies(/home/jaime/Documents/GitHub/dev_jaime/myf1tenth_system/src/install/wall_follower/share/colcon-core/packages/wall_follower)
[3.832s] DEBUG:colcon.colcon_parallel_executor.executor.parallel:closing loop
[3.832s] DEBUG:colcon.colcon_parallel_executor.executor.parallel:loop closed
[3.832s] DEBUG:colcon.colcon_parallel_executor.executor.parallel:run_until_complete finished with '2'
[3.833s] DEBUG:colcon.colcon_core.event_reactor:joining thread
[3.847s] INFO:colcon.colcon_core.plugin_system:Skipping extension 'colcon_notification.desktop_notification.terminal_notifier': Not used on non-Darwin systems
[3.847s] INFO:colcon.colcon_core.plugin_system:Skipping extension 'colcon_notification.desktop_notification.win32': Not used on non-Windows systems
[3.847s] INFO:colcon.colcon_notification.desktop_notification:Sending desktop notification using 'notify2'
[3.862s] DEBUG:colcon.colcon_core.event_reactor:joined thread
[3.862s] INFO:colcon.colcon_core.shell:Creating prefix script '/home/jaime/Documents/GitHub/dev_jaime/myf1tenth_system/src/install/local_setup.ps1'
[3.864s] INFO:colcon.colcon_core.shell:Creating prefix util module '/home/jaime/Documents/GitHub/dev_jaime/myf1tenth_system/src/install/_local_setup_util_ps1.py'
[3.866s] INFO:colcon.colcon_core.shell:Creating prefix chain script '/home/jaime/Documents/GitHub/dev_jaime/myf1tenth_system/src/install/setup.ps1'
[3.868s] INFO:colcon.colcon_core.shell:Creating prefix script '/home/jaime/Documents/GitHub/dev_jaime/myf1tenth_system/src/install/local_setup.sh'
[3.869s] INFO:colcon.colcon_core.shell:Creating prefix util module '/home/jaime/Documents/GitHub/dev_jaime/myf1tenth_system/src/install/_local_setup_util_sh.py'
[3.870s] INFO:colcon.colcon_core.shell:Creating prefix chain script '/home/jaime/Documents/GitHub/dev_jaime/myf1tenth_system/src/install/setup.sh'
[3.871s] INFO:colcon.colcon_core.shell:Creating prefix script '/home/jaime/Documents/GitHub/dev_jaime/myf1tenth_system/src/install/local_setup.bash'
[3.872s] INFO:colcon.colcon_core.shell:Creating prefix chain script '/home/jaime/Documents/GitHub/dev_jaime/myf1tenth_system/src/install/setup.bash'
[3.873s] INFO:colcon.colcon_core.shell:Creating prefix script '/home/jaime/Documents/GitHub/dev_jaime/myf1tenth_system/src/install/local_setup.zsh'
[3.874s] INFO:colcon.colcon_core.shell:Creating prefix chain script '/home/jaime/Documents/GitHub/dev_jaime/myf1tenth_system/src/install/setup.zsh'
