[0.217s] DEBUG:colcon:Command line arguments: ['/usr/bin/colcon', 'build']
[0.217s] DEBUG:colcon:Parsed command line arguments: Namespace(allow_overriding=[], ament_cmake_args=None, base_paths=['.'], build_base='build', catkin_cmake_args=None, catkin_skip_building_tests=False, cmake_args=None, cmake_clean_cache=False, cmake_clean_first=False, cmake_force_configure=False, cmake_target=None, cmake_target_skip_unavailable=False, continue_on_error=False, event_handlers=None, executor='parallel', ignore_user_meta=False, install_base='install', log_base=None, log_level=None, main=<bound method BuildVerb.main of <colcon_core.verb.build.BuildVerb object at 0x7f7a359f55b0>>, merge_install=False, metas=['./colcon.meta'], mixin=None, mixin_files=None, mixin_verb=('build',), packages_above=None, packages_above_and_dependencies=None, packages_above_depth=None, packages_end=None, packages_ignore=None, packages_ignore_regex=None, packages_select=None, packages_select_build_failed=False, packages_select_by_dep=None, packages_select_regex=None, packages_select_test_failures=False, packages_skip=None, packages_skip_build_finished=False, packages_skip_by_dep=None, packages_skip_regex=None, packages_skip_test_passed=False, packages_skip_up_to=None, packages_start=None, packages_up_to=None, packages_up_to_regex=None, parallel_workers=8, paths=None, symlink_install=False, test_result_base=None, verb_extension=<colcon_core.verb.build.BuildVerb object at 0x7f7a359f55b0>, verb_name='build', verb_parser=<colcon_mixin.mixin.mixin_argument.MixinArgumentDecorator object at 0x7f7a3594c640>)
[0.388s] Level 1:colcon.colcon_core.package_discovery:discover_packages(colcon_meta) check parameters
[0.388s] Level 1:colcon.colcon_core.package_discovery:discover_packages(recursive) check parameters
[0.388s] Level 1:colcon.colcon_core.package_discovery:discover_packages(ignore) check parameters
[0.389s] Level 1:colcon.colcon_core.package_discovery:discover_packages(path) check parameters
[0.389s] Level 1:colcon.colcon_core.package_discovery:discover_packages(colcon_meta) discover
[0.389s] Level 1:colcon.colcon_core.package_discovery:discover_packages(recursive) discover
[0.389s] INFO:colcon.colcon_core.package_discovery:Crawling recursively for packages in '/home/jaime/Documents/GitHub/dev_jaime/myf1tenth_system/src'
[0.389s] Level 1:colcon.colcon_core.package_identification:_identify(.) by extensions ['ignore', 'ignore_ament_install']
[0.389s] Level 1:colcon.colcon_core.package_identification:_identify(.) by extension 'ignore'
[0.389s] Level 1:colcon.colcon_core.package_identification:_identify(.) by extension 'ignore_ament_install'
[0.389s] Level 1:colcon.colcon_core.package_identification:_identify(.) by extensions ['colcon_pkg']
[0.389s] Level 1:colcon.colcon_core.package_identification:_identify(.) by extension 'colcon_pkg'
[0.389s] Level 1:colcon.colcon_core.package_identification:_identify(.) by extensions ['colcon_meta']
[0.389s] Level 1:colcon.colcon_core.package_identification:_identify(.) by extension 'colcon_meta'
[0.389s] Level 1:colcon.colcon_core.package_identification:_identify(.) by extensions ['ros']
[0.389s] Level 1:colcon.colcon_core.package_identification:_identify(.) by extension 'ros'
[0.401s] Level 1:colcon.colcon_core.package_identification:_identify(.) by extensions ['cmake', 'python']
[0.401s] Level 1:colcon.colcon_core.package_identification:_identify(.) by extension 'cmake'
[0.401s] Level 1:colcon.colcon_core.package_identification:_identify(.) by extension 'python'
[0.401s] Level 1:colcon.colcon_core.package_identification:_identify(.) by extensions ['python_setup_py']
[0.401s] Level 1:colcon.colcon_core.package_identification:_identify(.) by extension 'python_setup_py'
[0.401s] Level 1:colcon.colcon_core.package_identification:_identify(build) by extensions ['ignore', 'ignore_ament_install']
[0.401s] Level 1:colcon.colcon_core.package_identification:_identify(build) by extension 'ignore'
[0.401s] Level 1:colcon.colcon_core.package_identification:_identify(build) ignored
[0.401s] Level 1:colcon.colcon_core.package_identification:_identify(f1tenth_stack) by extensions ['ignore', 'ignore_ament_install']
[0.401s] Level 1:colcon.colcon_core.package_identification:_identify(f1tenth_stack) by extension 'ignore'
[0.402s] Level 1:colcon.colcon_core.package_identification:_identify(f1tenth_stack) by extension 'ignore_ament_install'
[0.402s] Level 1:colcon.colcon_core.package_identification:_identify(f1tenth_stack) by extensions ['colcon_pkg']
[0.402s] Level 1:colcon.colcon_core.package_identification:_identify(f1tenth_stack) by extension 'colcon_pkg'
[0.402s] Level 1:colcon.colcon_core.package_identification:_identify(f1tenth_stack) by extensions ['colcon_meta']
[0.402s] Level 1:colcon.colcon_core.package_identification:_identify(f1tenth_stack) by extension 'colcon_meta'
[0.402s] Level 1:colcon.colcon_core.package_identification:_identify(f1tenth_stack) by extensions ['ros']
[0.402s] Level 1:colcon.colcon_core.package_identification:_identify(f1tenth_stack) by extension 'ros'
[0.442s] DEBUG:colcon.colcon_core.package_identification:Package 'f1tenth_stack' with type 'ros.ament_python' and name 'f1tenth_stack'
[0.442s] Level 1:colcon.colcon_core.package_identification:_identify(install) by extensions ['ignore', 'ignore_ament_install']
[0.443s] Level 1:colcon.colcon_core.package_identification:_identify(install) by extension 'ignore'
[0.443s] Level 1:colcon.colcon_core.package_identification:_identify(install) ignored
[0.444s] Level 1:colcon.colcon_core.package_identification:_identify(log) by extensions ['ignore', 'ignore_ament_install']
[0.444s] Level 1:colcon.colcon_core.package_identification:_identify(log) by extension 'ignore'
[0.444s] Level 1:colcon.colcon_core.package_identification:_identify(log) ignored
[0.445s] Level 1:colcon.colcon_core.package_identification:_identify(manual_control) by extensions ['ignore', 'ignore_ament_install']
[0.445s] Level 1:colcon.colcon_core.package_identification:_identify(manual_control) by extension 'ignore'
[0.445s] Level 1:colcon.colcon_core.package_identification:_identify(manual_control) by extension 'ignore_ament_install'
[0.445s] Level 1:colcon.colcon_core.package_identification:_identify(manual_control) by extensions ['colcon_pkg']
[0.445s] Level 1:colcon.colcon_core.package_identification:_identify(manual_control) by extension 'colcon_pkg'
[0.445s] Level 1:colcon.colcon_core.package_identification:_identify(manual_control) by extensions ['colcon_meta']
[0.446s] Level 1:colcon.colcon_core.package_identification:_identify(manual_control) by extension 'colcon_meta'
[0.446s] Level 1:colcon.colcon_core.package_identification:_identify(manual_control) by extensions ['ros']
[0.446s] Level 1:colcon.colcon_core.package_identification:_identify(manual_control) by extension 'ros'
[0.460s] DEBUG:colcon.colcon_core.package_identification:Package 'manual_control' with type 'ros.ament_cmake' and name 'manual_control'
[0.460s] Level 1:colcon.colcon_core.package_identification:_identify(safety_pkg) by extensions ['ignore', 'ignore_ament_install']
[0.460s] Level 1:colcon.colcon_core.package_identification:_identify(safety_pkg) by extension 'ignore'
[0.460s] Level 1:colcon.colcon_core.package_identification:_identify(safety_pkg) by extension 'ignore_ament_install'
[0.460s] Level 1:colcon.colcon_core.package_identification:_identify(safety_pkg) by extensions ['colcon_pkg']
[0.460s] Level 1:colcon.colcon_core.package_identification:_identify(safety_pkg) by extension 'colcon_pkg'
[0.461s] Level 1:colcon.colcon_core.package_identification:_identify(safety_pkg) by extensions ['colcon_meta']
[0.461s] Level 1:colcon.colcon_core.package_identification:_identify(safety_pkg) by extension 'colcon_meta'
[0.461s] Level 1:colcon.colcon_core.package_identification:_identify(safety_pkg) by extensions ['ros']
[0.461s] Level 1:colcon.colcon_core.package_identification:_identify(safety_pkg) by extension 'ros'
[0.463s] DEBUG:colcon.colcon_core.package_identification:Package 'safety_pkg' with type 'ros.ament_cmake' and name 'safety_pkg'
[0.463s] Level 1:colcon.colcon_core.package_identification:_identify(wall_follower) by extensions ['ignore', 'ignore_ament_install']
[0.463s] Level 1:colcon.colcon_core.package_identification:_identify(wall_follower) by extension 'ignore'
[0.463s] Level 1:colcon.colcon_core.package_identification:_identify(wall_follower) by extension 'ignore_ament_install'
[0.463s] Level 1:colcon.colcon_core.package_identification:_identify(wall_follower) by extensions ['colcon_pkg']
[0.463s] Level 1:colcon.colcon_core.package_identification:_identify(wall_follower) by extension 'colcon_pkg'
[0.463s] Level 1:colcon.colcon_core.package_identification:_identify(wall_follower) by extensions ['colcon_meta']
[0.464s] Level 1:colcon.colcon_core.package_identification:_identify(wall_follower) by extension 'colcon_meta'
[0.464s] Level 1:colcon.colcon_core.package_identification:_identify(wall_follower) by extensions ['ros']
[0.464s] Level 1:colcon.colcon_core.package_identification:_identify(wall_follower) by extension 'ros'
[0.465s] DEBUG:colcon.colcon_core.package_identification:Package 'wall_follower' with type 'ros.ament_cmake' and name 'wall_follower'
[0.465s] Level 1:colcon.colcon_core.package_discovery:discover_packages(recursive) using defaults
[0.466s] Level 1:colcon.colcon_core.package_discovery:discover_packages(ignore) discover
[0.466s] Level 1:colcon.colcon_core.package_discovery:discover_packages(ignore) using defaults
[0.466s] Level 1:colcon.colcon_core.package_discovery:discover_packages(path) discover
[0.466s] Level 1:colcon.colcon_core.package_discovery:discover_packages(path) using defaults
[0.489s] Level 1:colcon.colcon_core.package_discovery:discover_packages(prefix_path) check parameters
[0.489s] Level 1:colcon.colcon_core.package_discovery:discover_packages(prefix_path) discover
[0.491s] DEBUG:colcon.colcon_installed_package_information.package_discovery:Found 1 installed packages in /home/jaime/Desktop/lab1_ws/install
[0.492s] DEBUG:colcon.colcon_installed_package_information.package_discovery:Found 294 installed packages in /opt/ros/foxy
[0.503s] Level 1:colcon.colcon_core.package_discovery:discover_packages(prefix_path) using defaults
[0.572s] Level 5:colcon.colcon_core.verb:set package 'f1tenth_stack' build argument 'cmake_args' from command line to 'None'
[0.572s] Level 5:colcon.colcon_core.verb:set package 'f1tenth_stack' build argument 'cmake_target' from command line to 'None'
[0.572s] Level 5:colcon.colcon_core.verb:set package 'f1tenth_stack' build argument 'cmake_target_skip_unavailable' from command line to 'False'
[0.572s] Level 5:colcon.colcon_core.verb:set package 'f1tenth_stack' build argument 'cmake_clean_cache' from command line to 'False'
[0.572s] Level 5:colcon.colcon_core.verb:set package 'f1tenth_stack' build argument 'cmake_clean_first' from command line to 'False'
[0.572s] Level 5:colcon.colcon_core.verb:set package 'f1tenth_stack' build argument 'cmake_force_configure' from command line to 'False'
[0.572s] Level 5:colcon.colcon_core.verb:set package 'f1tenth_stack' build argument 'ament_cmake_args' from command line to 'None'
[0.572s] Level 5:colcon.colcon_core.verb:set package 'f1tenth_stack' build argument 'catkin_cmake_args' from command line to 'None'
[0.572s] Level 5:colcon.colcon_core.verb:set package 'f1tenth_stack' build argument 'catkin_skip_building_tests' from command line to 'False'
[0.572s] DEBUG:colcon.colcon_core.verb:Building package 'f1tenth_stack' with the following arguments: {'ament_cmake_args': None, 'build_base': '/home/jaime/Documents/GitHub/dev_jaime/myf1tenth_system/src/build/f1tenth_stack', 'catkin_cmake_args': None, 'catkin_skip_building_tests': False, 'cmake_args': None, 'cmake_clean_cache': False, 'cmake_clean_first': False, 'cmake_force_configure': False, 'cmake_target': None, 'cmake_target_skip_unavailable': False, 'install_base': '/home/jaime/Documents/GitHub/dev_jaime/myf1tenth_system/src/install/f1tenth_stack', 'merge_install': False, 'path': '/home/jaime/Documents/GitHub/dev_jaime/myf1tenth_system/src/f1tenth_stack', 'symlink_install': False, 'test_result_base': None}
[0.572s] Level 5:colcon.colcon_core.verb:set package 'manual_control' build argument 'cmake_args' from command line to 'None'
[0.572s] Level 5:colcon.colcon_core.verb:set package 'manual_control' build argument 'cmake_target' from command line to 'None'
[0.572s] Level 5:colcon.colcon_core.verb:set package 'manual_control' build argument 'cmake_target_skip_unavailable' from command line to 'False'
[0.572s] Level 5:colcon.colcon_core.verb:set package 'manual_control' build argument 'cmake_clean_cache' from command line to 'False'
[0.572s] Level 5:colcon.colcon_core.verb:set package 'manual_control' build argument 'cmake_clean_first' from command line to 'False'
[0.572s] Level 5:colcon.colcon_core.verb:set package 'manual_control' build argument 'cmake_force_configure' from command line to 'False'
[0.572s] Level 5:colcon.colcon_core.verb:set package 'manual_control' build argument 'ament_cmake_args' from command line to 'None'
[0.573s] Level 5:colcon.colcon_core.verb:set package 'manual_control' build argument 'catkin_cmake_args' from command line to 'None'
[0.573s] Level 5:colcon.colcon_core.verb:set package 'manual_control' build argument 'catkin_skip_building_tests' from command line to 'False'
[0.573s] DEBUG:colcon.colcon_core.verb:Building package 'manual_control' with the following arguments: {'ament_cmake_args': None, 'build_base': '/home/jaime/Documents/GitHub/dev_jaime/myf1tenth_system/src/build/manual_control', 'catkin_cmake_args': None, 'catkin_skip_building_tests': False, 'cmake_args': None, 'cmake_clean_cache': False, 'cmake_clean_first': False, 'cmake_force_configure': False, 'cmake_target': None, 'cmake_target_skip_unavailable': False, 'install_base': '/home/jaime/Documents/GitHub/dev_jaime/myf1tenth_system/src/install/manual_control', 'merge_install': False, 'path': '/home/jaime/Documents/GitHub/dev_jaime/myf1tenth_system/src/manual_control', 'symlink_install': False, 'test_result_base': None}
[0.573s] Level 5:colcon.colcon_core.verb:set package 'safety_pkg' build argument 'cmake_args' from command line to 'None'
[0.573s] Level 5:colcon.colcon_core.verb:set package 'safety_pkg' build argument 'cmake_target' from command line to 'None'
[0.573s] Level 5:colcon.colcon_core.verb:set package 'safety_pkg' build argument 'cmake_target_skip_unavailable' from command line to 'False'
[0.573s] Level 5:colcon.colcon_core.verb:set package 'safety_pkg' build argument 'cmake_clean_cache' from command line to 'False'
[0.573s] Level 5:colcon.colcon_core.verb:set package 'safety_pkg' build argument 'cmake_clean_first' from command line to 'False'
[0.573s] Level 5:colcon.colcon_core.verb:set package 'safety_pkg' build argument 'cmake_force_configure' from command line to 'False'
[0.573s] Level 5:colcon.colcon_core.verb:set package 'safety_pkg' build argument 'ament_cmake_args' from command line to 'None'
[0.573s] Level 5:colcon.colcon_core.verb:set package 'safety_pkg' build argument 'catkin_cmake_args' from command line to 'None'
[0.573s] Level 5:colcon.colcon_core.verb:set package 'safety_pkg' build argument 'catkin_skip_building_tests' from command line to 'False'
[0.573s] DEBUG:colcon.colcon_core.verb:Building package 'safety_pkg' with the following arguments: {'ament_cmake_args': None, 'build_base': '/home/jaime/Documents/GitHub/dev_jaime/myf1tenth_system/src/build/safety_pkg', 'catkin_cmake_args': None, 'catkin_skip_building_tests': False, 'cmake_args': None, 'cmake_clean_cache': False, 'cmake_clean_first': False, 'cmake_force_configure': False, 'cmake_target': None, 'cmake_target_skip_unavailable': False, 'install_base': '/home/jaime/Documents/GitHub/dev_jaime/myf1tenth_system/src/install/safety_pkg', 'merge_install': False, 'path': '/home/jaime/Documents/GitHub/dev_jaime/myf1tenth_system/src/safety_pkg', 'symlink_install': False, 'test_result_base': None}
[0.574s] Level 5:colcon.colcon_core.verb:set package 'wall_follower' build argument 'cmake_args' from command line to 'None'
[0.574s] Level 5:colcon.colcon_core.verb:set package 'wall_follower' build argument 'cmake_target' from command line to 'None'
[0.574s] Level 5:colcon.colcon_core.verb:set package 'wall_follower' build argument 'cmake_target_skip_unavailable' from command line to 'False'
[0.574s] Level 5:colcon.colcon_core.verb:set package 'wall_follower' build argument 'cmake_clean_cache' from command line to 'False'
[0.574s] Level 5:colcon.colcon_core.verb:set package 'wall_follower' build argument 'cmake_clean_first' from command line to 'False'
[0.574s] Level 5:colcon.colcon_core.verb:set package 'wall_follower' build argument 'cmake_force_configure' from command line to 'False'
[0.574s] Level 5:colcon.colcon_core.verb:set package 'wall_follower' build argument 'ament_cmake_args' from command line to 'None'
[0.574s] Level 5:colcon.colcon_core.verb:set package 'wall_follower' build argument 'catkin_cmake_args' from command line to 'None'
[0.574s] Level 5:colcon.colcon_core.verb:set package 'wall_follower' build argument 'catkin_skip_building_tests' from command line to 'False'
[0.574s] DEBUG:colcon.colcon_core.verb:Building package 'wall_follower' with the following arguments: {'ament_cmake_args': None, 'build_base': '/home/jaime/Documents/GitHub/dev_jaime/myf1tenth_system/src/build/wall_follower', 'catkin_cmake_args': None, 'catkin_skip_building_tests': False, 'cmake_args': None, 'cmake_clean_cache': False, 'cmake_clean_first': False, 'cmake_force_configure': False, 'cmake_target': None, 'cmake_target_skip_unavailable': False, 'install_base': '/home/jaime/Documents/GitHub/dev_jaime/myf1tenth_system/src/install/wall_follower', 'merge_install': False, 'path': '/home/jaime/Documents/GitHub/dev_jaime/myf1tenth_system/src/wall_follower', 'symlink_install': False, 'test_result_base': None}
[0.574s] INFO:colcon.colcon_core.executor:Executing jobs using 'parallel' executor
[0.576s] DEBUG:colcon.colcon_parallel_executor.executor.parallel:run_until_complete
[0.576s] INFO:colcon.colcon_ros.task.ament_python.build:Building ROS package in '/home/jaime/Documents/GitHub/dev_jaime/myf1tenth_system/src/f1tenth_stack' with build type 'ament_python'
[0.576s] Level 1:colcon.colcon_core.shell:create_environment_hook('f1tenth_stack', 'ament_prefix_path')
[0.578s] INFO:colcon.colcon_core.plugin_system:Skipping extension 'colcon_core.shell.bat': Not used on non-Windows systems
[0.578s] INFO:colcon.colcon_core.shell:Creating environment hook '/home/jaime/Documents/GitHub/dev_jaime/myf1tenth_system/src/install/f1tenth_stack/share/f1tenth_stack/hook/ament_prefix_path.ps1'
[0.579s] INFO:colcon.colcon_core.shell:Creating environment descriptor '/home/jaime/Documents/GitHub/dev_jaime/myf1tenth_system/src/install/f1tenth_stack/share/f1tenth_stack/hook/ament_prefix_path.dsv'
[0.579s] INFO:colcon.colcon_core.shell:Creating environment hook '/home/jaime/Documents/GitHub/dev_jaime/myf1tenth_system/src/install/f1tenth_stack/share/f1tenth_stack/hook/ament_prefix_path.sh'
[0.580s] INFO:colcon.colcon_core.shell:Skip shell extension 'powershell' for command environment: Not usable outside of PowerShell
[0.580s] DEBUG:colcon.colcon_core.shell:Skip shell extension 'dsv' for command environment
[0.584s] INFO:colcon.colcon_ros.task.ament_cmake.build:Building ROS package in '/home/jaime/Documents/GitHub/dev_jaime/myf1tenth_system/src/manual_control' with build type 'ament_cmake'
[0.585s] INFO:colcon.colcon_cmake.task.cmake.build:Building CMake package in '/home/jaime/Documents/GitHub/dev_jaime/myf1tenth_system/src/manual_control'
[0.585s] INFO:colcon.colcon_core.shell:Skip shell extension 'powershell' for command environment: Not usable outside of PowerShell
[0.585s] DEBUG:colcon.colcon_core.shell:Skip shell extension 'dsv' for command environment
[0.590s] INFO:colcon.colcon_ros.task.ament_cmake.build:Building ROS package in '/home/jaime/Documents/GitHub/dev_jaime/myf1tenth_system/src/safety_pkg' with build type 'ament_cmake'
[0.590s] INFO:colcon.colcon_cmake.task.cmake.build:Building CMake package in '/home/jaime/Documents/GitHub/dev_jaime/myf1tenth_system/src/safety_pkg'
[0.591s] INFO:colcon.colcon_core.shell:Skip shell extension 'powershell' for command environment: Not usable outside of PowerShell
[0.591s] DEBUG:colcon.colcon_core.shell:Skip shell extension 'dsv' for command environment
[0.596s] INFO:colcon.colcon_ros.task.ament_cmake.build:Building ROS package in '/home/jaime/Documents/GitHub/dev_jaime/myf1tenth_system/src/wall_follower' with build type 'ament_cmake'
[0.597s] INFO:colcon.colcon_cmake.task.cmake.build:Building CMake package in '/home/jaime/Documents/GitHub/dev_jaime/myf1tenth_system/src/wall_follower'
[0.597s] INFO:colcon.colcon_core.shell:Skip shell extension 'powershell' for command environment: Not usable outside of PowerShell
[0.597s] DEBUG:colcon.colcon_core.shell:Skip shell extension 'dsv' for command environment
[0.836s] INFO:colcon.colcon_core.task.python.build:Building Python package in '/home/jaime/Documents/GitHub/dev_jaime/myf1tenth_system/src/f1tenth_stack'
[0.836s] INFO:colcon.colcon_core.shell:Skip shell extension 'powershell' for command environment: Not usable outside of PowerShell
[0.836s] DEBUG:colcon.colcon_core.shell:Skip shell extension 'dsv' for command environment
[0.845s] DEBUG:colcon.colcon_core.event_handler.log_command:Invoking command in '/home/jaime/Documents/GitHub/dev_jaime/myf1tenth_system/src/build/manual_control': CMAKE_PREFIX_PATH=${CMAKE_PREFIX_PATH}:/opt/ros/foxy /usr/bin/cmake /home/jaime/Documents/GitHub/dev_jaime/myf1tenth_system/src/manual_control -DCMAKE_INSTALL_PREFIX=/home/jaime/Documents/GitHub/dev_jaime/myf1tenth_system/src/install/manual_control
[0.849s] DEBUG:colcon.colcon_core.event_handler.log_command:Invoking command in '/home/jaime/Documents/GitHub/dev_jaime/myf1tenth_system/src/build/safety_pkg': CMAKE_PREFIX_PATH=${CMAKE_PREFIX_PATH}:/opt/ros/foxy /usr/bin/cmake /home/jaime/Documents/GitHub/dev_jaime/myf1tenth_system/src/safety_pkg -DCMAKE_INSTALL_PREFIX=/home/jaime/Documents/GitHub/dev_jaime/myf1tenth_system/src/install/safety_pkg
[0.855s] DEBUG:colcon.colcon_core.event_handler.log_command:Invoking command in '/home/jaime/Documents/GitHub/dev_jaime/myf1tenth_system/src/build/wall_follower': CMAKE_PREFIX_PATH=${CMAKE_PREFIX_PATH}:/opt/ros/foxy /usr/bin/cmake /home/jaime/Documents/GitHub/dev_jaime/myf1tenth_system/src/wall_follower -DCMAKE_INSTALL_PREFIX=/home/jaime/Documents/GitHub/dev_jaime/myf1tenth_system/src/install/wall_follower
[1.509s] DEBUG:colcon.colcon_core.event_handler.log_command:Invoking command in '/home/jaime/Documents/GitHub/dev_jaime/myf1tenth_system/src/f1tenth_stack': PYTHONPATH=/home/jaime/Documents/GitHub/dev_jaime/myf1tenth_system/src/build/f1tenth_stack/prefix_override:/usr/lib/python3/dist-packages/colcon_core/task/python/colcon_distutils_commands:/home/jaime/Documents/GitHub/dev_jaime/myf1tenth_system/src/install/f1tenth_stack/lib/python3.8/site-packages:${PYTHONPATH} /usr/bin/python3 -W ignore:setup.py install is deprecated -W ignore:easy_install command is deprecated setup.py egg_info --egg-base ../build/f1tenth_stack build --build-base /home/jaime/Documents/GitHub/dev_jaime/myf1tenth_system/src/build/f1tenth_stack/build install --record /home/jaime/Documents/GitHub/dev_jaime/myf1tenth_system/src/build/f1tenth_stack/install.log --install-scripts $base/lib/f1tenth_stack --single-version-externally-managed install_data
[1.981s] DEBUG:colcon.colcon_core.event_handler.log_command:Invoked command in '/home/jaime/Documents/GitHub/dev_jaime/myf1tenth_system/src/f1tenth_stack' returned '0': PYTHONPATH=/home/jaime/Documents/GitHub/dev_jaime/myf1tenth_system/src/build/f1tenth_stack/prefix_override:/usr/lib/python3/dist-packages/colcon_core/task/python/colcon_distutils_commands:/home/jaime/Documents/GitHub/dev_jaime/myf1tenth_system/src/install/f1tenth_stack/lib/python3.8/site-packages:${PYTHONPATH} /usr/bin/python3 -W ignore:setup.py install is deprecated -W ignore:easy_install command is deprecated setup.py egg_info --egg-base ../build/f1tenth_stack build --build-base /home/jaime/Documents/GitHub/dev_jaime/myf1tenth_system/src/build/f1tenth_stack/build install --record /home/jaime/Documents/GitHub/dev_jaime/myf1tenth_system/src/build/f1tenth_stack/install.log --install-scripts $base/lib/f1tenth_stack --single-version-externally-managed install_data
[1.986s] Level 1:colcon.colcon_core.environment:checking '/home/jaime/Documents/GitHub/dev_jaime/myf1tenth_system/src/install/f1tenth_stack' for CMake module files
[1.987s] Level 1:colcon.colcon_core.environment:checking '/home/jaime/Documents/GitHub/dev_jaime/myf1tenth_system/src/install/f1tenth_stack' for CMake config files
[1.988s] Level 1:colcon.colcon_core.environment:checking '/home/jaime/Documents/GitHub/dev_jaime/myf1tenth_system/src/install/f1tenth_stack/lib'
[1.988s] Level 1:colcon.colcon_core.environment:checking '/home/jaime/Documents/GitHub/dev_jaime/myf1tenth_system/src/install/f1tenth_stack/bin'
[1.989s] Level 1:colcon.colcon_core.environment:checking '/home/jaime/Documents/GitHub/dev_jaime/myf1tenth_system/src/install/f1tenth_stack/lib/pkgconfig/f1tenth_stack.pc'
[1.989s] Level 1:colcon.colcon_core.environment:checking '/home/jaime/Documents/GitHub/dev_jaime/myf1tenth_system/src/install/f1tenth_stack/lib/python3.8/site-packages'
[1.989s] Level 1:colcon.colcon_core.shell:create_environment_hook('f1tenth_stack', 'pythonpath')
[1.990s] INFO:colcon.colcon_core.shell:Creating environment hook '/home/jaime/Documents/GitHub/dev_jaime/myf1tenth_system/src/install/f1tenth_stack/share/f1tenth_stack/hook/pythonpath.ps1'
[1.990s] INFO:colcon.colcon_core.shell:Creating environment descriptor '/home/jaime/Documents/GitHub/dev_jaime/myf1tenth_system/src/install/f1tenth_stack/share/f1tenth_stack/hook/pythonpath.dsv'
[1.991s] INFO:colcon.colcon_core.shell:Creating environment hook '/home/jaime/Documents/GitHub/dev_jaime/myf1tenth_system/src/install/f1tenth_stack/share/f1tenth_stack/hook/pythonpath.sh'
[1.992s] Level 1:colcon.colcon_core.environment:checking '/home/jaime/Documents/GitHub/dev_jaime/myf1tenth_system/src/install/f1tenth_stack/bin'
[1.992s] Level 1:colcon.colcon_core.environment:create_environment_scripts_only(f1tenth_stack)
[1.992s] INFO:colcon.colcon_core.shell:Creating package script '/home/jaime/Documents/GitHub/dev_jaime/myf1tenth_system/src/install/f1tenth_stack/share/f1tenth_stack/package.ps1'
[1.994s] INFO:colcon.colcon_core.shell:Creating package descriptor '/home/jaime/Documents/GitHub/dev_jaime/myf1tenth_system/src/install/f1tenth_stack/share/f1tenth_stack/package.dsv'
[1.995s] INFO:colcon.colcon_core.shell:Creating package script '/home/jaime/Documents/GitHub/dev_jaime/myf1tenth_system/src/install/f1tenth_stack/share/f1tenth_stack/package.sh'
[1.997s] INFO:colcon.colcon_core.shell:Creating package script '/home/jaime/Documents/GitHub/dev_jaime/myf1tenth_system/src/install/f1tenth_stack/share/f1tenth_stack/package.bash'
[1.998s] INFO:colcon.colcon_core.shell:Creating package script '/home/jaime/Documents/GitHub/dev_jaime/myf1tenth_system/src/install/f1tenth_stack/share/f1tenth_stack/package.zsh'
[1.999s] Level 1:colcon.colcon_core.environment:create_file_with_runtime_dependencies(/home/jaime/Documents/GitHub/dev_jaime/myf1tenth_system/src/install/f1tenth_stack/share/colcon-core/packages/f1tenth_stack)
[2.977s] DEBUG:colcon.colcon_core.event_handler.log_command:Invoked command in '/home/jaime/Documents/GitHub/dev_jaime/myf1tenth_system/src/build/manual_control' returned '0': CMAKE_PREFIX_PATH=${CMAKE_PREFIX_PATH}:/opt/ros/foxy /usr/bin/cmake /home/jaime/Documents/GitHub/dev_jaime/myf1tenth_system/src/manual_control -DCMAKE_INSTALL_PREFIX=/home/jaime/Documents/GitHub/dev_jaime/myf1tenth_system/src/install/manual_control
[2.981s] DEBUG:colcon.colcon_core.event_handler.log_command:Invoking command in '/home/jaime/Documents/GitHub/dev_jaime/myf1tenth_system/src/build/manual_control': CMAKE_PREFIX_PATH=${CMAKE_PREFIX_PATH}:/opt/ros/foxy /usr/bin/cmake --build /home/jaime/Documents/GitHub/dev_jaime/myf1tenth_system/src/build/manual_control -- -j8 -l8
[3.039s] DEBUG:colcon.colcon_core.event_handler.log_command:Invoked command in '/home/jaime/Documents/GitHub/dev_jaime/myf1tenth_system/src/build/wall_follower' returned '0': CMAKE_PREFIX_PATH=${CMAKE_PREFIX_PATH}:/opt/ros/foxy /usr/bin/cmake /home/jaime/Documents/GitHub/dev_jaime/myf1tenth_system/src/wall_follower -DCMAKE_INSTALL_PREFIX=/home/jaime/Documents/GitHub/dev_jaime/myf1tenth_system/src/install/wall_follower
[3.042s] DEBUG:colcon.colcon_core.event_handler.log_command:Invoking command in '/home/jaime/Documents/GitHub/dev_jaime/myf1tenth_system/src/build/wall_follower': CMAKE_PREFIX_PATH=${CMAKE_PREFIX_PATH}:/opt/ros/foxy /usr/bin/cmake --build /home/jaime/Documents/GitHub/dev_jaime/myf1tenth_system/src/build/wall_follower -- -j8 -l8
[3.230s] DEBUG:colcon.colcon_core.event_handler.log_command:Invoked command in '/home/jaime/Documents/GitHub/dev_jaime/myf1tenth_system/src/build/safety_pkg' returned '1': CMAKE_PREFIX_PATH=${CMAKE_PREFIX_PATH}:/opt/ros/foxy /usr/bin/cmake /home/jaime/Documents/GitHub/dev_jaime/myf1tenth_system/src/safety_pkg -DCMAKE_INSTALL_PREFIX=/home/jaime/Documents/GitHub/dev_jaime/myf1tenth_system/src/install/safety_pkg
[3.248s] Level 1:colcon.colcon_core.environment:create_environment_scripts_only(safety_pkg)
[3.249s] Level 1:colcon.colcon_core.environment:checking '/home/jaime/Documents/GitHub/dev_jaime/myf1tenth_system/src/install/safety_pkg' for CMake module files
[3.249s] Level 1:colcon.colcon_core.environment:checking '/home/jaime/Documents/GitHub/dev_jaime/myf1tenth_system/src/install/safety_pkg' for CMake config files
[3.250s] Level 1:colcon.colcon_core.environment:checking '/home/jaime/Documents/GitHub/dev_jaime/myf1tenth_system/src/install/safety_pkg/bin'
[3.250s] Level 1:colcon.colcon_core.environment:checking '/home/jaime/Documents/GitHub/dev_jaime/myf1tenth_system/src/install/safety_pkg/lib/pkgconfig/safety_pkg.pc'
[3.250s] Level 1:colcon.colcon_core.environment:checking '/home/jaime/Documents/GitHub/dev_jaime/myf1tenth_system/src/install/safety_pkg/lib/python3.8/site-packages'
[3.250s] Level 1:colcon.colcon_core.environment:checking '/home/jaime/Documents/GitHub/dev_jaime/myf1tenth_system/src/install/safety_pkg/bin'
[3.251s] INFO:colcon.colcon_core.shell:Creating package script '/home/jaime/Documents/GitHub/dev_jaime/myf1tenth_system/src/install/safety_pkg/share/safety_pkg/package.ps1'
[3.251s] INFO:colcon.colcon_core.shell:Creating package descriptor '/home/jaime/Documents/GitHub/dev_jaime/myf1tenth_system/src/install/safety_pkg/share/safety_pkg/package.dsv'
[3.252s] INFO:colcon.colcon_core.shell:Creating package script '/home/jaime/Documents/GitHub/dev_jaime/myf1tenth_system/src/install/safety_pkg/share/safety_pkg/package.sh'
[3.252s] INFO:colcon.colcon_core.shell:Creating package script '/home/jaime/Documents/GitHub/dev_jaime/myf1tenth_system/src/install/safety_pkg/share/safety_pkg/package.bash'
[3.253s] INFO:colcon.colcon_core.shell:Creating package script '/home/jaime/Documents/GitHub/dev_jaime/myf1tenth_system/src/install/safety_pkg/share/safety_pkg/package.zsh'
[3.253s] Level 1:colcon.colcon_core.environment:create_file_with_runtime_dependencies(/home/jaime/Documents/GitHub/dev_jaime/myf1tenth_system/src/install/safety_pkg/share/colcon-core/packages/safety_pkg)
[10.998s] DEBUG:colcon.colcon_parallel_executor.executor.parallel:closing loop
[10.999s] DEBUG:colcon.colcon_parallel_executor.executor.parallel:loop closed
[10.999s] DEBUG:colcon.colcon_parallel_executor.executor.parallel:run_until_complete finished with '1'
[10.999s] DEBUG:colcon.colcon_core.event_reactor:joining thread
[11.005s] INFO:colcon.colcon_core.plugin_system:Skipping extension 'colcon_notification.desktop_notification.terminal_notifier': Not used on non-Darwin systems
[11.005s] INFO:colcon.colcon_core.plugin_system:Skipping extension 'colcon_notification.desktop_notification.win32': Not used on non-Windows systems
[11.005s] INFO:colcon.colcon_notification.desktop_notification:Sending desktop notification using 'notify2'
[11.021s] DEBUG:colcon.colcon_core.event_reactor:joined thread
[11.021s] INFO:colcon.colcon_core.shell:Creating prefix script '/home/jaime/Documents/GitHub/dev_jaime/myf1tenth_system/src/install/local_setup.ps1'
[11.022s] INFO:colcon.colcon_core.shell:Creating prefix util module '/home/jaime/Documents/GitHub/dev_jaime/myf1tenth_system/src/install/_local_setup_util_ps1.py'
[11.024s] INFO:colcon.colcon_core.shell:Creating prefix chain script '/home/jaime/Documents/GitHub/dev_jaime/myf1tenth_system/src/install/setup.ps1'
[11.025s] INFO:colcon.colcon_core.shell:Creating prefix script '/home/jaime/Documents/GitHub/dev_jaime/myf1tenth_system/src/install/local_setup.sh'
[11.026s] INFO:colcon.colcon_core.shell:Creating prefix util module '/home/jaime/Documents/GitHub/dev_jaime/myf1tenth_system/src/install/_local_setup_util_sh.py'
[11.026s] INFO:colcon.colcon_core.shell:Creating prefix chain script '/home/jaime/Documents/GitHub/dev_jaime/myf1tenth_system/src/install/setup.sh'
[11.028s] INFO:colcon.colcon_core.shell:Creating prefix script '/home/jaime/Documents/GitHub/dev_jaime/myf1tenth_system/src/install/local_setup.bash'
[11.028s] INFO:colcon.colcon_core.shell:Creating prefix chain script '/home/jaime/Documents/GitHub/dev_jaime/myf1tenth_system/src/install/setup.bash'
[11.030s] INFO:colcon.colcon_core.shell:Creating prefix script '/home/jaime/Documents/GitHub/dev_jaime/myf1tenth_system/src/install/local_setup.zsh'
[11.030s] INFO:colcon.colcon_core.shell:Creating prefix chain script '/home/jaime/Documents/GitHub/dev_jaime/myf1tenth_system/src/install/setup.zsh'
