[100%] Built target manual_control_node
-- Install configuration: ""
-- Installing: /home/jaime/Documents/GitHub/dev_jaime/myf1tenth_system/src/install/manual_control/lib/manual_control/manual_control_node
-- Set runtime path of "/home/jaime/Documents/GitHub/dev_jaime/myf1tenth_system/src/install/manual_control/lib/manual_control/manual_control_node" to ""
-- Installing: /home/jaime/Documents/GitHub/dev_jaime/myf1tenth_system/src/install/manual_control/share/manual_control//params
-- Installing: /home/jaime/Documents/GitHub/dev_jaime/myf1tenth_system/src/install/manual_control/share/manual_control//params/manual_control_node_params.yaml
-- Installing: /home/jaime/Documents/GitHub/dev_jaime/myf1tenth_system/src/install/manual_control/share/ament_index/resource_index/package_run_dependencies/manual_control
-- Installing: /home/jaime/Documents/GitHub/dev_jaime/myf1tenth_system/src/install/manual_control/share/ament_index/resource_index/parent_prefix_path/manual_control
-- Installing: /home/jaime/Documents/GitHub/dev_jaime/myf1tenth_system/src/install/manual_control/share/manual_control/environment/ament_prefix_path.sh
-- Installing: /home/jaime/Documents/GitHub/dev_jaime/myf1tenth_system/src/install/manual_control/share/manual_control/environment/ament_prefix_path.dsv
-- Installing: /home/jaime/Documents/GitHub/dev_jaime/myf1tenth_system/src/install/manual_control/share/manual_control/environment/path.sh
-- Installing: /home/jaime/Documents/GitHub/dev_jaime/myf1tenth_system/src/install/manual_control/share/manual_control/environment/path.dsv
-- Installing: /home/jaime/Documents/GitHub/dev_jaime/myf1tenth_system/src/install/manual_control/share/manual_control/local_setup.bash
-- Installing: /home/jaime/Documents/GitHub/dev_jaime/myf1tenth_system/src/install/manual_control/share/manual_control/local_setup.sh
-- Installing: /home/jaime/Documents/GitHub/dev_jaime/myf1tenth_system/src/install/manual_control/share/manual_control/local_setup.zsh
-- Installing: /home/jaime/Documents/GitHub/dev_jaime/myf1tenth_system/src/install/manual_control/share/manual_control/local_setup.dsv
-- Installing: /home/jaime/Documents/GitHub/dev_jaime/myf1tenth_system/src/install/manual_control/share/manual_control/package.dsv
-- Installing: /home/jaime/Documents/GitHub/dev_jaime/myf1tenth_system/src/install/manual_control/share/ament_index/resource_index/packages/manual_control
-- Installing: /home/jaime/Documents/GitHub/dev_jaime/myf1tenth_system/src/install/manual_control/share/manual_control/cmake/manual_controlConfig.cmake
-- Installing: /home/jaime/Documents/GitHub/dev_jaime/myf1tenth_system/src/install/manual_control/share/manual_control/cmake/manual_controlConfig-version.cmake
-- Installing: /home/jaime/Documents/GitHub/dev_jaime/myf1tenth_system/src/install/manual_control/share/manual_control/package.xml
