[0.260s] Invoking command in '/home/jaime/Documents/GitHub/dev_jaime/myf1tenth_system/src/build/manual_control': CMAKE_PREFIX_PATH=${CMAKE_PREFIX_PATH}:/opt/ros/foxy /usr/bin/cmake --build /home/jaime/Documents/GitHub/dev_jaime/myf1tenth_system/src/build/manual_control -- -j8 -l8
[0.348s] [100%] Built target manual_control_node
[0.365s] Invoked command in '/home/jaime/Documents/GitHub/dev_jaime/myf1tenth_system/src/build/manual_control' returned '0': CMAKE_PREFIX_PATH=${CMAKE_PREFIX_PATH}:/opt/ros/foxy /usr/bin/cmake --build /home/jaime/Documents/GitHub/dev_jaime/myf1tenth_system/src/build/manual_control -- -j8 -l8
[0.383s] Invoking command in '/home/jaime/Documents/GitHub/dev_jaime/myf1tenth_system/src/build/manual_control': CMAKE_PREFIX_PATH=${CMAKE_PREFIX_PATH}:/opt/ros/foxy /usr/bin/cmake --install /home/jaime/Documents/GitHub/dev_jaime/myf1tenth_system/src/build/manual_control
[0.392s] -- Install configuration: ""
[0.392s] -- Installing: /home/jaime/Documents/GitHub/dev_jaime/myf1tenth_system/src/install/manual_control/lib/manual_control/manual_control_node
[0.397s] -- Set runtime path of "/home/jaime/Documents/GitHub/dev_jaime/myf1tenth_system/src/install/manual_control/lib/manual_control/manual_control_node" to ""
[0.397s] -- Installing: /home/jaime/Documents/GitHub/dev_jaime/myf1tenth_system/src/install/manual_control/share/manual_control//params
[0.398s] -- Installing: /home/jaime/Documents/GitHub/dev_jaime/myf1tenth_system/src/install/manual_control/share/manual_control//params/manual_control_node_params.yaml
[0.398s] -- Installing: /home/jaime/Documents/GitHub/dev_jaime/myf1tenth_system/src/install/manual_control/share/ament_index/resource_index/package_run_dependencies/manual_control
[0.399s] -- Installing: /home/jaime/Documents/GitHub/dev_jaime/myf1tenth_system/src/install/manual_control/share/ament_index/resource_index/parent_prefix_path/manual_control
[0.399s] -- Installing: /home/jaime/Documents/GitHub/dev_jaime/myf1tenth_system/src/install/manual_control/share/manual_control/environment/ament_prefix_path.sh
[0.399s] -- Installing: /home/jaime/Documents/GitHub/dev_jaime/myf1tenth_system/src/install/manual_control/share/manual_control/environment/ament_prefix_path.dsv
[0.399s] -- Installing: /home/jaime/Documents/GitHub/dev_jaime/myf1tenth_system/src/install/manual_control/share/manual_control/environment/path.sh
[0.400s] -- Installing: /home/jaime/Documents/GitHub/dev_jaime/myf1tenth_system/src/install/manual_control/share/manual_control/environment/path.dsv
[0.400s] -- Installing: /home/jaime/Documents/GitHub/dev_jaime/myf1tenth_system/src/install/manual_control/share/manual_control/local_setup.bash
[0.400s] -- Installing: /home/jaime/Documents/GitHub/dev_jaime/myf1tenth_system/src/install/manual_control/share/manual_control/local_setup.sh
[0.400s] -- Installing: /home/jaime/Documents/GitHub/dev_jaime/myf1tenth_system/src/install/manual_control/share/manual_control/local_setup.zsh
[0.401s] -- Installing: /home/jaime/Documents/GitHub/dev_jaime/myf1tenth_system/src/install/manual_control/share/manual_control/local_setup.dsv
[0.401s] -- Installing: /home/jaime/Documents/GitHub/dev_jaime/myf1tenth_system/src/install/manual_control/share/manual_control/package.dsv
[0.401s] -- Installing: /home/jaime/Documents/GitHub/dev_jaime/myf1tenth_system/src/install/manual_control/share/ament_index/resource_index/packages/manual_control
[0.401s] -- Installing: /home/jaime/Documents/GitHub/dev_jaime/myf1tenth_system/src/install/manual_control/share/manual_control/cmake/manual_controlConfig.cmake
[0.401s] -- Installing: /home/jaime/Documents/GitHub/dev_jaime/myf1tenth_system/src/install/manual_control/share/manual_control/cmake/manual_controlConfig-version.cmake
[0.401s] -- Installing: /home/jaime/Documents/GitHub/dev_jaime/myf1tenth_system/src/install/manual_control/share/manual_control/package.xml
[0.406s] Invoked command in '/home/jaime/Documents/GitHub/dev_jaime/myf1tenth_system/src/build/manual_control' returned '0': CMAKE_PREFIX_PATH=${CMAKE_PREFIX_PATH}:/opt/ros/foxy /usr/bin/cmake --install /home/jaime/Documents/GitHub/dev_jaime/myf1tenth_system/src/build/manual_control
