[0.258s] Invoking command in '/home/jaime/Documents/GitHub/dev_jaime/myf1tenth_system/src/build/safety_pkg': CMAKE_PREFIX_PATH=${CMAKE_PREFIX_PATH}:/opt/ros/foxy /usr/bin/cmake /home/jaime/Documents/GitHub/dev_jaime/myf1tenth_system/src/safety_pkg -DCMAKE_INSTALL_PREFIX=/home/jaime/Documents/GitHub/dev_jaime/myf1tenth_system/src/install/safety_pkg
[0.275s] -- Found ament_cmake: 0.9.12 (/opt/ros/foxy/share/ament_cmake/cmake)
[0.308s] -- Using PYTHON_EXECUTABLE: /usr/bin/python3
[0.588s] -- Found rclcpp: 2.4.3 (/opt/ros/foxy/share/rclcpp/cmake)
[0.629s] -- Using all available rosidl_typesupport_c: rosidl_typesupport_fastrtps_c;rosidl_typesupport_introspection_c
[0.633s] -- Found rosidl_adapter: 1.3.1 (/opt/ros/foxy/share/rosidl_adapter/cmake)
[0.777s] -- Using all available rosidl_typesupport_cpp: rosidl_typesupport_fastrtps_cpp;rosidl_typesupport_introspection_cpp
[0.841s] -- Found rmw_implementation_cmake: 1.0.4 (/opt/ros/foxy/share/rmw_implementation_cmake/cmake)
[0.843s] -- Using RMW implementation 'rmw_fastrtps_cpp' as default
[1.028s] -- Found sensor_msgs: 2.0.5 (/opt/ros/foxy/share/sensor_msgs/cmake)
[1.211s] -- Found nav_msgs: 2.0.5 (/opt/ros/foxy/share/nav_msgs/cmake)
[1.314s] -- Found ackermann_msgs: 2.0.2 (/opt/ros/foxy/share/ackermann_msgs/cmake)
[1.359s] -- Found ament_cmake_gtest: 0.9.12 (/opt/ros/foxy/share/ament_cmake_gtest/cmake)
[1.360s] -- Found ament_lint_auto: 0.9.8 (/opt/ros/foxy/share/ament_lint_auto/cmake)
[1.429s] -- Added test 'copyright' to check source files copyright and LICENSE
[1.430s] -- Added test 'cppcheck' to perform static code analysis on C / C++ code
[1.430s] -- Configured cppcheck include dirs: /home/jaime/Documents/GitHub/dev_jaime/myf1tenth_system/src/safety_pkg/include
[1.431s] -- Configured cppcheck exclude dirs and/or files: 
[1.431s] -- Added test 'cpplint' to check C / C++ code against the Google style
[1.431s] -- Configured cpplint exclude dirs and/or files: 
[1.432s] -- Added test 'flake8' to check Python code syntax and style conventions
[1.432s] -- Added test 'lint_cmake' to check CMake code style
[1.433s] -- Added test 'pep257' to check Python code against some of the style conventions in PEP 257
[1.433s] -- Added test 'uncrustify' to check C / C++ code style
[1.434s] -- Configured uncrustify additional arguments: 
[1.434s] -- Added test 'xmllint' to check XML markup files
[1.436s] -- Configuring done
[1.449s] -- Generating done
[1.455s] -- Build files have been written to: /home/jaime/Documents/GitHub/dev_jaime/myf1tenth_system/src/build/safety_pkg
[1.462s] Invoked command in '/home/jaime/Documents/GitHub/dev_jaime/myf1tenth_system/src/build/safety_pkg' returned '0': CMAKE_PREFIX_PATH=${CMAKE_PREFIX_PATH}:/opt/ros/foxy /usr/bin/cmake /home/jaime/Documents/GitHub/dev_jaime/myf1tenth_system/src/safety_pkg -DCMAKE_INSTALL_PREFIX=/home/jaime/Documents/GitHub/dev_jaime/myf1tenth_system/src/install/safety_pkg
[1.465s] Invoking command in '/home/jaime/Documents/GitHub/dev_jaime/myf1tenth_system/src/build/safety_pkg': CMAKE_PREFIX_PATH=${CMAKE_PREFIX_PATH}:/opt/ros/foxy /usr/bin/cmake --build /home/jaime/Documents/GitHub/dev_jaime/myf1tenth_system/src/build/safety_pkg -- -j8 -l8
[1.503s] [35m[1mScanning dependencies of target ttc_calculator[0m
[1.515s] [ 20%] [32mBuilding CXX object CMakeFiles/ttc_calculator.dir/src/ttc_calculator.cpp.o[0m
[2.059s] [ 40%] [32m[1mLinking CXX static library libttc_calculator.a[0m
[2.090s] [ 40%] Built target ttc_calculator
[2.100s] [35m[1mScanning dependencies of target safety_node[0m
[2.143s] [ 60%] [32mBuilding CXX object CMakeFiles/safety_node.dir/src/main.cpp.o[0m
[2.146s] [ 80%] [32mBuilding CXX object CMakeFiles/safety_node.dir/src/safety_node.cpp.o[0m
[9.077s] [100%] [32m[1mLinking CXX executable safety_node[0m
[9.408s] [100%] Built target safety_node
