[0.823s] Invoking command in '/home/jaime/Documents/GitHub/dev_jaime/myf1tenth_system/src/f1tenth_stack': PYTHONPATH=/home/jaime/Documents/GitHub/dev_jaime/myf1tenth_system/src/build/f1tenth_stack/prefix_override:/usr/lib/python3/dist-packages/colcon_core/task/python/colcon_distutils_commands:/home/jaime/Documents/GitHub/dev_jaime/myf1tenth_system/src/install/f1tenth_stack/lib/python3.8/site-packages:${PYTHONPATH} /usr/bin/python3 -W ignore:setup.py install is deprecated -W ignore:easy_install command is deprecated setup.py egg_info --egg-base ../build/f1tenth_stack build --build-base /home/jaime/Documents/GitHub/dev_jaime/myf1tenth_system/src/build/f1tenth_stack/build install --record /home/jaime/Documents/GitHub/dev_jaime/myf1tenth_system/src/build/f1tenth_stack/install.log --install-scripts $base/lib/f1tenth_stack --single-version-externally-managed install_data
[1.095s] running egg_info
[1.096s] writing ../build/f1tenth_stack/f1tenth_stack.egg-info/PKG-INFO
[1.096s] writing dependency_links to ../build/f1tenth_stack/f1tenth_stack.egg-info/dependency_links.txt
[1.096s] writing entry points to ../build/f1tenth_stack/f1tenth_stack.egg-info/entry_points.txt
[1.096s] writing requirements to ../build/f1tenth_stack/f1tenth_stack.egg-info/requires.txt
[1.097s] writing top-level names to ../build/f1tenth_stack/f1tenth_stack.egg-info/top_level.txt
[1.143s] reading manifest file '../build/f1tenth_stack/f1tenth_stack.egg-info/SOURCES.txt'
[1.145s] writing manifest file '../build/f1tenth_stack/f1tenth_stack.egg-info/SOURCES.txt'
[1.145s] running build
[1.145s] running build_py
[1.145s] running install
[1.146s] running install_lib
[1.148s] running install_data
[1.148s] running install_egg_info
[1.150s] removing '/home/jaime/Documents/GitHub/dev_jaime/myf1tenth_system/src/install/f1tenth_stack/lib/python3.8/site-packages/f1tenth_stack-0.0.1-py3.8.egg-info' (and everything under it)
[1.150s] Copying ../build/f1tenth_stack/f1tenth_stack.egg-info to /home/jaime/Documents/GitHub/dev_jaime/myf1tenth_system/src/install/f1tenth_stack/lib/python3.8/site-packages/f1tenth_stack-0.0.1-py3.8.egg-info
[1.151s] running install_scripts
[1.171s] Installing tf_publisher script to /home/jaime/Documents/GitHub/dev_jaime/myf1tenth_system/src/install/f1tenth_stack/lib/f1tenth_stack
[1.172s] Installing throttle_interpolator script to /home/jaime/Documents/GitHub/dev_jaime/myf1tenth_system/src/install/f1tenth_stack/lib/f1tenth_stack
[1.172s] writing list of installed files to '/home/jaime/Documents/GitHub/dev_jaime/myf1tenth_system/src/build/f1tenth_stack/install.log'
[1.198s] Invoked command in '/home/jaime/Documents/GitHub/dev_jaime/myf1tenth_system/src/f1tenth_stack' returned '0': PYTHONPATH=/home/jaime/Documents/GitHub/dev_jaime/myf1tenth_system/src/build/f1tenth_stack/prefix_override:/usr/lib/python3/dist-packages/colcon_core/task/python/colcon_distutils_commands:/home/jaime/Documents/GitHub/dev_jaime/myf1tenth_system/src/install/f1tenth_stack/lib/python3.8/site-packages:${PYTHONPATH} /usr/bin/python3 -W ignore:setup.py install is deprecated -W ignore:easy_install command is deprecated setup.py egg_info --egg-base ../build/f1tenth_stack build --build-base /home/jaime/Documents/GitHub/dev_jaime/myf1tenth_system/src/build/f1tenth_stack/build install --record /home/jaime/Documents/GitHub/dev_jaime/myf1tenth_system/src/build/f1tenth_stack/install.log --install-scripts $base/lib/f1tenth_stack --single-version-externally-managed install_data
