[0.259s] Invoking command in '/home/jaime/Documents/GitHub/dev_jaime/myf1tenth_system/src/build/safety_pkg': CMAKE_PREFIX_PATH=${CMAKE_PREFIX_PATH}:/opt/ros/foxy /usr/bin/cmake /home/jaime/Documents/GitHub/dev_jaime/myf1tenth_system/src/safety_pkg -DCMAKE_INSTALL_PREFIX=/home/jaime/Documents/GitHub/dev_jaime/myf1tenth_system/src/install/safety_pkg
[0.325s] -- The C compiler identification is GNU 9.4.0
[0.397s] -- The CXX compiler identification is GNU 9.4.0
[0.405s] -- Check for working C compiler: /usr/bin/cc
[0.490s] -- Check for working C compiler: /usr/bin/cc -- works
[0.491s] -- Detecting C compiler ABI info
[0.580s] -- Detecting C compiler ABI info - done
[0.599s] -- Detecting C compile features
[0.599s] -- Detecting C compile features - done
[0.603s] -- Check for working CXX compiler: /usr/bin/c++
[0.704s] -- Check for working CXX compiler: /usr/bin/c++ -- works
[0.705s] -- Detecting CXX compiler ABI info
[0.806s] -- Detecting CXX compiler ABI info - done
[0.829s] -- Detecting CXX compile features
[0.830s] -- Detecting CXX compile features - done
[0.832s] -- Found ament_cmake: 0.9.12 (/opt/ros/foxy/share/ament_cmake/cmake)
[0.866s] -- Found PythonInterp: /usr/bin/python3 (found suitable version "3.8.10", minimum required is "3") 
[0.866s] -- Using PYTHON_EXECUTABLE: /usr/bin/python3
[1.150s] -- Found rclcpp: 2.4.3 (/opt/ros/foxy/share/rclcpp/cmake)
[1.217s] -- Using all available rosidl_typesupport_c: rosidl_typesupport_fastrtps_c;rosidl_typesupport_introspection_c
[1.228s] -- Found rosidl_adapter: 1.3.1 (/opt/ros/foxy/share/rosidl_adapter/cmake)
[1.333s] -- Found OpenSSL: /usr/lib/x86_64-linux-gnu/libcrypto.so (found version "1.1.1f")  
[1.376s] -- Found FastRTPS: /opt/ros/foxy/include  
[1.478s] -- Using all available rosidl_typesupport_cpp: rosidl_typesupport_fastrtps_cpp;rosidl_typesupport_introspection_cpp
[1.552s] -- Found rmw_implementation_cmake: 1.0.4 (/opt/ros/foxy/share/rmw_implementation_cmake/cmake)
[1.555s] -- Using RMW implementation 'rmw_fastrtps_cpp' as default
[1.556s] -- Looking for pthread.h
[1.632s] -- Looking for pthread.h - found
[1.632s] -- Performing Test CMAKE_HAVE_LIBC_PTHREAD
[1.712s] -- Performing Test CMAKE_HAVE_LIBC_PTHREAD - Failed
[1.712s] -- Looking for pthread_create in pthreads
[1.775s] -- Looking for pthread_create in pthreads - not found
[1.775s] -- Looking for pthread_create in pthread
[1.854s] -- Looking for pthread_create in pthread - found
[1.855s] -- Found Threads: TRUE  
[2.097s] -- Found sensor_msgs: 2.0.5 (/opt/ros/foxy/share/sensor_msgs/cmake)
[2.251s] -- Found nav_msgs: 2.0.5 (/opt/ros/foxy/share/nav_msgs/cmake)
[2.349s] -- Found ackermann_msgs: 2.0.2 (/opt/ros/foxy/share/ackermann_msgs/cmake)
[2.400s] -- Found ament_cmake_gtest: 0.9.12 (/opt/ros/foxy/share/ament_cmake_gtest/cmake)
[2.404s] -- Found gtest sources under '/opt/ros/foxy/src/gtest_vendor': C++ tests using 'Google Test' will be built
[2.407s] -- Check if compiler accepts -pthread
[2.490s] -- Check if compiler accepts -pthread - yes
[2.493s] -- Found ament_lint_auto: 0.9.8 (/opt/ros/foxy/share/ament_lint_auto/cmake)
[2.603s] -- Added test 'copyright' to check source files copyright and LICENSE
[2.606s] -- Added test 'cppcheck' to perform static code analysis on C / C++ code
[2.608s] -- Configured cppcheck include dirs: /home/jaime/Documents/GitHub/dev_jaime/myf1tenth_system/src/safety_pkg/include
[2.608s] -- Configured cppcheck exclude dirs and/or files: 
[2.610s] -- Added test 'cpplint' to check C / C++ code against the Google style
[2.610s] -- Configured cpplint exclude dirs and/or files: 
[2.611s] -- Added test 'flake8' to check Python code syntax and style conventions
[2.612s] -- Added test 'lint_cmake' to check CMake code style
[2.613s] -- Added test 'pep257' to check Python code against some of the style conventions in PEP 257
[2.615s] -- Added test 'uncrustify' to check C / C++ code style
[2.615s] -- Configured uncrustify additional arguments: 
[2.616s] -- Added test 'xmllint' to check XML markup files
[2.622s] -- Configuring done
[2.626s] CMake Error at /opt/ros/foxy/share/ament_cmake_gtest/cmake/ament_add_gtest_executable.cmake:50 (add_executable):
[2.626s]   Cannot find source file:
[2.626s] 
[2.626s]     test/test_ttc_calculator.cpp
[2.627s] 
[2.627s]   Tried extensions .c .C .c++ .cc .cpp .cxx .cu .m .M .mm .h .hh .h++ .hm
[2.627s]   .hpp .hxx .in .txx
[2.627s] Call Stack (most recent call first):
[2.627s]   /opt/ros/foxy/share/ament_cmake_gtest/cmake/ament_add_gtest_executable.cmake:37 (_ament_add_gtest_executable)
[2.627s]   /opt/ros/foxy/share/ament_cmake_gtest/cmake/ament_add_gtest.cmake:68 (ament_add_gtest_executable)
[2.627s]   CMakeLists.txt:78 (ament_add_gtest)
[2.627s] 
[2.627s] 
[2.628s] CMake Error at /opt/ros/foxy/share/ament_cmake_gtest/cmake/ament_add_gtest_executable.cmake:50 (add_executable):
[2.628s]   No SOURCES given to target: test_ttc_calculator
[2.628s] Call Stack (most recent call first):
[2.628s]   /opt/ros/foxy/share/ament_cmake_gtest/cmake/ament_add_gtest_executable.cmake:37 (_ament_add_gtest_executable)
[2.628s]   /opt/ros/foxy/share/ament_cmake_gtest/cmake/ament_add_gtest.cmake:68 (ament_add_gtest_executable)
[2.628s]   CMakeLists.txt:78 (ament_add_gtest)
[2.628s] 
[2.628s] 
[2.628s] CMake Generate step failed.  Build files cannot be regenerated correctly.
[2.640s] Invoked command in '/home/jaime/Documents/GitHub/dev_jaime/myf1tenth_system/src/build/safety_pkg' returned '1': CMAKE_PREFIX_PATH=${CMAKE_PREFIX_PATH}:/opt/ros/foxy /usr/bin/cmake /home/jaime/Documents/GitHub/dev_jaime/myf1tenth_system/src/safety_pkg -DCMAKE_INSTALL_PREFIX=/home/jaime/Documents/GitHub/dev_jaime/myf1tenth_system/src/install/safety_pkg
