[0.257s] Invoking command in '/home/jaime/Documents/GitHub/dev_jaime/myf1tenth_system/src/build/manual_control': CMAKE_PREFIX_PATH=${CMAKE_PREFIX_PATH}:/opt/ros/foxy /usr/bin/cmake --build /home/jaime/Documents/GitHub/dev_jaime/myf1tenth_system/src/build/manual_control -- -j8 -l8
[0.333s] [100%] Built target manual_control_node
[0.350s] Invoked command in '/home/jaime/Documents/GitHub/dev_jaime/myf1tenth_system/src/build/manual_control' returned '0': CMAKE_PREFIX_PATH=${CMAKE_PREFIX_PATH}:/opt/ros/foxy /usr/bin/cmake --build /home/jaime/Documents/GitHub/dev_jaime/myf1tenth_system/src/build/manual_control -- -j8 -l8
[0.365s] Invoking command in '/home/jaime/Documents/GitHub/dev_jaime/myf1tenth_system/src/build/manual_control': CMAKE_PREFIX_PATH=${CMAKE_PREFIX_PATH}:/opt/ros/foxy /usr/bin/cmake --install /home/jaime/Documents/GitHub/dev_jaime/myf1tenth_system/src/build/manual_control
[0.377s] -- Install configuration: ""
[0.378s] -- Up-to-date: /home/jaime/Documents/GitHub/dev_jaime/myf1tenth_system/src/install/manual_control/lib/manual_control/manual_control_node
[0.378s] -- Up-to-date: /home/jaime/Documents/GitHub/dev_jaime/myf1tenth_system/src/install/manual_control/share/manual_control//params
[0.378s] -- Up-to-date: /home/jaime/Documents/GitHub/dev_jaime/myf1tenth_system/src/install/manual_control/share/manual_control//params/manual_control_node_params.yaml
[0.378s] -- Up-to-date: /home/jaime/Documents/GitHub/dev_jaime/myf1tenth_system/src/install/manual_control/share/ament_index/resource_index/package_run_dependencies/manual_control
[0.378s] -- Up-to-date: /home/jaime/Documents/GitHub/dev_jaime/myf1tenth_system/src/install/manual_control/share/ament_index/resource_index/parent_prefix_path/manual_control
[0.379s] -- Up-to-date: /home/jaime/Documents/GitHub/dev_jaime/myf1tenth_system/src/install/manual_control/share/manual_control/environment/ament_prefix_path.sh
[0.379s] -- Up-to-date: /home/jaime/Documents/GitHub/dev_jaime/myf1tenth_system/src/install/manual_control/share/manual_control/environment/ament_prefix_path.dsv
[0.379s] -- Up-to-date: /home/jaime/Documents/GitHub/dev_jaime/myf1tenth_system/src/install/manual_control/share/manual_control/environment/path.sh
[0.379s] -- Up-to-date: /home/jaime/Documents/GitHub/dev_jaime/myf1tenth_system/src/install/manual_control/share/manual_control/environment/path.dsv
[0.379s] -- Up-to-date: /home/jaime/Documents/GitHub/dev_jaime/myf1tenth_system/src/install/manual_control/share/manual_control/local_setup.bash
[0.380s] -- Up-to-date: /home/jaime/Documents/GitHub/dev_jaime/myf1tenth_system/src/install/manual_control/share/manual_control/local_setup.sh
[0.380s] -- Up-to-date: /home/jaime/Documents/GitHub/dev_jaime/myf1tenth_system/src/install/manual_control/share/manual_control/local_setup.zsh
[0.380s] -- Up-to-date: /home/jaime/Documents/GitHub/dev_jaime/myf1tenth_system/src/install/manual_control/share/manual_control/local_setup.dsv
[0.380s] -- Installing: /home/jaime/Documents/GitHub/dev_jaime/myf1tenth_system/src/install/manual_control/share/manual_control/package.dsv
[0.380s] -- Up-to-date: /home/jaime/Documents/GitHub/dev_jaime/myf1tenth_system/src/install/manual_control/share/ament_index/resource_index/packages/manual_control
[0.380s] -- Up-to-date: /home/jaime/Documents/GitHub/dev_jaime/myf1tenth_system/src/install/manual_control/share/manual_control/cmake/manual_controlConfig.cmake
[0.381s] -- Up-to-date: /home/jaime/Documents/GitHub/dev_jaime/myf1tenth_system/src/install/manual_control/share/manual_control/cmake/manual_controlConfig-version.cmake
[0.382s] -- Up-to-date: /home/jaime/Documents/GitHub/dev_jaime/myf1tenth_system/src/install/manual_control/share/manual_control/package.xml
[0.382s] Invoked command in '/home/jaime/Documents/GitHub/dev_jaime/myf1tenth_system/src/build/manual_control' returned '0': CMAKE_PREFIX_PATH=${CMAKE_PREFIX_PATH}:/opt/ros/foxy /usr/bin/cmake --install /home/jaime/Documents/GitHub/dev_jaime/myf1tenth_system/src/build/manual_control
