[0.933s] Invoking command in '/home/jaime/Documents/GitHub/dev_jaime/myf1tenth_system/src/f1tenth_stack': PYTHONPATH=/home/jaime/Documents/GitHub/dev_jaime/myf1tenth_system/src/build/f1tenth_stack/prefix_override:/usr/lib/python3/dist-packages/colcon_core/task/python/colcon_distutils_commands:/home/jaime/Documents/GitHub/dev_jaime/myf1tenth_system/src/install/f1tenth_stack/lib/python3.8/site-packages:${PYTHONPATH} /usr/bin/python3 -W ignore:setup.py install is deprecated -W ignore:easy_install command is deprecated setup.py egg_info --egg-base ../build/f1tenth_stack build --build-base /home/jaime/Documents/GitHub/dev_jaime/myf1tenth_system/src/build/f1tenth_stack/build install --record /home/jaime/Documents/GitHub/dev_jaime/myf1tenth_system/src/build/f1tenth_stack/install.log --install-scripts $base/lib/f1tenth_stack --single-version-externally-managed install_data
[1.270s] running egg_info
[1.270s] creating ../build/f1tenth_stack/f1tenth_stack.egg-info
[1.271s] writing ../build/f1tenth_stack/f1tenth_stack.egg-info/PKG-INFO
[1.271s] writing dependency_links to ../build/f1tenth_stack/f1tenth_stack.egg-info/dependency_links.txt
[1.271s] writing entry points to ../build/f1tenth_stack/f1tenth_stack.egg-info/entry_points.txt
[1.272s] writing requirements to ../build/f1tenth_stack/f1tenth_stack.egg-info/requires.txt
[1.272s] writing top-level names to ../build/f1tenth_stack/f1tenth_stack.egg-info/top_level.txt
[1.273s] writing manifest file '../build/f1tenth_stack/f1tenth_stack.egg-info/SOURCES.txt'
[1.326s] reading manifest file '../build/f1tenth_stack/f1tenth_stack.egg-info/SOURCES.txt'
[1.327s] writing manifest file '../build/f1tenth_stack/f1tenth_stack.egg-info/SOURCES.txt'
[1.327s] running build
[1.327s] running build_py
[1.327s] creating /home/jaime/Documents/GitHub/dev_jaime/myf1tenth_system/src/build/f1tenth_stack/build
[1.327s] creating /home/jaime/Documents/GitHub/dev_jaime/myf1tenth_system/src/build/f1tenth_stack/build/lib
[1.328s] creating /home/jaime/Documents/GitHub/dev_jaime/myf1tenth_system/src/build/f1tenth_stack/build/lib/f1tenth_stack
[1.328s] copying f1tenth_stack/tf_publisher.py -> /home/jaime/Documents/GitHub/dev_jaime/myf1tenth_system/src/build/f1tenth_stack/build/lib/f1tenth_stack
[1.328s] copying f1tenth_stack/throttle_interpolator.py -> /home/jaime/Documents/GitHub/dev_jaime/myf1tenth_system/src/build/f1tenth_stack/build/lib/f1tenth_stack
[1.329s] copying f1tenth_stack/__init__.py -> /home/jaime/Documents/GitHub/dev_jaime/myf1tenth_system/src/build/f1tenth_stack/build/lib/f1tenth_stack
[1.329s] running install
[1.331s] running install_lib
[1.332s] creating /home/jaime/Documents/GitHub/dev_jaime/myf1tenth_system/src/install/f1tenth_stack/lib/python3.8/site-packages/f1tenth_stack
[1.332s] copying /home/jaime/Documents/GitHub/dev_jaime/myf1tenth_system/src/build/f1tenth_stack/build/lib/f1tenth_stack/tf_publisher.py -> /home/jaime/Documents/GitHub/dev_jaime/myf1tenth_system/src/install/f1tenth_stack/lib/python3.8/site-packages/f1tenth_stack
[1.332s] copying /home/jaime/Documents/GitHub/dev_jaime/myf1tenth_system/src/build/f1tenth_stack/build/lib/f1tenth_stack/throttle_interpolator.py -> /home/jaime/Documents/GitHub/dev_jaime/myf1tenth_system/src/install/f1tenth_stack/lib/python3.8/site-packages/f1tenth_stack
[1.332s] copying /home/jaime/Documents/GitHub/dev_jaime/myf1tenth_system/src/build/f1tenth_stack/build/lib/f1tenth_stack/__init__.py -> /home/jaime/Documents/GitHub/dev_jaime/myf1tenth_system/src/install/f1tenth_stack/lib/python3.8/site-packages/f1tenth_stack
[1.333s] byte-compiling /home/jaime/Documents/GitHub/dev_jaime/myf1tenth_system/src/install/f1tenth_stack/lib/python3.8/site-packages/f1tenth_stack/tf_publisher.py to tf_publisher.cpython-38.pyc
[1.335s] byte-compiling /home/jaime/Documents/GitHub/dev_jaime/myf1tenth_system/src/install/f1tenth_stack/lib/python3.8/site-packages/f1tenth_stack/throttle_interpolator.py to throttle_interpolator.cpython-38.pyc
[1.336s] byte-compiling /home/jaime/Documents/GitHub/dev_jaime/myf1tenth_system/src/install/f1tenth_stack/lib/python3.8/site-packages/f1tenth_stack/__init__.py to __init__.cpython-38.pyc
[1.336s] running install_data
[1.336s] creating /home/jaime/Documents/GitHub/dev_jaime/myf1tenth_system/src/install/f1tenth_stack/share/ament_index
[1.337s] creating /home/jaime/Documents/GitHub/dev_jaime/myf1tenth_system/src/install/f1tenth_stack/share/ament_index/resource_index
[1.337s] creating /home/jaime/Documents/GitHub/dev_jaime/myf1tenth_system/src/install/f1tenth_stack/share/ament_index/resource_index/packages
[1.337s] copying resource/f1tenth_stack -> /home/jaime/Documents/GitHub/dev_jaime/myf1tenth_system/src/install/f1tenth_stack/share/ament_index/resource_index/packages
[1.337s] copying package.xml -> /home/jaime/Documents/GitHub/dev_jaime/myf1tenth_system/src/install/f1tenth_stack/share/f1tenth_stack
[1.337s] creating /home/jaime/Documents/GitHub/dev_jaime/myf1tenth_system/src/install/f1tenth_stack/share/f1tenth_stack/launch
[1.337s] copying launch/bringup_launch.py -> /home/jaime/Documents/GitHub/dev_jaime/myf1tenth_system/src/install/f1tenth_stack/share/f1tenth_stack/launch
[1.337s] creating /home/jaime/Documents/GitHub/dev_jaime/myf1tenth_system/src/install/f1tenth_stack/share/f1tenth_stack/config
[1.338s] copying config/sensors.yaml -> /home/jaime/Documents/GitHub/dev_jaime/myf1tenth_system/src/install/f1tenth_stack/share/f1tenth_stack/config
[1.338s] copying config/vesc.yaml -> /home/jaime/Documents/GitHub/dev_jaime/myf1tenth_system/src/install/f1tenth_stack/share/f1tenth_stack/config
[1.338s] copying config/manual_control.yaml -> /home/jaime/Documents/GitHub/dev_jaime/myf1tenth_system/src/install/f1tenth_stack/share/f1tenth_stack/config
[1.339s] running install_egg_info
[1.342s] Copying ../build/f1tenth_stack/f1tenth_stack.egg-info to /home/jaime/Documents/GitHub/dev_jaime/myf1tenth_system/src/install/f1tenth_stack/lib/python3.8/site-packages/f1tenth_stack-0.0.1-py3.8.egg-info
[1.344s] running install_scripts
[1.372s] Installing tf_publisher script to /home/jaime/Documents/GitHub/dev_jaime/myf1tenth_system/src/install/f1tenth_stack/lib/f1tenth_stack
[1.372s] Installing throttle_interpolator script to /home/jaime/Documents/GitHub/dev_jaime/myf1tenth_system/src/install/f1tenth_stack/lib/f1tenth_stack
[1.373s] writing list of installed files to '/home/jaime/Documents/GitHub/dev_jaime/myf1tenth_system/src/build/f1tenth_stack/install.log'
[1.405s] Invoked command in '/home/jaime/Documents/GitHub/dev_jaime/myf1tenth_system/src/f1tenth_stack' returned '0': PYTHONPATH=/home/jaime/Documents/GitHub/dev_jaime/myf1tenth_system/src/build/f1tenth_stack/prefix_override:/usr/lib/python3/dist-packages/colcon_core/task/python/colcon_distutils_commands:/home/jaime/Documents/GitHub/dev_jaime/myf1tenth_system/src/install/f1tenth_stack/lib/python3.8/site-packages:${PYTHONPATH} /usr/bin/python3 -W ignore:setup.py install is deprecated -W ignore:easy_install command is deprecated setup.py egg_info --egg-base ../build/f1tenth_stack build --build-base /home/jaime/Documents/GitHub/dev_jaime/myf1tenth_system/src/build/f1tenth_stack/build install --record /home/jaime/Documents/GitHub/dev_jaime/myf1tenth_system/src/build/f1tenth_stack/install.log --install-scripts $base/lib/f1tenth_stack --single-version-externally-managed install_data
