[0.261s] Invoking command in '/home/jaime/Documents/GitHub/dev_jaime/myf1tenth_system/src/build/safety_pkg': CMAKE_PREFIX_PATH=${CMAKE_PREFIX_PATH}:/opt/ros/foxy /usr/bin/cmake /home/jaime/Documents/GitHub/dev_jaime/myf1tenth_system/src/safety_pkg -DCMAKE_INSTALL_PREFIX=/home/jaime/Documents/GitHub/dev_jaime/myf1tenth_system/src/install/safety_pkg
[0.278s] -- Found ament_cmake: 0.9.12 (/opt/ros/foxy/share/ament_cmake/cmake)
[0.306s] -- Using PYTHON_EXECUTABLE: /usr/bin/python3
[0.579s] -- Found rclcpp: 2.4.3 (/opt/ros/foxy/share/rclcpp/cmake)
[0.637s] -- Using all available rosidl_typesupport_c: rosidl_typesupport_fastrtps_c;rosidl_typesupport_introspection_c
[0.644s] -- Found rosidl_adapter: 1.3.1 (/opt/ros/foxy/share/rosidl_adapter/cmake)
[0.809s] -- Using all available rosidl_typesupport_cpp: rosidl_typesupport_fastrtps_cpp;rosidl_typesupport_introspection_cpp
[0.879s] -- Found rmw_implementation_cmake: 1.0.4 (/opt/ros/foxy/share/rmw_implementation_cmake/cmake)
[0.881s] -- Using RMW implementation 'rmw_fastrtps_cpp' as default
[1.106s] -- Found sensor_msgs: 2.0.5 (/opt/ros/foxy/share/sensor_msgs/cmake)
[1.266s] -- Found nav_msgs: 2.0.5 (/opt/ros/foxy/share/nav_msgs/cmake)
[1.355s] -- Found ackermann_msgs: 2.0.2 (/opt/ros/foxy/share/ackermann_msgs/cmake)
[1.396s] -- Found ament_cmake_gtest: 0.9.12 (/opt/ros/foxy/share/ament_cmake_gtest/cmake)
[1.397s] -- Found gtest sources under '/opt/ros/foxy/src/gtest_vendor': C++ tests using 'Google Test' will be built
[1.401s] -- Found ament_lint_auto: 0.9.8 (/opt/ros/foxy/share/ament_lint_auto/cmake)
[1.468s] -- Added test 'copyright' to check source files copyright and LICENSE
[1.469s] -- Added test 'cppcheck' to perform static code analysis on C / C++ code
[1.470s] -- Configured cppcheck include dirs: /home/jaime/Documents/GitHub/dev_jaime/myf1tenth_system/src/safety_pkg/include
[1.470s] -- Configured cppcheck exclude dirs and/or files: 
[1.471s] -- Added test 'cpplint' to check C / C++ code against the Google style
[1.471s] -- Configured cpplint exclude dirs and/or files: 
[1.471s] -- Added test 'flake8' to check Python code syntax and style conventions
[1.472s] -- Added test 'lint_cmake' to check CMake code style
[1.472s] -- Added test 'pep257' to check Python code against some of the style conventions in PEP 257
[1.473s] -- Added test 'uncrustify' to check C / C++ code style
[1.473s] -- Configured uncrustify additional arguments: 
[1.473s] -- Added test 'xmllint' to check XML markup files
[1.476s] -- Configuring done
[1.478s] CMake Error at /opt/ros/foxy/share/ament_cmake_gtest/cmake/ament_add_gtest_executable.cmake:50 (add_executable):
[1.478s]   Cannot find source file:
[1.479s] 
[1.479s]     test/test_ttc_calculator.cpp
[1.479s] 
[1.479s]   Tried extensions .c .C .c++ .cc .cpp .cxx .cu .m .M .mm .h .hh .h++ .hm
[1.479s]   .hpp .hxx .in .txx
[1.479s] Call Stack (most recent call first):
[1.479s]   /opt/ros/foxy/share/ament_cmake_gtest/cmake/ament_add_gtest_executable.cmake:37 (_ament_add_gtest_executable)
[1.479s]   /opt/ros/foxy/share/ament_cmake_gtest/cmake/ament_add_gtest.cmake:68 (ament_add_gtest_executable)
[1.479s]   CMakeLists.txt:78 (ament_add_gtest)
[1.479s] 
[1.479s] 
[1.479s] CMake Error at /opt/ros/foxy/share/ament_cmake_gtest/cmake/ament_add_gtest_executable.cmake:50 (add_executable):
[1.479s]   No SOURCES given to target: test_ttc_calculator
[1.479s] Call Stack (most recent call first):
[1.480s]   /opt/ros/foxy/share/ament_cmake_gtest/cmake/ament_add_gtest_executable.cmake:37 (_ament_add_gtest_executable)
[1.480s]   /opt/ros/foxy/share/ament_cmake_gtest/cmake/ament_add_gtest.cmake:68 (ament_add_gtest_executable)
[1.480s]   CMakeLists.txt:78 (ament_add_gtest)
[1.480s] 
[1.480s] 
[1.480s] CMake Generate step failed.  Build files cannot be regenerated correctly.
[1.485s] Invoked command in '/home/jaime/Documents/GitHub/dev_jaime/myf1tenth_system/src/build/safety_pkg' returned '1': CMAKE_PREFIX_PATH=${CMAKE_PREFIX_PATH}:/opt/ros/foxy /usr/bin/cmake /home/jaime/Documents/GitHub/dev_jaime/myf1tenth_system/src/safety_pkg -DCMAKE_INSTALL_PREFIX=/home/jaime/Documents/GitHub/dev_jaime/myf1tenth_system/src/install/safety_pkg
